320.575821735808 859.4469071737354 42.0 41
165.49748302172384 223.9999946407818 8.0 7
865.6540469137168 403.0949827898345 50.0 49
147.91916303760232 151.9149619706157 64.0 63
222.81824229981427 354.1595069545239 81.0 80
635.7004520209205 539.5079385541753 77.0 76
735.6136841500552 155.9291218588229 7.0 6
919.6311836956709 187.56437984451557 25.0 24
789.1724431173699 708.0051555310407 18.0 17
700.2836539372977 891.7574855377453 60.0 59
170.77501553014608 864.9159289419674 38.0 37
460.605993147565 398.117265862449 4.0 3
332.42104861533926 490.2920907368964 46.0 45
537.4138561013752 755.8904190535434 74.0 73
653.6331236562388 39.273924280940676 38.0 37
12.536934439867586 304.3178304199743 2.0 1
813.7842820245677 856.9963007115354 47.0 46
503.0241963531501 488.5283317171004 50.0 49
698.642753219887 414.23224539112005 30.0 29
668.0974766928039 356.27497068949054 24.0 23
426.1500659046069 860.367925537709 60.0 59
960.6947602926003 827.93774511133 33.0 32
426.95219035165456 659.7505741644841 50.0 49
851.2156263782178 553.677513817588 86.0 85
456.64458675915085 550.5460030452865 2.0 1
539.1389001476285 170.83063148292965 80.0 79
526.4176679325632 313.8376553471139 63.0 62
814.1343739865841 95.90703585992199 38.0 37
270.08591566248765 814.0686869170371 20.0 19
335.4363331300199 730.964189380372 7.0 6
639.9924473816532 738.3301991938712 16.0 15
225.06090820121162 731.5654921649104 49.0 48
488.56418497608536 67.53641104815355 24.0 23
142.5335543861793 956.1446275739705 40.0 39
135.21581680923046 63.251184793471246 19.0 18
884.4699065813014 974.251456810131 10.0 9
162.92801619116182 785.0739330793896 23.0 22
735.1406498730134 455.4966159405387 21.0 20
472.9087319247481 948.0077750442573 15.0 14
374.81285066168135 208.27947411512082 48.0 47
123.62172633633261 465.72601902520427 19.0 18
681.5857121907773 224.95934698141463 55.0 54
46.39082084419199 453.559119479758 30.0 29
117.58460104458668 881.7533878763963 11.0 10
255.55686251431197 595.8980859431432 4.0 3
212.7409289785257 648.6709058191775 1.0 0
755.2601309221689 362.8745829894817 7.0 6
754.460614890075 800.907738089233 7.0 6
853.2696725113658 230.0757914662751 52.0 51
94.44832497002753 617.6781163421285 43.0 42
968.7745667982194 262.30124179826953 31.0 30
584.528037372567 814.9430440048441 1.0 0
934.8747995339471 647.3853161603898 25.0 24
189.4282567671668 44.738680237581654 25.0 24
46.07007038315181 769.0346248674 34.0 33
146.1013921950286 20.042587681116665 7.0 6
841.5034617280081 957.8458995855419 34.0 33
729.4402702717562 70.8375062244001 36.0 35
546.41953425732 584.6045843011109 5.0 4
824.6885151301786 775.0199285594309 34.0 33
61.67278117722164 291.4149690304536 36.0 35
689.2718386455856 639.3440239573267 14.0 13
396.9571623030975 978.9513590331197 1.0 0
90.06019311999547 521.8087236453333 35.0 34
387.12891166035246 283.13850702407603 5.0 4
424.65156067229714 130.26792520399843 27.0 26
154.09089092716877 40.09357117428625 7.0 6
565.5794514250731 399.9062027877072 23.0 22
53.388514842464204 163.7050196029528 17.0 16
223.28034188631307 112.7026501394991 15.0 14
378.4212353214745 920.5590279826786 13.0 12
352.3419203450734 47.73139093654277 19.0 18
551.5784886280247 32.68139468214737 31.0 30
603.5834106832655 854.0810024452878 21.0 20
876.8775187129662 151.4656528642413 28.0 27
276.0936712614095 544.8412285717761 21.0 20
908.113535159003 958.5756772812903 11.0 10
19.801301670480886 706.3249159491021 12.0 11
143.40685849990908 522.4535385424257 9.0 8
173.6818623032934 633.3548713045545 2.0 1
620.1115659235758 639.7554084665846 15.0 14
895.3179044524258 734.9834732414881 47.0 46
47.77818419534707 925.9135733782595 16.0 15
59.182902157356445 810.9153726383313 7.0 6
968.8097272977583 309.53681409975974 1.0 0
300.6420744503613 440.0520106952658 9.0 8
631.0316452474319 174.19039595351427 2.0 1
362.3303022614175 354.12670162864356 19.0 18
322.39889929932156 86.96121641514209 14.0 13
763.6046918686586 923.174388830164 2.0 1
659.1531082607014 834.9929468899066 1.0 0
694.7025742134355 95.58901825559552 2.0 1
46.806491293687415 138.68083672201902 2.0 1
196.17654924911844 555.5818050222355 17.0 16
358.99763713778196 596.9987534466459 26.0 25
710.8779168955446 355.6027903349607 18.0 17
246.45750422369971 632.0326172718463 27.0 26
989.2678228585014 622.7200602024615 2.0 1
76.51464671049347 849.4032230519848 28.0 27
947.3881463492481 723.2928855971678 6.0 5
869.7374883721485 895.7843802912984 19.0 18
12.78080543007265 217.39142578752669 4.0 3
195.55067112501058 492.3018899596244 8.0 7
234.33468841379445 212.08352172390542 39.0 38
244.55411543590867 38.37463583952228 10.0 9
526.377130581653 897.4253078211808 1.0 0
159.1979069079581 432.1917217389447 13.0 12
735.5553147559134 634.2304392890096 19.0 18
398.062906090798 385.45399797538226 9.0 8
255.38798059498924 941.6150590402225 26.0 25
145.88362968607592 655.5055173706224 16.0 15
222.14718653942955 935.8303405571354 5.0 4
801.8153372755827 15.471230992713082 11.0 10
241.54247712522925 872.629517237595 3.0 2
563.6993763243997 656.3162320589505 5.0 4
961.5472706705953 358.8673631338247 5.0 4
318.35613756316184 683.8795028542706 13.0 12
53.838029906367105 92.00447766178577 3.0 2
776.1469749177597 180.0025959403012 27.0 26
104.82126964456451 703.2255295673879 5.0 4
409.99937990604275 32.81283739677654 29.0 28
222.75536901607285 672.9682194774161 1.0 0
933.6009700690623 797.5140730790807 5.0 4
616.0197394795011 247.14732591344247 11.0 10
18.92616905735045 266.5011589979016 9.0 8
907.5562254000645 364.22490802837603 3.0 2
888.1499525112328 822.2353870629645 6.0 5
408.5723502872909 336.75583891806724 20.0 19
296.0440956051301 141.22451906026635 32.0 31
903.9997997619633 460.68133377518194 17.0 16
228.66276587831115 158.6241215427826 6.0 5
449.02414942366084 192.21483078925928 8.0 7
746.4127544649555 771.1039712741585 17.0 16
364.0314680580917 427.37023623473726 23.0 22
144.49279739717846 709.9354894786073 13.0 12
21.98162720205388 994.3340634959976 5.0 4
895.6387860543767 308.4774069410797 12.0 11
597.654081290557 627.3091508368498 7.0 6
28.681075372721576 630.6092410533596 21.0 20
969.2110837942181 586.7047722426923 7.0 6
357.0076592897972 310.98855944323844 7.0 6
41.35557415616697 604.5373034166754 7.0 6
750.7607448701102 949.0597572531524 10.0 9
104.09145742572579 977.2792885979798 1.0 0
613.8756953946618 96.63876083375855 13.0 12
221.16474150054978 795.4778747148949 13.0 12
39.62637180999684 509.85449945330396 6.0 5
50.33802573457247 898.7580356947418 8.0 7
682.9823183438007 749.479643903377 9.0 8
975.2665893694407 676.198057361934 17.0 16
31.87339443460524 879.8933249527589 7.0 6
954.4696333997894 148.72318092208914 1.0 0
305.59557341374443 379.23598900580515 1.0 0
117.22418755268438 772.4295273580265 6.0 5
503.9299675361698 648.6230268151631 7.0 6
231.40994505607526 510.72449142899467 11.0 10
207.83950767381342 462.1829865021213 14.0 13
115.63973987551668 411.1379347226359 29.0 28
908.0162129079674 888.8659491328652 16.0 15
716.451410587807 789.1325005212866 4.0 3
863.5303736198753 290.42272063479624 2.0 1
597.1582543831278 61.91869899170066 17.0 16
526.7458319119235 71.74740744809438 8.0 7
317.6051325022835 572.5404862287618 22.0 21
602.9774771024835 679.9559963859049 6.0 5
871.3473946086559 840.1696565189435 6.0 5
242.91037989180842 89.71959138291929 12.0 11
236.53592887957288 982.5507059949256 5.0 4
203.91345017067707 670.9912667951038 10.0 9
861.1822019770271 657.9537966803063 9.0 8
979.63014986497 735.7016663994995 18.0 17
689.7800196493008 670.2765466284126 8.0 7
184.70290213166217 258.9320209285905 15.0 14
309.8526865636303 774.8482817471195 15.0 14
515.4251800467629 635.9615557446808 5.0 4
541.703039735681 839.6516853514073 4.0 3
512.2156466448496 590.3185534513984 10.0 9
219.2742800308176 851.04815335289 4.0 3
122.15240377475389 36.724097967107625 4.0 3
290.03547176446176 8.391492498093566 5.0 4
384.9709152922206 475.5562780609247 7.0 6
231.83793485596183 555.0751966989409 3.0 2
473.7414219871977 403.03572824523746 8.0 7
119.79653643910592 731.4546400471471 3.0 2
783.1613610892814 303.9627555069655 4.0 3
281.0215414773105 579.6271413797691 4.0 3
164.59793984078198 673.7898379236615 3.0 2
434.72273772966076 86.59052669356471 3.0 2
568.4212670845372 935.3675544596332 47.0 46
106.59846519708105 860.893425159054 3.0 2
696.2417176159295 700.9151688351193 23.0 22
617.0706093245623 334.5883023725109 4.0 3
277.931166040442 22.845984574921374 9.0 8
450.3290528725875 266.90814617389026 17.0 16
305.70548364289 277.3505232385586 20.0 19
653.8423613512756 146.99389760208138 7.0 6
105.80970255977451 331.54920226032726 12.0 11
668.5822038005092 975.0724440474247 5.0 4
225.24050235181303 30.31841195661922 10.0 9
137.41800499195088 295.86390722551937 9.0 8
971.7521767070691 379.28492789456425 5.0 4
179.6508546635709 603.5778814551046 17.0 16
24.747559442329646 544.0058457177665 9.0 8
74.27523349978371 349.3968617729648 17.0 16
770.7399787821271 820.5275041591215 3.0 2
740.4675386121445 991.3945887784066 7.0 6
260.4152442686213 579.3580658243685 6.0 5
983.4413120342977 409.5028064874042 12.0 11
286.9267957332264 699.4644140886229 3.0 2
738.0459155171478 116.25463359096611 5.0 4
104.74875754003953 366.28556881999765 6.0 5
771.9355612415607 472.2261894815314 10.0 9
436.0918896391905 543.224163795436 1.0 0
190.1829611121154 795.1295096959125 1.0 0
779.9162337938833 986.6503295120438 12.0 11
964.4209327871632 44.317894300953675 13.0 12
959.0044922774722 760.2474763192828 4.0 3
296.9614837750403 983.9991180287291 13.0 12
403.4793340233369 972.2441672969936 1.0 0
931.5913750152524 492.9073613931583 13.0 12
403.1715858274217 448.0629279266649 14.0 13
779.1924223541849 37.34789221802481 1.0 0
615.7997547449546 426.8979084967649 21.0 20
351.1568971418657 787.9131181505962 18.0 17
905.1624978104611 9.029438886283604 2.0 1
96.63474762148472 218.64846373388602 20.0 19
614.4825803145415 833.5670895532364 1.0 0
446.70840433310934 582.5629411906014 22.0 21
511.97852343860797 556.2170328146542 4.0 3
126.80067921974391 838.1614545558621 4.0 3
559.5977268247321 470.4592737191644 8.0 7
425.58133568810865 769.7511458727859 5.0 4
104.70606061769605 96.17374712618165 2.0 1
218.42900581217663 583.3481738401299 17.0 16
393.136545925308 551.2844956189374 7.0 6
81.316078912947 938.2180955448954 5.0 4
642.9303670046942 79.54377495055876 2.0 1
982.7735108092162 439.3627491890013 15.0 14
28.00052394530761 123.75165494493734 20.0 19
419.28484758333894 448.8468024079596 1.0 0
568.4053430625422 439.59391421131136 10.0 9
107.37117722618494 869.9828892382465 3.0 2
443.57630244101233 504.3617847010786 10.0 9
765.6168634664372 403.4708772388629 4.0 3
567.9695656950686 639.1949810785488 1.0 0
740.6310013509589 141.8925148746284 5.0 4
440.16976300958186 736.6644988741677 22.0 21
647.722534950692 93.86531488103111 12.0 11
892.8925653070023 40.68134561469095 25.0 24
490.0108762353105 625.0892127799608 9.0 8
364.5068977415443 646.9926452366325 8.0 7
788.7269664060412 927.0432307251841 9.0 8
381.25591452183494 264.96550525947237 7.0 6
394.7024167162543 263.32607305022447 6.0 5
975.1342674719211 95.2844562200167 12.0 11
102.79373630322675 827.6864970101368 4.0 3
568.7192166604855 863.4565736005623 13.0 12
866.8398441725908 73.80387434774127 16.0 15
528.7466289653548 884.9022763987418 11.0 10
378.0225951598023 119.86353643066904 2.0 1
697.3108555383656 468.62041866835614 6.0 5
749.8996330160737 130.40327111823103 9.0 8
943.265121688944 509.98129178888394 7.0 6
325.8873522208655 921.1690393922938 4.0 3
211.11688386671634 89.19183647760454 4.0 3
253.49278579985034 117.25498195869932 14.0 13
409.5964082302748 417.4403880488303 12.0 11
276.20435051013703 671.1045050353652 9.0 8
712.6249770576143 751.0392162189794 10.0 9
935.3324866039658 332.6322631119991 24.0 23
714.4710114996832 991.6220575282932 3.0 2
634.918007768627 301.8480803101816 24.0 23
749.6759138400887 419.2527268045706 7.0 6
631.3430644937029 830.9969183974071 11.0 10
742.4559774170992 687.5301394946466 20.0 19
303.3706048328597 199.8560727239439 2.0 1
313.52964070298736 922.7229155397548 7.0 6
507.43448600916673 44.028643224393484 3.0 2
769.1785767815387 646.204668747381 15.0 14
94.54280370667145 372.00104477090156 4.0 3
405.28331589788746 521.2719332531788 25.0 24
435.06593300784357 972.7333749937717 17.0 16
62.86002897007814 238.69881211011946 8.0 7
80.03633209376903 36.980157225435796 21.0 20
426.0997224631672 300.8117964359601 5.0 4
653.0091406801998 418.10023792142357 14.0 13
63.46807631163376 685.8499728537045 10.0 9
176.1577641033425 464.9405007727588 1.0 0
251.47906367034633 161.74391319688908 12.0 11
80.60627708473488 176.77535830632863 6.0 5
714.328875796069 319.802325117964 10.0 9
727.7502183949682 552.6286025427945 5.0 4
34.46933201333613 227.3878874556109 15.0 14
611.0855477063133 226.3456941962666 3.0 2
314.2289880967641 711.5132397209427 3.0 2
148.9336837784827 251.92818513120363 15.0 14
243.38922449326617 10.146202175589591 9.0 8
934.8728410121585 152.32214448809256 6.0 5
318.42864986145315 714.7698386360199 1.0 0
976.8471027726025 459.71728112579956 5.0 4
346.94255415540397 295.3866877346053 10.0 9
727.3540076874444 17.854332427638674 17.0 16
626.1508417548051 937.7222843682345 5.0 4
764.749351563035 901.2843056120644 1.0 0
729.6860302151075 571.7001485836674 12.0 11
240.00961348190876 263.3302461455197 2.0 1
502.33382787912285 609.3322472434215 8.0 7
479.39259026790705 642.5744746894918 4.0 3
741.328251030077 315.2252449845449 3.0 2
497.38364933399737 911.6977832552399 13.0 12
293.52578616787906 73.61906001163032 3.0 2
935.9579858148761 429.47347790382963 13.0 12
352.75723537648105 963.8990911700338 33.0 32
975.396749661017 608.9425957542265 4.0 3
958.2240444660439 969.1358933878441 26.0 25
302.7855589845321 213.9872498205787 5.0 4
764.8875547675932 775.2384882592718 1.0 0
829.4486289977959 326.53841597875675 24.0 23
276.19105896412424 204.21804231099694 3.0 2
41.36809818285647 851.3856248235625 2.0 1
787.935041739322 487.8790170131727 1.0 0
826.4548132582477 658.9552351611176 17.0 16
623.0719869375891 923.7593928252729 5.0 4
728.6375217358691 525.4449942301702 14.0 13
647.0441583597079 844.7780932008757 8.0 7
760.2788586204408 330.24750626865296 1.0 0
473.4548195738568 362.68279309944427 4.0 3
872.6577972193847 321.84406858413706 3.0 2
782.2037725775914 278.509259647965 19.0 18
434.76467661417416 233.33863983148805 14.0 13
277.20314691040835 59.55713584521083 2.0 1
579.682684491603 626.0055983555317 9.0 8
633.0687424914213 934.6874619385875 1.0 0
702.2424059930246 824.0151246082552 5.0 4
680.3937619784841 130.38875771495196 2.0 1
41.99090828574903 32.10358009731451 2.0 1
954.0242367847906 539.1234500180688 5.0 4
234.86180789041666 538.6788998328891 10.0 9
986.4736563127997 31.17394918900118 9.0 8
214.27864660143803 530.4665483423662 6.0 5
19.427500281099185 350.17716004446345 17.0 16
980.2523899093422 188.0410580362707 4.0 3
138.2616554022129 376.30827091416097 3.0 2
644.1820039665521 777.9792885022943 6.0 5
630.9124780541267 816.5309915416382 3.0 2
456.99591941557503 419.4088094808582 3.0 2
925.4020604458876 84.28556530392784 2.0 1
800.0325243499972 634.4122173646775 7.0 6
905.4500058982385 972.2770418105614 1.0 0
838.6921049182107 39.40281467712558 8.0 7
131.25724727386645 685.0290226223613 11.0 10
949.2477561552267 106.48928796408718 1.0 0
44.79578566413922 400.9783392742594 13.0 12
914.0096800845959 304.0141469347174 6.0 5
931.9194259140145 21.729626164977756 11.0 10
297.57090424081764 675.6556504405166 3.0 2
981.2988927322531 344.6637803042063 7.0 6
197.14946995039605 3.6236974263531563 1.0 0
34.45343864254746 981.4267987618695 11.0 10
115.618883708124 561.0778775724257 6.0 5
738.2848857199797 598.6275590577064 10.0 9
121.1243187299107 12.308571478051311 12.0 11
971.4818854666328 506.8440215516721 5.0 4
939.9734462153464 907.7529888088195 1.0 0
60.88430765571617 211.47377720457183 2.0 1
443.71046934226996 366.02418494007884 13.0 12
944.8567730074673 382.2871304937493 13.0 12
42.791335490774074 56.626141391891814 2.0 1
480.49123943125835 232.85216144755404 5.0 4
327.4128090058195 365.50840544176447 16.0 15
911.4253170846631 926.5348586510922 12.0 11
288.13747167583335 190.13194458853133 5.0 4
589.3954431538656 6.279042646337163 6.0 5
741.5433135085924 543.176649680119 1.0 0
122.4606104637872 816.4813285485235 11.0 10
787.9420613535909 397.52820394758135 16.0 15
762.2845926853612 436.37167902482435 1.0 0
942.2058703694295 472.3260950978656 6.0 5
879.4824927864423 678.1551017595698 5.0 4
279.89397179497524 601.414890629222 9.0 8
408.6904986773733 308.97429804099505 3.0 2
751.1690077804957 506.6760626860447 3.0 2
945.7838866072008 791.5338125577929 6.0 5
779.5629778791857 234.37830732954913 16.0 15
111.25523630937018 798.0270339766803 1.0 0
646.6356783753877 696.5338119097344 13.0 12
239.57118720261172 467.4984059143504 8.0 7
273.0244877047652 449.79516386423535 12.0 11
61.52895089685651 987.0128775361317 1.0 0
671.387588649351 90.31728697118169 9.0 8
382.29204873017267 563.6373804250004 5.0 4
251.9328202565768 676.1545329290974 3.0 2
71.17064592296218 110.46788631811432 2.0 1
956.1637609850212 710.6396147343784 8.0 7
661.0586582997506 780.4644180088451 10.0 9
9.450624151747578 4.186094723353073 4.0 3
905.1239474360515 96.81444945129469 2.0 1
471.9631022025771 571.3910727921154 2.0 1
540.9319360140316 658.7044464024256 12.0 11
178.15453292974604 236.37563574289987 1.0 0
426.73033928701886 428.05832338429894 7.0 6
397.4378982818273 735.4267173314562 5.0 4
212.9346065351375 618.2960891699302 3.0 2
767.5412045078532 485.2476970705557 3.0 2
406.65290242059524 572.1864685412927 9.0 8
78.2542798355681 794.1684113811212 2.0 1
294.6293360140323 920.6245146170469 2.0 1
149.7581722447301 290.0900838285021 3.0 2
411.13304741612853 755.0292814008895 10.0 9
666.2294286160013 663.336654898899 4.0 3
461.3438901501421 614.2244360566826 6.0 5
36.70134595603092 709.4915806611551 1.0 0
708.5493264093471 979.3465098603951 4.0 3
48.50608009268842 548.3228301055085 3.0 2
125.46376070047715 748.162709660979 10.0 9
978.1127341968363 124.44947513704396 6.0 5
118.03066705267307 907.9413977934857 7.0 6
272.4683211583736 784.6987531081784 6.0 5
780.1575053965689 483.13988692105545 3.0 2
742.3764137803662 832.3036819259407 1.0 0
184.7685134560435 681.937816624713 5.0 4
451.42776994256315 50.369188493740616 9.0 8
734.9441389312647 292.57006517439464 18.0 17
348.1000031011521 268.46345043033295 3.0 2
927.6530340010066 299.04690949991385 1.0 0
363.6551311617514 712.7446272959852 19.0 18
450.97920975198 241.37233252436596 1.0 0
499.60992620174807 841.8376418917576 11.0 10
351.26969269516763 130.35378828839106 13.0 12
266.16340661827473 253.77863287167668 6.0 5
920.3425935934296 119.57959283595466 24.0 23
907.9402944637964 980.0764267436282 1.0 0
251.47086505808792 271.65225442111716 1.0 0
346.2096713224443 744.6465030470099 3.0 2
286.6897778584322 722.9591086425502 5.0 4
61.95015832783535 718.6673963964053 12.0 11
535.6428141789467 86.50458181436349 2.0 1
717.8951568593862 492.61866661579535 3.0 2
745.9223791469234 709.4506657513666 2.0 1
977.2147032652833 156.22105631118055 6.0 5
961.9740426303001 615.9900032369336 7.0 6
996.5104203662719 203.09586850752305 1.0 0
971.5654163707414 536.5224458534001 12.0 11
918.6015654241614 28.895086142519123 2.0 1
118.03695373267831 255.3323909813352 15.0 14
772.490108571624 457.38195317128674 2.0 1
598.1306333569275 301.64455696605717 4.0 3
821.2820409384226 705.020025322981 2.0 1
80.12529914655042 900.4948844350115 4.0 3
327.2189112108107 45.773408809809844 6.0 5
196.10313060572403 519.3408324111388 14.0 13
86.4622602586118 932.2849835935795 1.0 0
142.79248909554366 316.5279348216191 5.0 4
907.3943691713715 68.62504793007129 6.0 5
708.9918998224663 484.9340793463202 4.0 3
195.23785532867112 790.6485751509241 4.0 3
137.7630866501084 499.4408514655865 14.0 13
882.0088333843947 653.6889731685154 3.0 2
167.37803596419732 27.25913844759431 3.0 2
103.85523908966098 77.5636149035822 12.0 11
71.12098604605865 974.4193693955907 2.0 1
10.401762575272922 324.23919599872477 5.0 4
449.40311134796696 447.85947872585785 16.0 15
976.1691630710466 773.2407681126617 12.0 11
971.1068816423598 633.760384768695 1.0 0
979.4681464046741 878.064863794251 17.0 16
203.32829737009405 823.7946248887787 1.0 0
514.2622941480007 9.623876058667879 7.0 6
302.0784383512334 178.14893527331677 4.0 3
37.319221245765036 688.1042502302416 13.0 12
340.33187194650606 148.62442833993217 3.0 2
626.1756649390803 705.5293043791596 3.0 2
608.1664178897606 817.1942595125993 10.0 9
895.2535954373013 77.0337572988362 2.0 1
428.3065256952685 388.9664593931966 14.0 13
584.2655284349628 365.7386289127221 4.0 3
328.3360182157845 652.570540226171 19.0 18
196.81872991534132 630.5345506446566 13.0 12
101.59172426740216 673.8046291677217 6.0 5
706.8286330664472 127.65808871095285 6.0 5
633.8143021136968 685.6518997772055 2.0 1
951.3918516449359 301.08374690114556 2.0 1
980.8714027401695 477.8312552757835 1.0 0
754.9279128182427 993.3277552808559 6.0 5
339.4339928561441 754.6359956534542 6.0 5
161.61460703233166 545.4634442761238 6.0 5
460.1083592865458 237.80550830077718 3.0 2
731.6674148380449 126.0517169455082 3.0 2
29.275030813008975 582.292986971497 5.0 4
855.344490595607 675.2138351004141 8.0 7
46.272351190432715 516.4992534430818 1.0 0
620.1205340027822 757.4660751329227 4.0 3
188.65748402865867 992.2593441624097 4.0 3
472.8521759151781 626.2524049427129 3.0 2
710.6316913642742 635.1089551238091 1.0 0
146.01014918544075 826.5043029994252 1.0 0
204.63317700114104 962.9788690816233 1.0 0
98.21961984325 963.2654521105961 2.0 1
26.19417244298039 720.883863379176 2.0 1
489.7752498934444 574.7226942826209 15.0 14
393.2669877277036 952.3737562011672 6.0 5
378.53705165461616 631.7795192616896 4.0 3
625.3079601925823 768.8944911104375 3.0 2
902.5393104643413 348.18197679920394 6.0 5
16.297241606437083 737.2739369894529 4.0 3
508.4952824094525 960.1948822974539 15.0 14
323.11500992060303 799.3429650051715 8.0 7
582.4530454534511 833.4290601434898 2.0 1
992.2625496997488 586.9113583152659 4.0 3
388.217629662174 591.7846991504222 3.0 2
132.49001571977902 548.9216148270532 3.0 2
362.87265919541625 396.67546705145253 2.0 1
764.8931137525108 736.3190229850308 12.0 11
987.8663322926335 47.19490172874063 7.0 6
480.95414865686234 975.5323011725427 11.0 10
45.40755630652649 888.2397069563696 1.0 0
247.5232039185976 53.19822854776246 1.0 0
211.25454908883202 128.6873316501288 1.0 0
44.45278208166148 204.86203492205425 9.0 8
958.3572638520703 916.0712861970217 2.0 1
143.15978165593702 573.2911542947601 13.0 12
863.0392938406644 111.22511806429813 5.0 4
795.6179215345603 350.37881466094854 1.0 0
779.3855070575687 445.45628681702465 11.0 10
641.8306106881266 914.45919141155 1.0 0
772.2012756170253 915.9964693771415 6.0 5
184.902925535685 809.270511972451 3.0 2
697.3690985743185 991.5375875085679 2.0 1
92.51817679553898 697.0515260604753 2.0 1
864.2922507223062 38.82352235284448 3.0 2
90.92151776117119 720.3460968707122 7.0 6
290.57347218791597 203.21441509433458 4.0 3
297.8981080732873 685.2095015440879 5.0 4
846.6141345325872 291.8671089696897 8.0 7
191.38164206321295 818.6021823879059 4.0 3
7.049053097438307 489.1122459956458 3.0 2
91.00595080086148 450.5343255262654 9.0 8
912.2253880463857 287.83490640033716 5.0 4
479.7572700831442 373.82675286476643 4.0 3
905.405793109179 817.4266711073751 4.0 3
265.0019896122062 522.261614518598 4.0 3
9.467689464413231 205.18314197803255 3.0 2
819.5858795146671 181.59049326741462 2.0 1
283.71727064170403 234.57981312461175 2.0 1
947.9224651347638 892.4215742741621 13.0 12
740.1370886377691 331.17449887278326 5.0 4
774.6007524339736 358.40022688929275 6.0 5
91.5155758494477 473.01729147592675 3.0 2
182.52399262889907 505.0026397754183 5.0 4
391.0597892655072 789.7818670456982 14.0 13
142.80646871923108 605.087690855394 2.0 1
711.3785157677983 731.4143589157411 5.0 4
967.8312796331315 339.0438300722891 3.0 2
785.1345596837962 131.10858282496406 2.0 1
44.17926009503426 191.1754019526587 2.0 1
788.3672257306238 781.2824541075543 1.0 0
417.90912935852043 950.9583405252532 3.0 2
974.2155655624495 142.45580348041042 3.0 2
417.74545878284596 251.91529023510662 3.0 2
521.2208349952272 855.9222272063668 13.0 12
597.5485149397434 344.3998621498754 13.0 12
333.64761180955213 169.61409845608367 6.0 5
115.04695569069467 281.4539741047511 2.0 1
959.172848723284 72.62428744313476 9.0 8
454.076110428418 947.0869754907861 1.0 0
212.2803620945749 982.7126820829262 16.0 15
142.8273600471114 8.476738792218551 3.0 2
730.6974787197086 740.6135332358585 7.0 6
867.0656330051766 670.6516224047417 4.0 3
530.0254693670016 563.3325569435282 6.0 5
494.57466395864645 249.3027978050778 4.0 3
158.04335708135287 26.203778006324118 4.0 3
677.9960314154863 980.6581460837663 5.0 4
86.3900742204422 955.5818014110154 5.0 4
107.549425614475 748.1783567315057 6.0 5
539.7770278139001 602.2581220463792 3.0 2
67.88375763635047 665.8087097677233 7.0 6
73.44692366539806 566.2872297339471 3.0 2
296.0387258729349 957.6615436537129 6.0 5
775.9299981922635 10.008475725726495 1.0 0
360.5039582634786 85.87522907436973 7.0 6
262.1116052267546 607.9461940429774 1.0 0
692.1204177386962 69.3171693055501 1.0 0
87.17791881106895 890.6235917546359 3.0 2
648.1954482421866 127.76703413685198 4.0 3
419.26520685512594 782.2180133293986 1.0 0
230.8655671314188 680.1362751597528 2.0 1
106.96143542237036 718.8939069354128 1.0 0
84.18016736120282 369.84663980184564 4.0 3
908.4859543649351 675.9506880601862 7.0 6
778.4850969533499 677.9886377360857 11.0 10
216.39418817338552 903.6355001470324 13.0 12
125.22639382254685 510.41802581177996 1.0 0
877.2550267309928 856.7750865939803 3.0 2
47.99680321709976 615.3436857295874 2.0 1
21.27647286859302 853.2928066976173 9.0 8
253.8852345034326 852.2532570750346 1.0 0
14.627697209719903 90.25647874395848 7.0 6
841.9899710193058 58.16520326837127 8.0 7
6.491455745807118 180.9132617766075 1.0 0
302.1488892380165 745.8806796560035 1.0 0
18.61613416789798 525.741099948041 7.0 6
472.54423567670136 549.1158497688183 12.0 11
140.00241010472493 553.3949629091984 1.0 0
19.987881700437637 821.5928791426951 11.0 10
324.91579344094623 617.0692247903263 12.0 11
941.8918874926981 593.7636896741831 13.0 12
199.3762138262435 237.16143775226539 3.0 2
449.1324504365476 1.0204708348430236 1.0 0
943.3270377207618 37.03152002500221 4.0 3
983.1744256506685 62.6913415055298 8.0 7
665.1241019853268 738.2657859009321 3.0 2
788.9121553821914 54.04022466966873 10.0 9
94.3863114027742 786.7954775771448 15.0 14
226.9916141812377 488.63562259288653 4.0 3
573.5656817313807 601.8668026336858 11.0 10
521.3145833250496 647.2113156864548 4.0 3
931.3269417017277 777.5440218582322 2.0 1
620.3716389220021 123.94977721428913 5.0 4
996.7703165124038 59.61251728618044 1.0 0
300.4937494842991 317.95901840864536 2.0 1
977.5492209132391 177.86363231502722 5.0 4
272.9870880454702 486.9290986598605 7.0 6
403.151273834195 77.33953954878581 4.0 3
652.9921324664122 626.2598753836442 9.0 8
954.9045056576517 736.0813092879548 5.0 4
278.77435237641856 706.7771353777407 7.0 6
215.74241989814269 870.2501211835964 5.0 4
312.54455279244996 444.762002568579 3.0 2
14.02840076158618 54.781724921013634 2.0 1
437.397011157617 417.7637518437309 7.0 6
295.39740253159476 60.66868325296615 7.0 6
456.96242831869125 93.79006460588101 4.0 3
99.18816780010754 439.93948184280686 1.0 0
766.8484459522845 832.0577057518494 2.0 1
513.9706901522053 421.9644521518451 9.0 8
284.13195675410066 217.28928050384545 4.0 3
916.6023785146223 798.1648379625166 12.0 11
438.3778793301777 160.65704259953216 2.0 1
68.85476407818348 557.5682394038743 5.0 4
624.5059209275154 683.9202727700219 1.0 0
335.78638660754245 543.6209810548742 2.0 1
823.0024549398595 288.93809916053215 5.0 4
689.9353774590114 782.8514324448258 1.0 0
784.4831774224288 779.3734255159324 3.0 2
553.7129910030455 78.08163880455 8.0 7
806.7347787618787 304.48488744272595 6.0 5
332.27588744083437 140.38753230956925 4.0 3
584.4444168873158 249.86393633763748 3.0 2
941.7086967563623 222.35609827122016 11.0 10
287.1169851862223 756.1160214389477 13.0 12
282.6024512848242 36.075808527455735 3.0 2
924.0535866662011 967.9470241224625 5.0 4
435.3489851680744 203.70616368842144 5.0 4
589.5948460455666 277.8029016734737 8.0 7
599.912112689409 661.9198754430751 3.0 2
65.85854743507203 249.91243146153963 1.0 0
790.7285477427979 672.365782754861 1.0 0
105.80588325790808 276.2938547880478 6.0 5
226.73171085831578 869.3706200422246 6.0 5
550.5789198035172 432.2549494327659 4.0 3
319.5782898041588 417.70966683252055 20.0 19
607.1323799310611 393.46263234418024 11.0 10
686.8672737174649 314.10373607665485 8.0 7
476.2199487589165 430.89634574319723 13.0 12
13.28028585046126 288.8594343219008 6.0 5
367.8930855776753 817.2284795035954 11.0 10
806.9738451329605 47.881010072846394 4.0 3
365.6892276596788 324.12794162421187 8.0 7
773.9326744589374 314.34271241758194 1.0 0
423.21389895198126 487.96255274545354 7.0 6
803.8103352186719 427.39748307562144 4.0 3
272.7140163061962 241.43429194811182 2.0 1
114.88586271153345 310.63155803359047 8.0 7
952.5996189428425 557.4009427807557 6.0 5
586.9380602047241 878.094259656506 2.0 1
926.5109414264457 864.0826987117385 1.0 0
212.161236912785 255.39091388386436 2.0 1
12.520314172028257 964.2020127377994 3.0 2
927.8475287701909 946.3192725733351 9.0 8
259.36965428531744 843.6261377378216 3.0 2
987.6817443954988 327.4306737246147 5.0 4
329.012622456875 114.37704771080249 8.0 7
642.7472004123707 652.9405338836165 1.0 0
292.06471372375245 786.0585356595537 4.0 3
80.59782450986197 385.7447849812661 1.0 0
192.55930781356446 442.92905685080717 4.0 3
958.6422244466911 182.27208604090794 4.0 3
277.5418589595374 94.50119831773718 9.0 8
71.4681192191292 94.45064287168935 14.0 13
816.5441002114578 372.9402359880334 5.0 4
217.80653499257218 924.0228296485916 3.0 2
909.6791090551668 484.2518642880175 2.0 1
385.776951848344 750.4788987255343 10.0 9
687.1043583532191 126.34028781740636 1.0 0
637.1809963863602 905.8217026603957 2.0 1
280.23632853368565 918.2083677295401 2.0 1
50.12565583638961 80.75156576141052 7.0 6
100.13529600100091 971.747534390743 2.0 1
631.9770573409982 111.40356978531851 6.0 5
405.8438226568415 165.8583576573549 1.0 0
235.09138576656875 445.88134126647515 6.0 5
544.4085534526968 527.6577375449716 3.0 2
341.0003988816859 160.10470081805894 4.0 3
686.8264166146882 962.461520405512 9.0 8
372.71738972858293 80.07901612557811 3.0 2
154.0522479886074 721.8736895675979 2.0 1
700.2596011436257 157.11135824907396 13.0 12
69.63812598517349 411.08035885605443 6.0 5
187.91265910817268 666.7286718108504 1.0 0
410.74517109038254 933.5855717882903 12.0 11
473.6027961122886 708.1032751445109 3.0 2
833.6105456113777 900.9833663244452 1.0 0
247.79518381351085 559.7764415872267 7.0 6
765.3370479742935 104.83733035654585 11.0 10
706.5517195651037 24.616686709227785 4.0 3
683.1259399224053 802.8524292601975 11.0 10
881.762931667398 284.936794418483 7.0 6
52.133382177836026 361.6618760516608 3.0 2
220.02331491870365 953.1259266539464 6.0 5
409.191943298997 380.81171906766673 1.0 0
404.5771539139347 279.47776460906124 8.0 7
374.33309159668636 50.838052666237864 2.0 1
59.84511133920722 13.010094144309093 4.0 3
509.1754137763796 384.95855130631764 6.0 5
546.8108803718034 627.266067518269 9.0 8
264.65674156419396 684.578061263632 7.0 6
779.5454260882456 952.4195235946378 14.0 13
20.12255227815396 154.941406323039 3.0 2
156.0486873198388 558.2810493487274 4.0 3
744.9481860060397 513.8172404731712 4.0 3
167.51807070466862 812.2599827192496 3.0 2
223.97760593829176 5.981516873469261 4.0 3
326.6299358805603 183.65739729501385 6.0 5
761.8300252376167 421.96935268532985 3.0 2
810.6384163333065 154.4360385267587 6.0 5
58.391239369344206 969.0262326156713 8.0 7
751.4373801283938 712.904642502775 3.0 2
27.559600264134176 371.7451462363534 1.0 0
699.0104823753618 109.93600956729598 8.0 7
18.7526266800877 380.4933280351923 2.0 1
13.369346868111421 887.2874276909315 4.0 3
332.7726660696495 16.191475750164663 8.0 7
311.58478230050576 33.33250015246969 8.0 7
310.13722620829753 540.7804520805606 2.0 1
804.1270628440101 998.1184026363509 1.0 0
893.3929525602613 993.9382397597575 1.0 0
866.9328455869273 12.127550781824258 12.0 11
384.3933821584896 542.9909572652073 1.0 0
310.89247677529374 330.05786763064793 7.0 6
382.7821512388292 697.8678364101187 2.0 1
328.27592901211324 704.4152803075887 3.0 2
938.1063503775273 771.1519969120635 4.0 3
303.88100069551484 647.299973949638 5.0 4
649.2007888813259 657.7093425054817 1.0 0
800.7334802091547 906.034674091021 3.0 2
46.86453231212917 24.56408904544116 1.0 0
30.618554434573177 73.2254878517613 11.0 10
11.510094354529986 48.78896284437428 2.0 1
957.2719392823908 134.27588961912195 13.0 12
411.51127460618875 953.7113289168628 3.0 2
678.0207067351321 285.3510853304041 5.0 4
733.1071547107983 186.88510516030576 6.0 5
378.93247294290364 325.7147792901679 4.0 3
599.245164890014 702.1881132903233 2.0 1
367.13603375337357 677.063512193295 10.0 9
349.28285572005115 546.2798833456775 2.0 1
349.54858978225866 105.32028874694177 2.0 1
986.7973693320806 205.93798491143767 8.0 7
790.7971473973456 206.996573487935 3.0 2
681.8722767760576 112.38380081682887 7.0 6
443.10680358491294 535.3319976766887 2.0 1
764.1656193432432 515.0609383932326 4.0 3
736.5503032565302 263.63271827220245 3.0 2
879.7273299292953 95.65326040959532 3.0 2
26.068760293797677 28.081579781732092 8.0 7
305.86566282852755 238.25861011472182 1.0 0
90.47707967269525 84.14803288831652 2.0 1
80.40109120919348 73.13784621868268 4.0 3
931.8165837007033 252.1813056274329 6.0 5
800.8868344650843 321.8530982906278 2.0 1
668.3454245195757 723.7221473786304 9.0 8
376.1836418621074 386.57686111287313 7.0 6
975.6541865831232 701.3583525163914 2.0 1
972.4521639925099 182.2915060193262 1.0 0
828.8058257113819 354.6012326012338 4.0 3
277.7704338226813 902.9605797644145 9.0 8
263.57619864843196 434.1470440640487 1.0 0
494.7800810877386 29.257225224632364 14.0 13
70.56709089180757 191.85372791294375 7.0 6
67.36623439730994 143.68316820577954 5.0 4
620.5137078066913 268.83815889342634 6.0 5
457.69228127353244 307.0894072545105 4.0 3
511.6680758610211 86.26766914030426 3.0 2
822.8974827501977 19.210480138151297 5.0 4
101.49050635260315 565.6394816926713 2.0 1
797.1287102839366 142.26342041731277 8.0 7
941.924758429186 756.2614853135748 3.0 2
547.3743191982321 450.86929882391314 1.0 0
878.2422832330985 931.3730714921603 9.0 8
910.9832385511681 232.68152173852152 4.0 3
117.9752927494252 845.0719863680616 1.0 0
158.175726030097 478.7779658288305 9.0 8
557.2150458643067 453.4312193934242 4.0 3
143.17237382412463 450.25577728196686 4.0 3
746.3048904688671 538.6232966222054 4.0 3
886.5527459967203 183.6513048764742 5.0 4
160.14545786070335 717.1180616334007 4.0 3
479.80303070677866 815.3645617331019 8.0 7
673.5537721690001 467.9714138012222 3.0 2
954.4715337955638 89.32074760811336 7.0 6
619.3596823680127 674.5775461623437 2.0 1
978.8239361057784 569.0247713257642 10.0 9
753.303598037403 389.7612006522745 2.0 1
372.21169429172807 765.3958798564502 7.0 6
457.68132903549565 918.0874681399472 1.0 0
25.596520913505394 97.05987692676732 3.0 2
788.7417150238912 906.8213011509138 7.0 6
304.9020037651412 53.63997051523417 3.0 2
125.08546080634709 275.4985068561201 2.0 1
671.6944542066885 787.6288455713121 2.0 1
915.6518533702513 618.5181558163123 3.0 2
944.5159365716312 104.00007934745913 2.0 1
81.71671381051316 675.4651594895263 8.0 7
917.2111352444035 13.487826749983611 5.0 4
746.4436558999133 983.5084034528055 1.0 0
978.5029958048898 626.6783746020292 6.0 5
604.216080510043 291.1142649183975 4.0 3
40.23500950142833 94.12949958925776 7.0 6
292.9564149802697 658.1318559282556 5.0 4
633.4629580092897 968.5029652869662 20.0 19
144.97631722677252 737.0191070158392 9.0 8
669.4832256806033 298.8347861378313 4.0 3
386.78560266768636 76.72235690305007 3.0 2
773.5706082469189 898.4295602874238 3.0 2
590.1179024466824 672.7303918103261 4.0 3
134.26694290882878 885.3463019444588 1.0 0
433.36685132228905 934.2505760875526 7.0 6
731.3394406573746 799.2930211623074 10.0 9
902.9221570377028 909.7065198013444 1.0 0
981.796337259733 989.871989973718 5.0 4
258.0656818439201 882.1987606026786 4.0 3
636.6862696412666 392.75658527074467 9.0 8
37.404879696447566 493.7743940810637 4.0 3
813.709303855843 718.2292232253686 7.0 6
266.6199055884643 71.70858914131684 3.0 2
553.3951056033774 533.717355887774 1.0 0
184.2702247675625 207.4692816578404 1.0 0
52.44325629012714 222.4947124733193 3.0 2
891.270827825916 802.1856313739155 12.0 11
245.665480797131 896.3097162437638 8.0 7
765.3881463262933 493.0664034470754 2.0 1
930.7429807387496 47.607363579793116 11.0 10
497.57603016940334 884.6796761760701 13.0 12
985.6402095246613 923.9286631851946 4.0 3
460.2495635975532 116.84519870137966 10.0 9
118.20021788562907 352.4273410587595 4.0 3
755.0112963138248 339.6153657715335 6.0 5
623.2893046856695 677.0411178335444 1.0 0
310.4476865644398 341.25533816888 4.0 3
940.3007585774998 402.3186969471022 6.0 5
166.14151336840567 281.36823679028157 5.0 4
349.627385747425 631.9303788980706 10.0 9
160.27959069997678 574.268342966231 1.0 0
863.0579572001718 310.23857900485984 5.0 4
197.2724269005437 927.7592407056686 7.0 6
790.2211962840237 811.0968564408553 1.0 0
414.1573751974182 93.18293964405811 8.0 7
323.99763410618834 716.3884168476532 2.0 1
41.351058408186425 105.79262017402391 2.0 1
469.12753643748175 702.9412443717048 2.0 1
770.0592174561212 776.6791522158231 2.0 1
987.330460326031 299.95650571517626 9.0 8
9.74186025546009 856.6423029542503 2.0 1
50.98971029112664 644.3120059626497 2.0 1
23.225720711034903 570.6034381154327 2.0 1
240.71374288368418 789.23155163777 1.0 0
720.7970571106148 812.1477289296553 5.0 4
268.18249455233536 597.4423463783736 2.0 1
87.99636175609848 105.10255933833834 1.0 0
19.42099841229361 402.91320882621426 9.0 8
590.4782470320354 238.8147415027143 4.0 3
893.099782012213 849.155505392238 14.0 13
7.185193175668125 103.99179627903388 6.0 5
984.2866285791023 485.6293003938793 1.0 0
663.9272327653881 793.2653705561968 2.0 1
7.129483899993239 522.935031099728 4.0 3
725.6561231117689 825.7405582388028 6.0 5
207.68528572874868 809.5634890704669 4.0 3
756.5621499743484 530.070835883875 3.0 2
951.9112356824098 928.432927478449 1.0 0
410.4095984161139 162.08620352658042 3.0 2
36.92802697719877 46.19265080843149 5.0 4
420.1172699126746 79.87511256533386 1.0 0
992.5177914671443 191.25663968371686 2.0 1
753.3883755620085 477.5934554881314 3.0 2
37.20824780847431 836.7876935726655 5.0 4
497.98370022131047 675.6343589672401 2.0 1
784.1019970501691 759.6132287369508 8.0 7
348.9380338926432 914.3665251835172 8.0 7
106.88903793600801 989.0571699272332 2.0 1
116.57181711832243 723.9037560892876 2.0 1
807.6335064263275 924.7414198680258 10.0 9
332.54589596151294 323.2024276563452 6.0 5
707.9235543267004 610.9626965409607 6.0 5
160.58655159290424 585.1426133538863 4.0 3
21.810072117037784 508.61430182406673 4.0 3
303.2809532264021 627.8234321971288 7.0 6
456.8561738830391 344.8592006110476 5.0 4
7.599241651927269 579.1522901730177 5.0 4
807.3316000711606 456.1084826012362 6.0 5
403.61133207156706 963.1387742507527 7.0 6
804.655426479203 941.3244543874506 3.0 2
913.7342326535398 833.6396535105577 4.0 3
866.0649641386557 807.3071570162617 13.0 12
562.0428410396652 672.9739526519618 6.0 5
386.95287997745595 365.38579597066854 6.0 5
563.9480967083248 631.0320130560167 5.0 4
444.1048530287067 551.8925260518984 3.0 2
865.49917059619 325.15686672071985 1.0 0
232.64756391123865 961.4517297229019 3.0 2
201.03252491665768 944.1022259713831 4.0 3
763.2405730042068 856.7218748806145 1.0 0
336.356149777957 690.7372695602194 4.0 3
679.273239123786 301.83801648597887 1.0 0
90.58883436207566 736.5602552988586 2.0 1
27.086206272749045 154.795698320615 2.0 1
960.6993056962335 300.99972962365473 3.0 2
170.1437087778652 2.72563965892747 2.0 1
191.20368733899784 692.2065541160277 2.0 1
276.0598036062083 994.4483939335863 2.0 1
569.8225433016627 465.8675157122453 3.0 2
551.123782710084 673.4105765231699 4.0 3
360.69974849284415 691.4220488305476 2.0 1
804.1684241820245 349.44392316225526 2.0 1
968.128297072894 553.7991912768173 3.0 2
610.1583509001002 282.55930332631095 6.0 5
582.8884180404183 614.7843247733368 1.0 0
10.342171079763096 908.6569090610574 10.0 9
406.4009866676843 475.3688070947294 6.0 5
41.449612254591315 372.16330379600015 9.0 8
152.59685953214174 817.0718350369355 6.0 5
968.0078213401029 922.8931852693842 8.0 7
801.5489321680543 471.3036438287435 3.0 2
63.52921622869678 574.1844764693828 7.0 6
317.8581910948716 310.88210480415967 8.0 7
271.2503222923577 774.1587567169 1.0 0
373.4417000949569 544.1073575173184 7.0 6
658.2829152101044 791.6266204385684 1.0 0
12.662067467595017 246.28645232608037 10.0 9
516.1989970325146 832.0597544280703 2.0 1
460.24978023058736 782.1761924608605 3.0 2
516.0593729371947 915.8065585755268 5.0 4
788.9262625412011 663.5331663402826 4.0 3
497.8711964007887 401.0827940918368 2.0 1
230.89455063695274 564.8575544333867 3.0 2
81.6189536287516 916.8833640104498 8.0 7
996.8445874282535 514.7365908955032 2.0 1
373.36148861959254 293.4711034884672 2.0 1
190.81599857286656 907.8268565268012 8.0 7
176.64236470071103 455.94429141054303 2.0 1
288.4444373534406 926.2754005447463 6.0 5
746.2988648396067 843.2854809173176 6.0 5
960.950789296956 465.95317839811577 3.0 2
933.7538907429935 984.2729146874397 2.0 1
12.688929976751528 24.69123433932674 3.0 2
939.278732314322 780.3498225791519 3.0 2
28.952812805511098 504.85157674438483 1.0 0
730.5740997975272 171.00060583639421 2.0 1
8.236340523823383 375.16898453276457 8.0 7
506.39379184030474 631.1745844867817 2.0 1
164.57390275934182 743.0080456444423 5.0 4
812.8040779833891 990.1228891338338 7.0 6
633.468510546167 875.4597766590751 6.0 5
226.64273734917518 136.82500078944437 4.0 3
702.8779953660695 777.4779868157691 10.0 9
86.88806448789333 193.14599610894857 7.0 6
434.7682419138757 12.985273357874583 2.0 1
352.84669712166004 558.4617490115845 7.0 6
677.7313125550598 161.31115083316683 3.0 2
913.9833662576922 379.90932063469563 3.0 2
436.2152335402969 780.2181736771715 6.0 5
227.77518628857706 666.87512924244 4.0 3
94.98797585149809 2.004423148115997 1.0 0
471.91987820148864 260.59397851287605 1.0 0
926.0868535177322 291.26099255372174 4.0 3
583.5547306262999 472.5003748840316 3.0 2
462.4014827788294 970.7120834144273 5.0 4
742.8030150717888 824.2263391976189 3.0 2
174.62969490489044 749.5051897342388 2.0 1
630.3535660882416 666.4459239343995 9.0 8
77.72241243412981 810.5250610596752 5.0 4
160.58560844880077 18.128174056005086 3.0 2
147.28594358810477 625.6563624542365 1.0 0
240.0121322783496 63.10169233719953 6.0 5
109.26837157933633 36.65843152955173 7.0 6
366.21302902225136 384.7217454479323 2.0 1
818.2740323198288 39.171802247441434 7.0 6
316.7234577042658 939.2782134019809 8.0 7
27.749118073143507 802.1580290501596 3.0 2
289.43822075233015 644.3553622129866 7.0 6
95.75090447649815 995.7205783382767 1.0 0
714.6398849059831 114.22271071495327 5.0 4
957.2459112349004 399.3107913981899 8.0 7
89.98245360056822 247.98803078033893 7.0 6
657.8165237487042 812.7428342639686 11.0 10
48.902128894455 497.5572245816213 1.0 0
727.2543281201704 711.3694212561878 2.0 1
746.2965065813311 554.6219258169127 2.0 1
750.1191575001862 826.5947611572702 1.0 0
300.41523975924736 36.97200564668401 2.0 1
62.42647329650586 126.44525992240374 4.0 3
289.6963498418913 905.0698905475343 1.0 0
390.6820916820293 936.938267490563 3.0 2
786.744077732167 733.3212449533266 7.0 6
321.9351562891267 200.8990955336769 2.0 1
733.196150562632 319.6211074618636 6.0 5
372.04960708027966 300.58831131048237 5.0 4
93.02634436296498 978.2762970279107 5.0 4
388.35308219845666 96.70331401331566 8.0 7
77.79270584515052 417.6160460050492 4.0 3
512.5916367564585 986.7883389272463 9.0 8
757.253966207077 720.2415853171314 3.0 2
644.3330553499652 935.0145683081525 1.0 0
238.51948392052057 842.662493758422 15.0 14
776.460752909462 27.50596983135667 3.0 2
732.5204330502261 958.9875028052303 5.0 4
10.201665358216205 494.7917942029754 2.0 1
500.3453894591031 667.3399254638877 5.0 4
139.27741944472584 330.44987732998356 1.0 0
756.9249586044484 517.6408766191714 3.0 2
579.76018951104 991.0284253461662 1.0 0
597.7450015729042 831.3520324351229 2.0 1
155.4416132597226 516.0196931146745 1.0 0
593.0230178028665 409.59328615852365 4.0 3
557.2076904067882 445.0911027536263 1.0 0
176.47401605454527 570.6935874409679 3.0 2
248.74362898013746 572.8408268775975 2.0 1
814.3310256684658 429.9817459494001 2.0 1
321.5959943966282 702.2586744387966 2.0 1
973.2125639621996 483.724649503143 8.0 7
846.6202183323287 701.9824005371553 3.0 2
927.6508773104326 461.2398718536569 2.0 1
374.1390642116761 87.9291692694485 3.0 2
302.8358420063236 604.9538099246955 7.0 6
911.5609268434921 662.7946583902618 1.0 0
562.3202848799863 829.5347596358987 1.0 0
693.3070684384643 973.7293899239985 2.0 1
529.3966697171589 637.8600216221682 4.0 3
821.85127446909 297.8417369336036 2.0 1
190.40209347696458 655.6736180154437 8.0 7
77.50028607868276 690.2619427383439 4.0 3
261.9742621878276 466.4723077176407 3.0 2
16.450802171037225 387.62376404246345 1.0 0
28.16965591790288 657.0959169286484 2.0 1
87.13732689889319 704.992794488567 5.0 4
409.5572289558061 715.5825516874602 4.0 3
60.21131562948479 560.9869714006934 2.0 1
68.43749950778577 376.1568374297787 9.0 8
767.6408333325103 927.6004203252717 3.0 2
240.18196549068017 488.2396433044919 6.0 5
834.4952554152087 132.82723383061912 4.0 3
483.04695506927595 674.4254345024947 6.0 5
16.920837660356458 306.3474400650913 2.0 1
983.8626020099001 520.613908140533 5.0 4
284.371797493177 470.8096136826183 1.0 0
96.89949801286978 265.6527151235139 7.0 6
755.2717176751266 834.4019086296555 6.0 5
574.52902043341 995.1329339978931 1.0 0
658.2304698878062 112.29179613839158 8.0 7
385.81485203843425 710.270837241425 1.0 0
781.7263490463429 616.4021904589263 2.0 1
438.6523022015373 50.08175781755653 2.0 1
948.8861874138299 570.1931420835706 5.0 4
826.1687105715068 163.3724321706772 10.0 9
453.6837493173641 539.9235404247717 6.0 5
793.986627028196 417.2528719809393 2.0 1
986.2280378411182 219.03177674244932 5.0 4
531.1992859881944 435.01775809377506 9.0 8
310.29742184561627 802.3950261543661 1.0 0
689.1947062620926 88.465315984115 3.0 2
709.0626529475269 4.379378631343966 2.0 1
855.5269061489563 693.6016114629957 9.0 8
45.416353743059965 844.8419552592128 3.0 2
149.78979554797988 997.1309971928099 1.0 0
476.2866289485378 993.2713787582902 5.0 4
627.5596188770674 375.0330043538689 7.0 6
848.9421311262166 815.4264575363126 5.0 4
724.160043127293 953.9706844929406 3.0 2
739.8681754488406 489.7887488946543 9.0 8
854.1135562993794 51.63327839432086 5.0 4
388.3147683035275 698.4662220034426 2.0 1
633.2111886152226 350.58374475944885 3.0 2
750.6790517146407 222.85595808295045 7.0 6
545.4362409436368 675.8004845465784 2.0 1
43.57409139740553 338.86485319527173 4.0 3
784.1596883782995 344.6928512790963 5.0 4
143.43715767089327 621.9737074752483 3.0 2
695.5139975804236 457.7975806913805 4.0 3
160.95066612247112 736.8823557789132 1.0 0
634.3131721119923 800.3412895280571 13.0 12
366.1562299109572 527.1637999103309 3.0 2
572.6685481136457 680.3333029223243 1.0 0
315.4296400201063 101.41680877589776 1.0 0
280.04988526592143 736.117103723248 5.0 4
724.9313231719085 665.7472347491839 1.0 0
661.3032147343595 404.07859962335914 2.0 1
39.5476662768387 593.9412074245548 2.0 1
369.96362933567116 151.52231713242625 5.0 4
744.1204933345125 964.6288489785493 4.0 3
907.900783641128 868.8288980588846 1.0 0
391.09935671260644 115.13984089077145 4.0 3
600.1567683243292 405.58316729824884 1.0 0
606.5992363143876 12.356770361391822 2.0 1
767.4429892455383 311.22858443520073 1.0 0
996.4431020316347 776.95279883863 1.0 0
962.7711240614336 518.2771059782627 4.0 3
916.8588114249459 974.4567941680807 2.0 1
479.8679366941683 607.5606904152984 1.0 0
446.9797582743981 244.57075275338258 2.0 1
228.54750791198097 886.2542975431505 1.0 0
458.4980726254062 989.7942681891805 7.0 6
954.4938794192782 210.40906251673331 2.0 1
920.1860633621676 911.1947307419581 3.0 2
470.8922937264555 99.43074258937001 5.0 4
333.7005409040933 912.8034458822747 4.0 3
20.721638843806957 389.6775930146311 1.0 0
173.03728195470615 738.0390043179577 2.0 1
996.3639570962539 227.76828942973748 1.0 0
104.12711013052778 480.7111147033176 1.0 0
395.5028115360921 713.6244318390583 5.0 4
679.106958696187 669.7480347605908 2.0 1
521.7925520519273 394.60461796749945 1.0 0
965.45096794913 203.54352656489272 10.0 9
898.6971959168482 635.8735970434999 4.0 3
616.6054673220676 876.0189697093384 4.0 3
79.02254395081553 256.0759844471693 3.0 2
760.5538417564021 149.6204786242914 1.0 0
448.31379282435967 383.4900201062504 3.0 2
392.0097745532437 706.2380168503846 1.0 0
930.029366555224 468.5228097277606 3.0 2
413.657956479389 366.7628927836227 1.0 0
528.156574307451 395.1754369449604 3.0 2
267.7306518940339 506.25544182270653 7.0 6
277.610649989115 972.7175310430761 9.0 8
234.00059737436706 48.14266965289793 1.0 0
671.6890178342749 646.0439956419696 1.0 0
99.31603069365713 755.5588374738875 2.0 1
164.44367541166716 512.0337028807277 1.0 0
828.0573895402674 699.8298856414715 2.0 1
753.5481379726648 538.9032827718083 3.0 2
752.9642622461615 407.05893952018954 5.0 4
680.4338605994559 454.7391094644606 6.0 5
328.9371991168343 158.5691637938812 5.0 4
448.8640931535606 798.0080254117725 3.0 2
377.3070037229165 146.4919505864859 2.0 1
891.8926786965443 917.2698158270912 9.0 8
948.9766485436656 367.80302298195767 1.0 0
196.28298672158627 101.69652893946967 5.0 4
783.5328913252358 418.6136084842388 1.0 0
41.08958789280604 8.357872085941853 7.0 6
354.9675501413245 78.75303823013758 2.0 1
421.78315956729995 285.3748358839189 3.0 2
944.7133802998734 359.7550153179209 2.0 1
265.9637469296594 102.39141757774384 3.0 2
30.658749690052332 907.4296812808298 6.0 5
77.43827316839591 126.12094583785493 4.0 3
38.38293221297373 557.392068003092 5.0 4
675.8338228009795 440.67714315306785 3.0 2
726.7099718162787 986.4256853389071 5.0 4
944.672651077029 868.2683050869093 1.0 0
672.8164824605533 104.61678133288721 3.0 2
338.3245494793744 438.9841646535576 4.0 3
727.5167340276058 344.2070360024954 2.0 1
625.4702194369826 330.8405353599717 2.0 1
696.3837617121471 448.38949906780954 3.0 2
614.9501142713433 726.2262977571695 2.0 1
545.50237592448 417.12485794297396 1.0 0
53.06641109998789 708.6446857617584 1.0 0
364.5365151337008 662.6283399895179 4.0 3
938.6399900663312 694.2266980414392 1.0 0
680.6969717274967 147.645917119962 7.0 6
417.33492436868335 718.9256127953246 4.0 3
588.7432482229931 470.0265217779707 1.0 0
989.1280730966622 929.6623390752944 1.0 0
707.8635502481897 653.8369095089622 9.0 8
736.6328592134672 201.037735369493 2.0 1
630.8580095291102 887.321785557484 1.0 0
96.99325486743093 63.92772396117008 1.0 0
323.28752536090445 242.4283460749297 11.0 10
150.87552974619368 534.1882542243923 4.0 3
741.3716900770917 812.4503074008726 1.0 0
546.2417422571822 572.8042773363431 5.0 4
122.34649199603709 793.425049100139 3.0 2
182.89538853497643 76.937563013591 3.0 2
171.36485530069933 236.36222696283338 3.0 2
434.65870729772524 605.5034054435373 2.0 1
389.6413846633301 66.87905218309298 6.0 5
909.2779619168151 258.6248532947278 3.0 2
725.7790117160869 483.18127805547215 1.0 0
754.1200117194687 279.46753698656124 2.0 1
927.6434782501192 843.0115907889264 2.0 1
121.8625775806741 29.909838419376 1.0 0
448.58764262048936 153.11789589615753 2.0 1
873.5631687326022 661.2141867070012 1.0 0
162.33840291280632 632.9786613405755 7.0 6
912.2650071779095 8.072489610766564 2.0 1
765.651158418173 143.93782079469986 5.0 4
763.0181299268302 713.4148895716409 4.0 3
10.794987214054474 749.7018202582681 4.0 3
330.270588078598 308.60746720323704 3.0 2
875.8226537158696 340.03467563014675 9.0 8
19.98741610095656 181.73749018391928 5.0 4
366.4757822145236 399.59950414103264 1.0 0
551.7592118592762 555.40990506 4.0 3
665.6220455314153 462.3785065583881 1.0 0
444.8335195382046 158.98904148553305 4.0 3
757.5558126203485 34.044941278181916 6.0 5
614.550192673276 912.7949775055343 1.0 0
859.4396189975754 317.7483285853326 3.0 2
164.25933657386716 731.6324575714801 3.0 2
455.828898967928 210.11566059867437 4.0 3
471.02681877345987 917.7595865997838 11.0 10
592.9589289368415 610.3848049888587 3.0 2
328.0265558045313 543.8117886532791 1.0 0
621.9278248191827 158.4322077298418 2.0 1
974.674685758658 366.50046518856016 2.0 1
260.1977256405763 428.4569921179614 2.0 1
426.3964665000609 367.1742407745875 1.0 0
731.3962652531841 400.7298724886766 4.0 3
225.52729565341156 88.44387900993212 2.0 1
128.41633387329455 341.28757092664466 3.0 2
602.444729217665 799.9776675204506 2.0 1
771.7052780389346 39.066462380283106 5.0 4
940.7335313092394 563.2356409470365 2.0 1
938.7446391778744 616.0350440626323 4.0 3
47.33929291786454 835.279166283714 1.0 0
446.2179888920804 289.05866486985366 4.0 3
189.6392769838795 8.588979556016675 5.0 4
354.0067170469036 256.6914802165913 2.0 1
184.31287413804398 279.60530845117137 2.0 1
334.9632701662995 59.36606519073562 1.0 0
399.17516609284974 300.5518170327698 7.0 6
3.438586193061366 413.989859849506 1.0 0
215.40947936614708 73.50283415928816 2.0 1
601.7839923610727 37.94202120076384 3.0 2
2.296674015353828 315.67516644625505 2.0 1
959.9525300297804 569.9378213428001 6.0 5
451.0207144638082 956.5285260321949 4.0 3
599.4119860819653 270.3419689084603 3.0 2
139.7072737697047 368.37483777745985 2.0 1
465.91721933357985 246.03419135246617 6.0 5
962.460857324073 321.25266877585267 1.0 0
922.5270697349447 230.1560747758079 4.0 3
125.5125071893427 217.50427798841554 4.0 3
417.0385213390219 768.2431359642509 1.0 0
168.84272921212417 696.2994358532691 13.0 12
510.9091596381983 939.6038465593459 5.0 4
440.93554427773086 66.38627062185931 8.0 7
282.2684390860769 49.110229860127916 8.0 7
157.49788687299227 291.6856606378341 1.0 0
771.9854265066409 611.6654138933251 3.0 2
635.1062976944664 143.6061868091938 8.0 7
611.2730430286698 790.8950495356959 4.0 3
675.8414811320729 615.9166632927275 4.0 3
895.0334315455323 946.9228803624936 5.0 4
630.5582017925526 919.0533537603566 3.0 2
986.2267224278265 165.4959165189258 5.0 4
517.2391641136805 670.4265959701231 7.0 6
487.3759050391244 602.7111621664026 1.0 0
253.13570738763835 509.31718112790793 3.0 2
675.5119020027535 303.7418572330951 3.0 2
724.0706625475631 499.7186202047529 3.0 2
717.244274200562 178.4636700836123 3.0 2
72.58905980667629 201.8964778308887 1.0 0
821.5725631042513 991.1932041331366 1.0 0
580.7971746011743 638.2310262082557 2.0 1
394.6032998570325 921.3617750020424 1.0 0
29.868270389003527 730.226500259207 3.0 2
678.5088691200066 817.9342482527588 2.0 1
619.9980681610994 795.2332421350914 2.0 1
485.4511052630004 96.65050394978746 2.0 1
80.36221298538948 727.012981445023 1.0 0
970.5451791775586 905.2083906441636 1.0 0
932.2675640738057 211.9772750478687 1.0 0
610.1612576253375 728.3437604148438 1.0 0
592.5028329895197 261.2513167661583 4.0 3
198.15353685905924 806.5135520407479 5.0 4
558.376965108595 885.3302131413693 3.0 2
741.6284943875451 720.7822787631859 7.0 6
477.11435719022165 265.3376236362268 2.0 1
841.0387726027407 718.2047073895474 7.0 6
964.5749851590635 449.8664381453967 6.0 5
4.809139028199905 218.69428268131142 1.0 0
175.67499846503776 912.2399714447089 4.0 3
192.26311906805736 78.93558161351078 1.0 0
782.9633172199445 325.8312780105702 9.0 8
747.2006092162093 386.39397829726306 4.0 3
