362.6276332004641 553.8261285565816 92.0 45
196.61592070919752 251.60085614788298 66.0 32
522.4217822871066 504.6084765942016 50.0 24
384.8442881413698 748.019356546653 6.0 2
559.4479522061299 728.5383480323866 96.0 47
224.01502403477735 355.27576189409837 20.0 9
744.5819852685087 498.07147121687126 50.0 24
429.41030389081504 256.3789010805091 64.0 31
656.1467056617976 250.5232488659169 100.0 49
878.1108921597624 272.10508824706625 100.0 49
948.0649161290823 651.1624330950921 36.0 17
179.35093523856804 827.4756686788285 66.0 32
927.7409291523811 926.842859064652 72.0 35
677.4640991524046 73.46630306960434 14.0 6
87.87168490954123 140.50500676932077 8.0 3
638.41714170993 893.8203359492867 2.0 0
184.94885457877973 611.4074635594746 86.0 42
539.5648763161213 938.7371087285701 20.0 9
164.66078024858155 129.48661396305317 52.0 25
495.73129658246074 24.01424184611556 12.0 5
837.7026930853377 771.9097801830926 12.0 5
973.2081082420739 742.280530342581 12.0 5
767.5925313582237 137.72795980049025 16.0 7
881.1903137214292 415.18205668563246 28.0 13
895.1100623825055 770.6386161365101 6.0 2
763.9230301569012 961.1711172166627 6.0 2
180.5929206954653 413.4790112956297 18.0 8
153.31134090932974 38.97325173856425 32.0 15
109.9793470517898 14.595035847673522 6.0 2
811.3616200241466 156.21021289867377 14.0 6
493.0732445120801 132.90046494758812 50.0 24
432.78991186330376 374.7259540688678 24.0 11
770.0665117996919 690.5114171802634 54.0 26
518.8609592936605 261.76479887721035 24.0 11
431.07487388365985 878.9657911526969 60.0 29
951.0912781955612 453.1536611426156 26.0 12
717.2339245970068 838.2995666312645 30.0 14
874.4713792164741 468.90848661826436 2.0 0
818.6486827347592 851.6293595445202 20.0 9
842.5452981506819 115.76754807981315 34.0 16
71.97693824528406 384.2124172124606 58.0 28
790.1638373402924 560.6056717655869 16.0 7
325.93684387480914 992.871909535907 4.0 1
400.98228496912947 116.6610375518592 8.0 3
307.6897859476687 443.41815890615464 14.0 6
959.5651752614438 136.85543847920223 16.0 7
705.7471369253667 931.3608476092338 2.0 0
703.2496686494848 732.2755785648028 24.0 11
938.6464729311197 706.2205564119978 12.0 5
71.96705393856561 77.7726003317607 6.0 2
677.559580260611 558.0986969657613 36.0 17
325.2478421195536 268.23294440190114 24.0 11
666.2933182349502 906.6767819719922 6.0 2
585.0281552054281 552.2730343938314 22.0 10
107.3216372237058 59.37301975933751 6.0 2
537.5658419710348 380.7897559867412 2.0 0
577.988914599566 956.5080996499106 10.0 4
20.911641037646756 978.1158233379069 6.0 2
368.1033666973922 962.8095313765849 36.0 17
417.19811291644606 67.72942607393328 24.0 11
67.78276559118379 724.1983263911411 24.0 11
163.5832235514295 492.50389450164187 32.0 15
299.31286862900544 724.9485906758154 20.0 9
90.24663949765721 482.5050893001974 26.0 12
701.3541474651961 427.281069308406 26.0 12
585.293228888349 355.1373628878556 12.0 5
83.16090815958988 950.3071511133845 16.0 7
379.8743549082045 359.47331430180475 28.0 13
745.6479895402001 899.81959874898 34.0 16
345.04753821813404 421.8642868108005 10.0 4
553.6388368057142 16.78757275428955 4.0 1
614.970467455887 75.12469606860917 10.0 4
306.19308949928194 305.1518665052011 8.0 3
85.19405702147608 186.98849725220202 16.0 7
332.8116962102459 54.10854628547612 22.0 10
309.3661780198974 970.4669282520543 18.0 8
637.9515615206373 37.9096109494812 24.0 11
137.15675113132897 440.9021892737326 2.0 0
431.6903634929755 789.5851025806653 4.0 1
937.0292917335682 417.2228674430494 12.0 5
862.0548980330907 749.7635891054009 6.0 2
661.9658951108984 383.02279271342854 8.0 3
55.82478132862079 260.2628706052218 52.0 25
511.4009727380224 74.13021266868292 4.0 1
517.1824846245858 321.749490015099 20.0 9
885.0296593657043 550.7448861707251 64.0 31
70.88777997785311 104.2167181340764 8.0 3
862.9955014753081 780.3240948760035 4.0 1
16.553219452322576 676.2788026473262 14.0 6
35.79359099696067 138.18142659614762 34.0 16
11.111288680987874 715.8824208700811 10.0 4
48.15984566237652 844.3356862090612 34.0 16
263.06698221275025 916.254896789938 8.0 3
265.1954112500783 281.08018152770796 4.0 1
466.64699358319086 583.086544130126 6.0 2
566.9262653523824 428.64480199659704 36.0 17
253.9267153352104 50.92725582522184 22.0 10
892.7189171561097 647.4570594638543 18.0 8
652.946769217957 601.5371078283653 12.0 5
70.0087760336776 626.7085848668767 26.0 12
27.637507791290815 907.1875137323948 4.0 1
359.1089255909563 698.7631260732674 16.0 7
272.8460747961903 438.07686124962 2.0 0
304.1057326029929 837.7867981223137 6.0 2
745.6753825946914 393.6981196307039 16.0 7
898.1979283891766 798.5931218628464 12.0 5
288.09013835426936 334.63445274865336 20.0 9
269.83616705086 893.6901163048252 6.0 2
720.7267578274868 607.5979871566614 22.0 10
437.4875893018251 336.43995508522175 4.0 1
69.20969861915971 792.4710658382855 10.0 4
288.77744664908266 28.545929817549887 6.0 2
142.4438934561164 915.1184284608106 18.0 8
560.977103226118 148.39485298522015 4.0 1
378.43365902450665 154.91942753683318 2.0 0
977.4787060573533 83.38922131284032 14.0 6
31.317726447753657 71.59237305067445 24.0 11
953.4446902605149 47.696199878169196 22.0 10
390.57142838246574 734.9883086335318 8.0 3
599.356854026526 875.7357111874377 6.0 2
514.7884367921077 868.5106497803181 24.0 11
590.6898344158692 942.8527680550304 8.0 3
809.0708062304966 29.19338768066715 24.0 11
35.28229830308438 27.31011564822927 6.0 2
43.5245670942731 506.6213295651757 22.0 10
985.3648021175355 620.0913036056937 12.0 5
257.3111492728474 443.05327081385917 4.0 1
891.9773594848165 53.2869831508771 26.0 12
665.0800799189066 677.6023568536233 16.0 7
658.1280661332279 846.1464280945579 28.0 13
675.7144602126207 25.37193985579078 8.0 3
792.4293635357601 401.9145358566872 4.0 1
201.0429860993511 84.86504493295344 4.0 1
325.769798016965 357.9880791495803 18.0 8
37.69259721781448 764.1758409874315 18.0 8
458.0580036494991 601.4952725756938 2.0 0
819.9086679899897 398.25805638986435 4.0 1
188.35735458972437 742.7394347548725 14.0 6
849.2324296239011 158.4121413183146 2.0 0
739.9741675064622 105.62182096236117 24.0 11
496.09018451018403 825.0463509096318 2.0 0
700.7380748570179 658.4915318060157 8.0 3
378.02180627880387 28.724299757368456 14.0 6
115.38577880774248 545.4615865365461 6.0 2
787.5635681731818 121.30147214167685 6.0 2
416.8725395180106 107.28777278308188 8.0 3
605.9784739040355 58.94725705751236 2.0 0
378.8015135848806 806.3926115783754 24.0 11
520.5822487493828 208.06962370299 22.0 10
738.9451855150468 351.6434186391678 16.0 7
394.69204360519217 766.7324026111113 6.0 2
872.0926928803449 713.5039982744458 10.0 4
965.8630526082727 711.2762069125746 4.0 1
321.6509721556784 138.55069949311115 34.0 16
489.4416213300485 946.5429001132625 14.0 6
416.76850519473794 707.174047951557 12.0 5
936.4914841804365 827.7220110183225 22.0 10
978.9143392084653 180.613271851237 16.0 7
136.488760429771 328.81676916374425 20.0 9
98.68492699959131 768.7926664011773 8.0 3
319.36808357921285 189.50495294865155 12.0 5
172.40655805711847 347.6004592564154 2.0 0
522.5898003543995 416.6284651700034 8.0 3
664.5882084076326 444.76238220678533 14.0 6
533.4241214061939 177.39084385138037 10.0 4
363.8447301375273 123.88764396029983 4.0 1
435.2093310411784 987.2494191133835 4.0 1
93.90608846554271 837.6455934793518 8.0 3
648.0388843429516 629.6088171311105 2.0 0
374.8633633378088 57.32553891148606 10.0 4
749.6234232096502 50.564999756859685 30.0 14
932.0518899793657 376.8116495002125 14.0 6
913.987831374503 736.1887410577348 18.0 8
122.3077409413651 504.2106693667463 8.0 3
281.38493470039714 862.4081590398214 6.0 2
625.8484420038229 479.8562451363686 26.0 12
824.9006354392119 813.2181414529133 14.0 6
792.9637262513803 424.21704722301945 4.0 1
812.7830685795059 945.7889052429548 8.0 3
560.7029856980212 841.5302097361646 6.0 2
130.7830141131553 701.7627751313108 14.0 6
903.4285622770836 705.03967605249 8.0 3
979.1639231830142 830.1059290827936 10.0 4
917.0189420080053 151.2479152093128 26.0 12
326.8484496291479 819.587884318864 18.0 8
717.1429105125818 60.0015745590935 2.0 0
47.97010165832205 944.7086043695591 14.0 6
974.6542123720233 573.9724542339184 2.0 0
987.2030472118681 7.277050068223545 4.0 1
646.1528083202826 513.4490359550006 4.0 1
694.6070062639662 907.716860118209 2.0 0
869.5522887501922 839.1061762574911 4.0 1
852.8286024374889 54.40866035773051 10.0 4
589.8513864788608 833.1121012061361 8.0 3
912.5376525154192 89.4427370628691 4.0 1
184.878944425104 971.3266388945967 22.0 10
112.47419850830521 200.5839230294737 2.0 0
544.5549319602464 875.1763826209831 4.0 1
649.9740323434808 423.07539624815547 10.0 4
857.9434073135405 20.659666141844223 14.0 6
945.5524019149545 491.8912936089328 2.0 0
289.0023064668701 86.72574550433576 12.0 5
980.5817502975761 337.3644055771311 14.0 6
976.4597961016665 783.1898967475871 14.0 6
354.05933568275725 761.3605006493946 24.0 11
498.45013003184005 56.87212253819729 16.0 7
656.5193975905985 654.7982387503625 4.0 1
547.3017069030561 215.46250674894452 2.0 0
284.61379181401014 414.99998001816095 22.0 10
297.2438135498773 224.76069488069717 16.0 7
308.60165437180234 660.7365459580149 8.0 3
658.6605394316836 471.7397485032668 2.0 0
597.2034292969389 981.8432739793128 4.0 1
403.0053283225239 766.938900891616 2.0 0
30.994276645803676 439.0855087953298 6.0 2
665.5209901032129 783.3369995752448 16.0 7
961.0164466682165 375.27052507926726 4.0 1
482.4694401810675 71.83378396811058 4.0 1
810.1665135858757 386.06475233355275 10.0 4
7.36627058325956 109.85687619230977 2.0 0
658.1281603979895 694.3393988685716 2.0 0
486.5423813483639 375.9665890856982 28.0 13
621.4563797957022 561.4669999306435 6.0 2
249.06235165814883 161.8673392782044 30.0 14
81.77940327343592 698.519465764554 4.0 1
123.98073230621043 896.6638992800457 8.0 3
555.1129934647424 74.69109732970291 18.0 8
743.0639204253396 776.8478361484474 16.0 7
977.6818255972751 568.3988926502692 2.0 0
198.3488315451899 429.98761999338586 6.0 2
237.45533724273383 917.1474879982391 6.0 2
130.49646281224602 456.17480993427296 2.0 0
219.07373956488553 761.205602147112 2.0 0
600.4020339976686 935.7298244202352 4.0 1
299.12154991031235 640.0757719336656 4.0 1
942.4622424344761 114.37952439492771 12.0 5
622.3979742265018 847.8058210302219 4.0 1
556.9921103877697 364.31525083707805 16.0 7
222.35983503065793 100.41479903804296 8.0 3
446.4280445354036 461.51436525203036 20.0 9
109.7988578925131 300.8653537025687 2.0 0
711.3350316008368 351.87670040916674 2.0 0
630.6050667714142 971.738988386087 26.0 12
115.83535334996454 971.4040765232523 10.0 4
21.074129735644153 545.9456251271363 20.0 9
992.801365347883 885.4221677902208 2.0 0
24.361476683941174 917.5894249523448 2.0 0
94.92821094766668 673.1421272675686 16.0 7
439.9673292448393 644.1285128814145 10.0 4
978.4208943895942 363.19458277963645 4.0 1
976.9761899379421 517.6127057333008 4.0 1
256.35525200409506 772.2883784618182 12.0 5
451.9429698669679 967.6539484335368 18.0 8
682.082202788325 105.32761761676801 8.0 3
674.3425539584994 634.8638132391842 20.0 9
307.3182884768525 877.1836177947979 12.0 5
700.6682333532992 112.4295032295376 8.0 3
558.4080418050556 612.4149574139911 18.0 8
923.8676086653597 100.23691157443216 10.0 4
560.9961364383245 328.97948896548746 2.0 0
135.30441955745786 195.01769701892613 2.0 0
800.4905220142955 784.2786198635949 2.0 0
641.3143453385491 104.7781840161055 8.0 3
368.8110884266836 216.03748300752702 8.0 3
191.4961218105592 464.2740088678343 2.0 0
431.17078951711005 21.749540970707805 8.0 3
54.77045172351802 976.416009083802 14.0 6
163.8222100668868 733.7930073338175 4.0 1
289.93416078214494 934.4718876876118 12.0 5
112.49373526229733 711.3192556040672 4.0 1
345.31747082942775 731.7468645729177 2.0 0
815.515191425728 75.32173720505797 8.0 3
126.32959384120346 754.1407501105768 16.0 7
19.589623855648885 317.8363745942561 8.0 3
771.8137583367771 807.1928671589498 24.0 11
707.310654569357 969.3609418074841 26.0 12
101.97664547471119 895.273352539508 8.0 3
850.9395097555556 888.9778549813108 10.0 4
111.7756404075677 31.010763028101685 10.0 4
13.952651974341812 632.559706998631 10.0 4
775.508644475798 304.2140045553228 4.0 1
311.11682799844465 768.8101171391049 16.0 7
969.9474472056725 479.3155257612064 6.0 2
964.8320815383795 765.7224418253096 4.0 1
984.5711299800529 518.7262686454433 2.0 0
741.759741749276 180.16329080684102 10.0 4
117.21058977613663 956.8699911115891 2.0 0
570.6637771791949 90.63818335545105 2.0 0
434.137934673083 809.2860463018532 8.0 3
515.4765534628613 597.7728965163628 14.0 6
256.97956062984616 702.9483242150836 6.0 2
707.9476332160383 677.2851499075882 4.0 1
268.2648941713338 976.5523842912851 8.0 3
220.2805317243661 392.2427306697349 14.0 6
757.345677948465 356.6011705689365 2.0 0
102.85694637099807 517.5070940515974 6.0 2
797.2372095560073 357.1248845828473 12.0 5
169.11505170772588 720.6073536350661 8.0 3
349.02056482907005 664.1480202908816 14.0 6
125.81526426426137 85.97514981734943 4.0 1
34.09272186559165 190.79852461498436 14.0 6
399.5207383984458 408.84115920942145 8.0 3
804.6308825511835 615.636356615164 8.0 3
282.6049516024143 307.54484490899057 2.0 0
464.0539719335879 697.4841783248997 2.0 0
58.87923444322496 468.81711097980974 2.0 0
251.4578137310466 825.9477351790664 4.0 1
861.2211387065324 622.4699086320378 6.0 2
183.39146072441758 7.00518102031733 2.0 0
483.1454006712883 559.3341575735533 8.0 3
979.4317033404593 714.4645890712145 8.0 3
366.4876095715973 423.1031442441553 6.0 2
766.3665425625336 388.02352697091015 2.0 0
882.0114549463061 832.2774541320167 10.0 4
424.0681888566119 731.1454732337737 2.0 0
211.88907283725055 507.79390685120563 10.0 4
993.5631091308924 798.6803067443701 2.0 0
252.20228124473775 14.334248447192554 8.0 3
686.3195972147893 479.1599992653792 10.0 4
872.6732831049326 627.5840071330584 2.0 0
771.6455152229133 851.7754651208382 2.0 0
810.7880147535144 440.58575375097786 2.0 0
81.64742146004811 753.6063721670623 2.0 0
433.4672963368458 752.155740240832 6.0 2
258.66676927566147 843.0383892974489 10.0 4
786.5257015006966 102.86910849097409 6.0 2
228.09506954361646 325.1512303099605 2.0 0
984.9329900281857 306.8439913197532 10.0 4
562.2609946179398 127.26834348432914 2.0 0
305.96486911400945 688.3227830350731 6.0 2
405.33280436030725 651.4215981038171 2.0 0
207.4715309763645 484.2208506514275 4.0 1
888.4811490216161 852.1608851705383 4.0 1
424.86074232356964 994.8628249572657 4.0 1
10.194227823913437 302.4972057447193 4.0 1
64.0804460442287 559.7046023230774 4.0 1
404.60660797488123 38.28881021631292 2.0 0
823.4498227366713 462.05632954154254 8.0 3
979.5170294145032 428.6785295684329 8.0 3
270.6113960082247 262.535839062436 6.0 2
974.782062766198 536.3774712525244 4.0 1
827.0112396406845 423.7085991428532 10.0 4
247.5414493160406 504.13654677680086 4.0 1
962.981396400302 509.35039033654493 2.0 0
67.0947605782285 320.11160993180556 2.0 0
484.9755215213172 37.899859667133164 2.0 0
519.7702409983573 85.5222425125879 4.0 1
356.5762999146157 899.8322852651446 6.0 2
893.3703321327013 123.16568352919089 8.0 3
78.73635561229531 892.5451253311838 2.0 0
348.8615098263098 393.2403708931691 16.0 7
555.3927615788721 195.1153075959684 8.0 3
804.1553654133091 774.1636497440752 6.0 2
178.55842721787207 334.71680650724744 4.0 1
624.8124268191004 883.8839861320455 8.0 3
273.43384299627735 208.55793815886514 4.0 1
79.75848328888202 919.944822021361 8.0 3
218.4093837249065 35.50490711629794 14.0 6
288.73968222224033 826.8787889027616 4.0 1
277.0939335093612 488.29585495242577 4.0 1
764.4618190172179 600.3152333732604 14.0 6
924.7630771286039 24.809067741191182 14.0 6
96.62713549892055 968.4700125357965 4.0 1
236.65200034011235 403.72174752201795 4.0 1
79.84929878441082 547.1592297651437 10.0 4
813.9827173254099 481.0772497000374 4.0 1
119.28684575292037 945.3147505396256 6.0 2
672.4308640822106 928.3828208451876 10.0 4
248.91367296089894 890.5418305394157 8.0 3
682.4787088475226 385.8127520535375 2.0 0
782.9844349215483 335.04370008735873 4.0 1
101.03732940464083 858.2776267251866 4.0 1
595.2834801309242 376.7523615966082 2.0 0
598.157116807141 345.3748984505006 4.0 1
317.1154472382701 934.9458048133649 4.0 1
530.8039014468496 917.9590417858175 2.0 0
677.1952408640767 953.003223064662 2.0 0
691.3884827076372 467.7139544974859 2.0 0
839.6773294024321 649.5453782005154 22.0 10
509.8297889662644 441.0045440149948 6.0 2
400.74178328999363 427.78989204188235 6.0 2
318.7550939248766 22.064473271010243 10.0 4
460.8989679756309 411.2643849554629 8.0 3
886.7493595653415 102.93020738356506 8.0 3
232.48137998741015 112.33245853442119 6.0 2
362.08331915579515 833.9481482145585 8.0 3
789.1698793460914 437.3786055899551 2.0 0
560.9718720410323 898.8033504548174 4.0 1
262.3670089017302 199.36678485563198 6.0 2
339.5813144188986 325.6273062982533 12.0 5
338.39794535226696 236.9596114731275 4.0 1
431.71773221610465 346.10661298130697 4.0 1
382.76948329486294 710.7029742920913 2.0 0
463.5170848193965 548.9317787865795 6.0 2
613.9756452455948 530.3352897867609 14.0 6
853.9430153146391 802.3224837172368 4.0 1
766.0025004537373 238.95187231380132 4.0 1
414.09028599144017 788.1670341602697 6.0 2
526.5689420300823 36.126791617695716 18.0 8
674.5055589979718 602.5676892526478 6.0 2
61.74975532307958 41.50816726303241 12.0 5
449.0290188050591 674.8224066457525 10.0 4
423.1925344389834 190.44780452198518 2.0 0
963.669051339927 420.6499657414027 8.0 3
418.9376475162223 667.0890827099645 12.0 5
620.035004865296 418.08571215915845 10.0 4
326.3875884304978 297.39507505169473 2.0 0
456.18859405358836 190.31572467482783 4.0 1
319.91496508938565 696.2482754867749 6.0 2
443.0652702748754 97.49765131176635 4.0 1
176.50402345947458 930.6524129359185 4.0 1
525.1082540834859 68.2268953787727 6.0 2
86.71712541404064 973.6451991332425 6.0 2
87.86233896677287 815.0432397137047 6.0 2
736.4524635864375 157.85172177724905 10.0 4
261.0258573658275 102.84682950137703 10.0 4
754.7153882846338 368.7093422618982 2.0 0
995.7389360300348 208.41650309319348 2.0 0
758.8762640843905 556.919349010859 4.0 1
387.7305269893051 180.9877119974509 2.0 0
114.28312195547174 100.29206171310634 6.0 2
337.4934887830018 922.4893888141748 6.0 2
589.429833813224 98.40566089861491 12.0 5
613.9805344908743 395.08676845852295 10.0 4
952.956875128566 780.7199789709532 2.0 0
874.9429797537318 856.0387240879087 6.0 2
232.10013915588124 452.1200125249625 12.0 5
37.263445936478014 593.6782735849433 8.0 3
658.4571502724293 98.60929123023321 6.0 2
769.4388330840105 343.5953609946355 10.0 4
948.4000097823745 732.9458899103782 14.0 6
716.1509987944652 545.4341584108623 2.0 0
248.46151010523354 981.009736831811 10.0 4
880.3297879867464 804.2148350108273 4.0 1
6.991438960912144 840.9576593662141 6.0 2
566.4869903630929 309.44720144526315 4.0 1
313.5134642633383 388.45705832712173 8.0 3
764.4797542092164 439.3333417976044 8.0 3
227.6372114103017 421.52977552427086 6.0 2
533.5029173089406 588.3824176938513 4.0 1
235.4603722547004 732.7202106214462 18.0 8
884.6070624603424 728.6372482575016 8.0 3
989.7604922463786 486.0281249090499 10.0 4
411.6553887436174 732.2900765824952 2.0 0
54.29898035568248 571.0713661096905 4.0 1
665.3983668814069 122.16787381091088 8.0 3
610.2956197862936 434.5187704272033 2.0 0
821.9071921063926 882.5700082614399 2.0 0
970.6054788682983 369.2185538638956 2.0 0
845.8307633636634 946.043906236809 2.0 0
740.6103653985734 964.256660665783 6.0 2
694.5013438040794 874.0858929614977 8.0 3
102.81074240402621 787.8600780249163 2.0 0
75.48330501586231 679.3031979452107 2.0 0
370.5022495800174 127.06157357353621 2.0 0
685.198912311868 610.2179444463364 6.0 2
257.7401379436156 954.065573603441 12.0 5
84.75705034134495 986.5191635775816 4.0 1
785.4933824099713 159.4190653793679 10.0 4
507.12068575721037 630.5576590116166 4.0 1
608.9077273063849 900.1619675590786 10.0 4
787.2107669074128 393.67866285932706 2.0 0
989.2032953318429 205.5289442776641 4.0 1
5.501639023777538 988.4095200094247 2.0 0
30.3664307694137 332.8741488418151 4.0 1
423.507628722 632.435134281498 4.0 1
916.1849325022299 703.8290706999829 2.0 0
154.41941456264718 958.9662476790384 6.0 2
535.1862885707785 93.0878315308915 6.0 2
519.9909166633423 983.631645645847 4.0 1
763.3111144723589 855.214936007525 6.0 2
27.570994697505014 795.0298690131136 10.0 4
417.42965517466314 760.0653761629504 10.0 4
152.6833994969492 420.3751858491819 8.0 3
776.6861654644528 173.59700539245603 6.0 2
111.61243294911793 455.6044631086047 6.0 2
272.87752464369174 389.97986606679245 2.0 0
373.1929405018314 654.4253532501511 4.0 1
773.2300244279852 201.82708070774757 6.0 2
624.4037871831006 628.7142224626724 10.0 4
626.1423480084541 130.72655316095705 14.0 6
389.87387310297163 201.16689099692064 2.0 0
836.0927876301373 721.2125599793692 16.0 7
576.246346181352 145.59595870873022 2.0 0
752.1333880626239 952.1248076702797 4.0 1
827.5011639075007 953.5318225982816 4.0 1
32.31158879914842 699.6806114286103 4.0 1
458.59325007277477 342.67982551250986 8.0 3
101.57882164057463 200.1099856961328 4.0 1
13.000601478174278 47.957039705639914 2.0 0
588.959136394744 486.32991954763094 4.0 1
834.7516875581325 492.86940080097617 4.0 1
525.8088317787082 840.0759043723748 2.0 0
10.76132525927287 25.104967430857773 8.0 3
761.2352784326484 290.27738883316766 8.0 3
74.70076478431753 971.1245512626695 2.0 0
475.9476874313199 601.9153486519199 8.0 3
119.67683905053872 229.26673851087665 4.0 1
725.8126364305535 393.35501551055194 2.0 0
446.5568924159725 36.90788754315943 6.0 2
96.22424509108608 159.59369882843822 12.0 5
212.23980739882342 10.587027942580708 6.0 2
195.21668062530983 928.2060990124754 6.0 2
674.2327832776128 896.5575927759512 6.0 2
124.12772941571227 193.60407357120067 4.0 1
284.17003974846443 745.8959695445035 4.0 1
262.4371220040992 562.1167413542443 2.0 0
690.6033785641364 46.46722228721523 4.0 1
512.7929060454039 618.6357557465002 4.0 1
380.24975913216844 164.87305275846987 8.0 3
564.9702428115238 45.55244154011173 4.0 1
659.9299094261986 882.115256536349 2.0 0
387.48758193727184 453.7366911204609 6.0 2
89.09239041532958 28.554887606711876 2.0 0
338.5516202436685 22.618318699293983 8.0 3
801.7951945707191 581.7927859141382 8.0 3
989.5843023888877 864.2656386187604 10.0 4
264.9982644546861 365.16758004094396 14.0 6
775.1688887176297 73.11646273224426 4.0 1
76.95952855544152 577.8923013189165 2.0 0
22.613221579690588 463.6253273799138 14.0 6
13.264909446240814 424.10440422991525 2.0 0
829.3097564046845 976.4029718965073 10.0 4
933.9402351101304 774.9146235149066 12.0 5
826.4262039697655 600.2439560792935 6.0 2
516.7265670574234 913.6004651659839 2.0 0
384.1961114685357 682.4653440973549 8.0 3
996.3306063946462 318.37173478088056 2.0 0
432.68619204614 43.69429485734633 4.0 1
220.5363734112553 929.6624369794455 2.0 0
142.0581523905421 367.56625460966984 4.0 1
7.564882351593916 330.10543648116 4.0 1
639.0312192786774 540.6930357003188 6.0 2
964.3821269842098 608.8206707888122 6.0 2
839.8187257347611 929.0534702621733 2.0 0
103.34246516622625 78.50076036377062 6.0 2
150.90486577692363 971.7275334010815 6.0 2
89.49666401335709 529.4261232877843 4.0 1
474.04486894623665 539.1013140635846 2.0 0
268.97595144475184 505.43240198198805 8.0 3
993.0773121109885 431.5720932215352 4.0 1
967.9495047552217 205.5453684395323 2.0 0
869.5159188620185 691.6578712889211 8.0 3
358.85148221350505 105.46075869048954 12.0 5
589.0032625104433 624.28510536582 10.0 4
208.56374286652812 766.0615519557961 2.0 0
888.7717065533215 700.2926627823084 4.0 1
593.0477387761209 132.97009438798014 12.0 5
380.3901682592653 127.62630329779302 2.0 0
477.08912143125303 641.1857816084809 20.0 9
277.7402921142552 698.7159745262276 8.0 3
216.273463418423 973.8862609129033 8.0 3
698.43547396623 22.582977309284267 14.0 6
240.66258459978806 537.2446249126837 2.0 0
56.93146207409217 596.4613769038757 6.0 2
661.216517790276 410.2919737864805 4.0 1
889.2572524395488 158.08374669523405 2.0 0
887.2524201896105 676.1043982295055 6.0 2
679.5883381542465 804.411254860075 4.0 1
397.256292693015 17.33988905596595 2.0 0
944.1193157674167 501.5508411725633 2.0 0
255.10458277054337 811.0851028897351 10.0 4
4.9266915439166725 514.8742596171969 2.0 0
218.87682824713715 888.9530381616687 4.0 1
330.0190937077996 684.2191856093018 2.0 0
989.7167550848861 144.39633392612072 2.0 0
949.8110527533447 180.8240827088753 10.0 4
747.3339238568999 981.089713743571 6.0 2
976.1800308428338 20.371376248996988 4.0 1
230.08156080512964 86.8162837727705 6.0 2
699.5229071826201 49.712558833113654 4.0 1
719.7651986890992 70.1275143858202 4.0 1
709.3796321622227 52.88238264586842 2.0 0
436.9413253754397 108.08643877937297 6.0 2
628.7513078277487 597.5622856498655 2.0 0
570.0736644471674 927.5033683645847 12.0 5
27.607134807399735 882.3227903541075 2.0 0
966.4831791008946 572.5813394714536 6.0 2
66.41309190830779 14.479343537149635 12.0 5
592.581198477369 521.3876235254194 6.0 2
812.470406424036 644.8192802816158 2.0 0
145.1143887578106 384.80041845167455 12.0 5
675.0701378811598 358.78519610157565 2.0 0
24.58015054831042 623.2375862204955 4.0 1
794.7470647862763 830.9908186802497 6.0 2
364.4450888924733 409.91927522569506 6.0 2
550.7594950109013 561.6142138931665 4.0 1
775.3349687260056 318.05022926695483 6.0 2
636.5339827295722 583.1027154205897 12.0 5
839.9302412417702 684.3065037834056 8.0 3
721.7187895384263 791.0556362947572 8.0 3
727.3385518031331 639.8184823745715 6.0 2
12.39351567807001 445.0409379258772 6.0 2
810.0498768539716 414.6607429278674 6.0 2
927.9844431360992 60.98390304300949 4.0 1
450.48968434333347 714.7364187556607 12.0 5
645.0457579165164 369.36421732088155 2.0 0
381.7438396445644 399.4979312455661 2.0 0
794.7640747269969 918.9213785539987 12.0 5
844.045878342263 481.7158406436737 2.0 0
995.2311339396615 192.24981017028188 2.0 0
368.2359657036341 891.902793878158 4.0 1
561.325017751775 345.36953324374764 2.0 0
852.349712309947 980.0773213417742 8.0 3
348.75124853740226 206.27301733273273 4.0 1
754.523608358628 570.2672591493472 2.0 0
817.4954420343922 629.7243098957991 2.0 0
766.6758774338808 274.710040272211 6.0 2
40.0970193410668 656.4130131795634 12.0 5
228.7876142487142 465.9563757707582 2.0 0
957.1377333059643 773.5356994794354 4.0 1
515.5894441169097 568.085376966167 10.0 4
482.6386898363396 456.9235232953179 8.0 3
319.3504641353621 316.96778921170153 8.0 3
413.055759368231 802.2354723101778 2.0 0
581.1249651322479 64.57590295380378 8.0 3
470.73657274861546 786.118103399486 8.0 3
764.3151062211672 408.0166871502352 4.0 1
736.4402261685703 754.4761237009897 6.0 2
381.65013789045423 832.9906485586417 2.0 0
979.3621856819703 235.917408479827 6.0 2
360.6584240359558 864.9846161762946 4.0 1
451.4299853220325 766.0646977901787 4.0 1
565.5624453013246 986.8098550634533 12.0 5
188.14990904085315 378.1357651196464 4.0 1
582.2290054465154 512.1395554988694 2.0 0
36.04365059917147 884.4732020601664 6.0 2
635.1952891623044 797.6944049891404 2.0 0
63.89716774618637 534.6605135780384 6.0 2
464.11482845349883 756.2677319242644 2.0 0
351.44462750130447 79.48412502762802 8.0 3
214.41457201919135 84.94402989887317 6.0 2
646.7133754252395 921.1978301927701 14.0 6
378.0028898250002 428.11325543655687 6.0 2
136.03363371143874 986.2114822584259 8.0 3
983.7744028762581 122.88328539674775 10.0 4
140.25652218660878 301.62958459282794 6.0 2
61.391189925593224 691.5438301851838 2.0 0
293.087523215639 655.4978904650184 4.0 1
194.38952889181394 904.147629636209 8.0 3
993.4593732378589 514.6850663025307 6.0 2
323.36719620579424 917.809779243708 2.0 0
584.2130941324878 386.5637804493681 4.0 1
521.0735388954349 397.2954133750881 6.0 2
529.7200476919054 439.8031587824568 2.0 0
5.687618268636063 529.0750692156256 2.0 0
568.440523952198 169.6716267003744 14.0 6
525.4783886314085 369.5204433802323 6.0 2
493.85332564433224 894.9261933043807 2.0 0
534.8251681817458 287.4693548790819 2.0 0
289.1413099808747 802.1417070950818 4.0 1
371.81048280946504 903.7191019880443 2.0 0
9.002185152208742 406.59497681419697 2.0 0
78.33307386673394 662.8503918535134 2.0 0
10.931537940549795 165.93994662279965 2.0 0
582.8578476871083 901.4304733939769 2.0 0
828.8504534000249 922.0563453245644 8.0 3
217.95908360968218 955.9894981222665 8.0 3
289.48535460530655 265.37964671726144 4.0 1
262.1978684243377 788.6230041845482 2.0 0
243.45323609123304 325.60852292990495 4.0 1
787.1222521556766 953.7671907419559 10.0 4
429.1553191750902 326.9174967442095 2.0 0
231.52686252272892 9.265210921276523 6.0 2
773.155600329036 545.227886715043 2.0 0
980.9565623676506 812.7030006461465 2.0 0
790.0613500727109 995.7087283991742 4.0 1
271.45431075161775 252.11098481649907 2.0 0
167.9013392337513 390.154565299574 2.0 0
112.26500753767698 152.64625121816522 2.0 0
813.387749240707 919.0343297056588 2.0 0
505.9155316482429 917.5766648165175 2.0 0
329.065581728895 226.99754395964823 8.0 3
408.3105381128819 958.0992432569641 2.0 0
538.2614160141302 9.330973288076748 4.0 1
195.36901790597227 32.11264757178933 4.0 1
672.7713056606433 982.5104309465795 8.0 3
639.152315097068 4.646369692434815 4.0 1
739.8726916468304 944.6097372856898 4.0 1
722.2439284242897 144.88346321142876 4.0 1
271.0835007133313 737.4297678313771 4.0 1
906.1342799719116 478.4783360426835 2.0 0
602.403519435877 847.0199953461226 2.0 0
824.9555106294006 899.1774449517981 14.0 6
988.0155923673964 103.77587923314968 8.0 3
188.13136348607483 453.1571637711924 4.0 1
598.2234259471763 918.6455499224876 2.0 0
490.5793879514528 604.4829837102749 2.0 0
803.041177210116 808.3872945405856 4.0 1
715.8120495129417 769.950862919378 8.0 3
446.39925012198654 426.9184159955466 12.0 5
512.7637110960369 925.6333062121704 2.0 0
589.8774727815081 42.060671619589044 4.0 1
443.7456665361259 626.8218273761283 6.0 2
832.8684738293035 468.70778496331445 2.0 0
253.65862360234757 310.92052980671525 8.0 3
558.4674735390796 113.56060415175295 8.0 3
21.1694535667174 950.9141096397489 6.0 2
384.7851283388144 661.4188256998293 4.0 1
393.04473619981985 196.7507441161811 2.0 0
313.1831720542658 78.078440673231 4.0 1
608.523402472634 94.8921051041045 6.0 2
617.2248340715523 365.5191849332431 14.0 6
454.1598623138782 20.35907169525286 12.0 5
200.58716281313383 481.3102505456731 2.0 0
416.7338524087103 739.5300650419377 4.0 1
237.16536716085602 33.46575808513441 2.0 0
263.882425129044 753.493423749048 2.0 0
739.6661791916752 811.2358290139174 4.0 1
458.7336628327138 941.6436370548299 6.0 2
63.68360334512102 696.2766200193155 2.0 0
884.6507226978513 813.38723077502 4.0 1
122.94022286930861 176.53156527781255 2.0 0
274.66216766773175 119.90124857003148 8.0 3
319.38157391128874 407.7342175917584 2.0 0
838.7537452095214 396.8188538514712 8.0 3
75.24025909728216 902.4453289746824 4.0 1
377.2194339042263 407.7683211192965 6.0 2
581.6989398582242 593.2809246583132 2.0 0
36.125733605509524 612.7364126080232 4.0 1
807.4846284695778 633.2731678749391 6.0 2
849.3541363378866 380.28255920102396 4.0 1
804.5955308531569 88.89055591122252 4.0 1
274.9497843416688 473.31363036566086 10.0 4
83.29681509312259 105.38359967846101 2.0 0
415.6718665911495 146.14036012406817 12.0 5
495.18430469653043 622.6499576461467 2.0 0
880.4779688974327 167.81725181564389 2.0 0
596.5199231978297 39.38220247587254 2.0 0
880.5608760567043 458.2011186167193 4.0 1
73.47756538164407 766.6391969938467 8.0 3
821.2002797469452 411.2510509389611 2.0 0
464.17642429645565 86.20136457775385 2.0 0
3.5410397839450436 234.55442641773195 2.0 0
987.1674331662165 983.2567334002892 6.0 2
989.6895763227178 242.94714210103442 2.0 0
109.06863920999132 524.2280952225428 2.0 0
280.53441188910745 128.48034615671412 2.0 0
498.1240564408602 977.8427209070541 12.0 5
274.5679561859761 880.8713140683893 4.0 1
4.4033855170482195 786.3209293924954 4.0 1
275.6127378863945 853.8352153883377 2.0 0
997.0848273122126 201.73200831315273 2.0 0
5.973935224401594 977.0696648308333 2.0 0
220.27461708908857 908.9598043637108 2.0 0
695.6797838135416 139.53099047131724 10.0 4
739.9580772914209 578.1393171074149 8.0 3
116.29652207685004 46.57641468199425 4.0 1
614.7364326361597 841.164119954283 6.0 2
537.6800122120492 370.76860650736455 2.0 0
771.1056840397886 559.7122713627366 2.0 0
56.30486592685846 198.56347353449678 8.0 3
266.57402511134785 549.7980557550874 2.0 0
910.4661641213818 117.88728256621816 2.0 0
21.76086472980032 575.3074152131702 2.0 0
986.2675618065269 447.9559915201237 4.0 1
620.59008890009 608.7849571405969 2.0 0
257.75457411140104 865.1975853360113 12.0 5
611.3535109819443 44.365906393245005 2.0 0
849.8611230445279 487.7693386183698 4.0 1
452.3417432435564 692.8430313336422 8.0 3
351.76049458827066 302.7004466537694 10.0 4
759.2083330674097 191.96844234268596 8.0 3
636.8835962494275 877.4761833245121 2.0 0
46.054906949883126 9.887662486851024 8.0 3
955.4002963443413 159.12420780029245 6.0 2
989.3516580920642 262.8666640440036 2.0 0
492.8833291918455 582.1458084693753 2.0 0
422.83238894290355 437.40825971490614 6.0 2
979.8357261023848 463.39932330310506 4.0 1
237.86428375634782 474.8035808684907 4.0 1
700.5559106199406 87.17785765328712 8.0 3
468.69223866051846 42.08826239422925 8.0 3
7.6889084829044885 604.1972749389458 4.0 1
745.0118318284111 557.5305807513053 8.0 3
342.007096324251 850.9541523800375 4.0 1
799.5717870383116 71.51730525642641 8.0 3
952.775649143844 91.85598623552904 12.0 5
485.3722887742402 797.1722800113921 4.0 1
305.84502891702306 37.656022422932644 4.0 1
419.0521287289436 805.2273075453767 4.0 1
62.45719001120587 672.7812352425709 12.0 5
754.9061755511054 162.05774029713825 6.0 2
976.4642894113296 799.6752413953968 2.0 0
602.8175454914474 382.47728452669514 2.0 0
454.2649383771371 816.3680796880367 6.0 2
944.8995131107653 17.050848923199744 2.0 0
201.2108400796383 420.9708151848863 2.0 0
165.69213120824534 348.8876649939546 4.0 1
277.76477625306285 6.930086829374904 6.0 2
988.474988680064 647.612241238907 4.0 1
13.218563172871178 172.02253747243523 4.0 1
101.65071960024197 225.62244574481284 4.0 1
952.9707172568324 12.657645832051312 4.0 1
200.49901130100034 58.93355724057714 4.0 1
687.6102679024314 3.651541267472136 2.0 0
429.73971272790646 424.90234107185944 2.0 0
780.7298185768861 384.22227513906927 2.0 0
183.39463499493235 344.6542665291895 2.0 0
792.1123012411193 901.8944145549602 4.0 1
603.8036615529298 591.019100039646 16.0 7
618.3141346550365 640.7954268504727 2.0 0
554.1727306618625 233.23552260320224 2.0 0
483.2425492258387 330.45249387407506 8.0 3
657.0159411412765 499.57313721409224 4.0 1
139.66166516444346 967.8430411597433 4.0 1
98.27513533901899 3.7134264341577294 2.0 0
282.6331316893921 665.1151283955528 2.0 0
478.6975523422985 196.27477184324582 6.0 2
840.7303758544034 170.60960029820194 4.0 1
393.75904221272253 134.3798117236391 10.0 4
219.11893314321728 921.8061620021618 4.0 1
463.61788964969696 476.17331686154984 2.0 0
478.2280482819937 966.7260540036242 6.0 2
318.9759514123421 923.6627705065694 4.0 1
287.51298030754305 684.750985341431 6.0 2
299.72363068489085 175.3031101671445 8.0 3
98.29989456751198 926.169833753841 6.0 2
675.4758287017391 129.4599958919864 4.0 1
604.4286028636564 625.410314467042 2.0 0
267.1891448531746 24.911516938552758 4.0 1
687.3767706611382 917.2809342134253 6.0 2
781.4722615404627 85.41753645849404 8.0 3
706.2780266992092 786.7588871860997 4.0 1
325.1802202342152 887.4299825829037 8.0 3
421.0250107173567 412.3093488114861 10.0 4
691.9172939694276 765.9070922056623 4.0 1
61.11260094133897 884.1498419362722 2.0 0
881.5669533765612 5.08429174414049 2.0 0
330.77651974053634 732.0804597065644 8.0 3
558.2772691135043 569.7127703809317 4.0 1
342.8517579128394 103.4952636298585 4.0 1
195.3926674773917 394.2533152431268 6.0 2
252.8273984735786 78.1984092552206 4.0 1
112.80633970803345 68.81424995958729 2.0 0
817.9580478039453 85.6490306926978 2.0 0
987.4418226454326 222.67144771527393 8.0 3
710.3542806653602 98.04749397942525 6.0 2
194.31370595048224 943.9244220060617 2.0 0
122.78609445430699 280.1315236620755 4.0 1
398.57687357557523 30.325786464576844 6.0 2
36.94836699746207 898.564699317598 6.0 2
315.86967164734426 749.7758607036071 2.0 0
352.0887331037369 871.1008970775332 6.0 2
837.6044799030211 608.626945641162 2.0 0
368.56403302221116 731.8614032799089 6.0 2
471.6896020996011 437.10076496551744 4.0 1
117.78978585043521 873.0610476191255 8.0 3
799.8126704547159 893.5389293559106 2.0 0
301.83474552861753 54.504613988786474 8.0 3
164.87977293277334 444.6937313124528 6.0 2
816.5235500412645 985.4140501041004 2.0 0
4.527712397829564 569.0528013121972 2.0 0
502.0698748278991 339.30221107003376 2.0 0
213.68669016707565 938.4882735952896 8.0 3
857.585573919753 686.5775424871224 4.0 1
255.76031491102736 687.866050270101 2.0 0
99.36938660201466 320.6592069817676 10.0 4
876.427956298544 763.9806069827614 10.0 4
287.8939671085748 296.6830040463444 6.0 2
319.1143702509519 652.8580343808817 2.0 0
638.1244351535499 69.86092922202658 4.0 1
678.7165997080021 502.2458453694006 8.0 3
8.424421385498926 895.3169788581121 6.0 2
579.201841004907 893.9821189477047 4.0 1
244.75047548838523 427.0237059727426 4.0 1
300.35337348016236 392.00560638785333 4.0 1
112.42820151484301 193.4855277194615 2.0 0
989.49108520805 601.4839438486975 4.0 1
462.03312051605815 747.2981848494015 2.0 0
881.443524464751 141.00584256110315 2.0 0
239.88641489403972 125.83820137133905 6.0 2
188.38928545341105 338.80354784757196 4.0 1
668.2669322161134 402.76355133896635 4.0 1
828.9931954350386 880.3052466989985 4.0 1
213.3151749375737 704.4460923826749 6.0 2
893.4515831084375 817.3397737696248 2.0 0
388.6150406366241 430.4598126038314 4.0 1
373.89199833594597 190.98411693443273 4.0 1
494.6609688751319 815.4416872377365 2.0 0
907.9511071762576 824.9555857709299 6.0 2
99.16172393995082 725.2954185372727 2.0 0
218.69337370948094 491.02633768938176 4.0 1
222.10145945067438 74.2747053690047 6.0 2
555.6993857289588 971.2586028474207 2.0 0
319.7852120096649 642.639674025871 2.0 0
102.43689457372528 210.4052843651124 6.0 2
805.6577551630999 833.6270500473745 2.0 0
919.1727522511683 457.86160025881395 6.0 2
171.77815942779895 920.4167030435948 4.0 1
168.491816439861 313.93143829029447 2.0 0
979.121029296914 529.2087364498034 2.0 0
763.830949081555 630.0145853025991 4.0 1
313.8387787104311 9.88304360369896 2.0 0
320.364640883217 671.67617640019 2.0 0
767.5950637373086 110.9060920383882 4.0 1
789.1493110786079 874.7138868084025 12.0 5
949.0887899938388 511.31664890312 4.0 1
117.39045671753745 927.6401533646442 10.0 4
895.6262387532635 10.780803851533793 8.0 3
302.3239638457292 628.5392741965925 2.0 0
646.4983524492555 436.76775054868597 2.0 0
274.3527357124754 299.7915576737934 2.0 0
668.3514282405346 474.11557077822965 4.0 1
356.71950438930975 228.61164555835657 6.0 2
3.0004625976551846 873.0281904121568 2.0 0
402.69643032445504 679.6018643141083 6.0 2
804.463428562445 463.38300408510815 4.0 1
426.5653629091785 681.181102730533 4.0 1
779.9363231110374 752.4567479374183 2.0 0
449.62147797236184 784.3473243682103 6.0 2
899.483810017684 848.6932702345413 4.0 1
292.38879258733516 984.9106908096204 4.0 1
115.13153073047744 161.2976171888275 2.0 0
892.5728467354564 445.9465493606932 4.0 1
269.15665071111596 9.58284842621493 2.0 0
772.4220947517409 994.5432319897778 4.0 1
647.5351714366167 884.7653144952566 6.0 2
75.36096046777307 127.00016886633425 6.0 2
40.70965839664842 578.6864841557319 6.0 2
244.66518394411162 706.1794062881604 2.0 0
984.6907257741477 63.665821562196136 2.0 0
226.8494463577818 774.6571843876702 4.0 1
2.650846180317079 773.5691751596261 2.0 0
554.6200000432849 35.8359883362761 2.0 0
753.6883295055557 761.271137426643 2.0 0
754.5990244136294 324.1283136531926 2.0 0
771.1652779431801 568.6834212454824 4.0 1
467.8147325202383 70.3910543027434 2.0 0
547.867578233874 590.533418314809 6.0 2
343.2586040412735 894.2567486903287 8.0 3
23.675414232903314 608.2245184772886 2.0 0
393.1888165549273 53.84193546256155 2.0 0
698.6794112285496 386.4377425861076 10.0 4
850.4405624601275 943.788788308885 2.0 0
917.6615526031737 410.32803471867084 6.0 2
576.9350877897189 15.493548436335436 8.0 3
434.609039362014 783.6218092801566 2.0 0
606.0797576605848 614.9679568106766 8.0 3
396.39098476767873 164.02042755408473 4.0 1
850.7413082742241 925.4302136714365 2.0 0
816.7084862700389 518.1242899103505 10.0 4
329.01312941652293 935.6160401615701 2.0 0
156.93332410127127 753.8865216451368 2.0 0
438.8234485181759 765.9656962585902 6.0 2
315.664597705575 855.3898511737892 8.0 3
991.9546310199984 757.079295096645 8.0 3
667.4789808828831 957.3535930065748 2.0 0
773.3692246068182 242.1609549889754 4.0 1
234.14621580223195 77.08533122576999 2.0 0
686.7841407341821 992.0503888506593 4.0 1
872.6387917467551 980.6550132365084 4.0 1
97.65237617357481 636.9250866473349 2.0 0
267.6219291912999 229.6636522392419 8.0 3
10.123723887394242 586.314828648434 6.0 2
985.2298864269402 49.04515780810659 2.0 0
108.19507444060672 725.1020573623115 4.0 1
210.51741384623412 170.27521567886072 2.0 0
620.4777245156131 815.9196525051029 2.0 0
113.16892860424377 987.932739911074 6.0 2
987.7854823151188 688.8881034238999 4.0 1
977.7450941200569 488.96054227067873 2.0 0
31.58899822038208 634.0096334708023 2.0 0
202.30126041412154 465.3579226010874 8.0 3
95.14084108389453 750.8757412129924 10.0 4
12.612855853798122 499.51231401761044 2.0 0
645.8459706669137 384.3961893587714 2.0 0
925.5837338728415 3.5177894645698204 2.0 0
394.05311545206246 701.921660060313 4.0 1
222.80042662057474 706.197600890925 2.0 0
783.9565382590209 315.07744757860155 2.0 0
688.4737221391167 55.84013557868528 2.0 0
672.9499719232077 720.9786581666896 6.0 2
103.58814987384035 802.8793727882468 12.0 5
113.67284960298495 292.2140120639465 6.0 2
916.6793782697117 611.507631298658 2.0 0
486.0018015886483 840.5712006203998 2.0 0
579.6234242635628 157.98510416230138 2.0 0
426.1261191304173 339.9616771086923 2.0 0
236.16536131962042 757.921664977539 6.0 2
439.14633789495684 176.17009992160393 10.0 4
287.9950507390379 893.072448266061 4.0 1
848.009935239697 813.4211092130648 2.0 0
483.97659000791407 580.6997374388636 4.0 1
771.3310181798549 248.24133283628913 2.0 0
102.47572044240039 444.15651507289243 2.0 0
183.50027786092815 715.7719244823523 6.0 2
41.95565439107474 469.6836725298129 6.0 2
954.6210289408932 696.9451311978675 4.0 1
542.0668977934824 895.8920615620145 4.0 1
288.33525252329173 164.989918793082 2.0 0
336.23608901735804 446.2874159841479 6.0 2
258.01885864729593 973.2594216808546 2.0 0
31.10977675468707 11.191556125859758 2.0 0
291.77761122922885 875.9709859215495 2.0 0
438.2655370964694 489.0716666011455 2.0 0
850.4058173491887 443.750202821816 12.0 5
572.8846492656547 479.96671308259545 4.0 1
299.6410075192477 72.38877435883117 2.0 0
913.2174932440727 686.0268515128324 8.0 3
500.40582128880993 450.00622717706386 4.0 1
190.31083365218458 366.09394132050744 6.0 2
968.1835269374353 114.13775717101748 6.0 2
13.664381223097877 10.889978208609596 2.0 0
572.2677906254254 127.52619590683611 8.0 3
633.2139281480868 940.3579013508257 2.0 0
200.66839869232678 341.72247154893387 6.0 2
868.5545281688258 849.6861924561059 2.0 0
216.26968631418376 413.0757341999344 4.0 1
244.6041050431428 397.125578913171 6.0 2
589.5444780234501 881.1314366958505 2.0 0
879.4503213189512 82.1714031778178 2.0 0
814.6565153720296 752.3756694466957 10.0 4
231.39442876108384 192.46373055475541 2.0 0
661.9751766932474 507.2975030578424 2.0 0
377.97671675769794 313.81091441626853 4.0 1
914.6857576733711 436.364925112256 8.0 3
926.4355196534693 482.1858667182045 12.0 5
97.7110780620627 103.13799997653229 10.0 4
250.12963154565426 297.2343686870226 2.0 0
667.3525473663635 751.8319054000551 12.0 5
72.98781215342854 66.79386605104409 4.0 1
157.57439006870632 746.3145141276857 4.0 1
118.9278681107847 780.5798892121226 10.0 4
447.1449225279126 599.6156802581127 4.0 1
670.7725237473895 138.57049183313097 2.0 0
894.8905045482911 823.5898831002926 4.0 1
11.087989030830414 929.4907601589306 8.0 3
297.1258393593009 365.68640624858915 2.0 0
373.8888312664382 144.67913104131847 2.0 0
354.1693604175156 850.0117141337603 8.0 3
331.7103967939089 857.1426343364858 8.0 3
975.3172242935473 377.2461095115418 2.0 0
172.0753629070487 450.6736085661021 2.0 0
787.3017042232699 531.7972936530834 2.0 0
545.0712564507847 883.3964897470081 4.0 1
566.6210991817675 880.3798670902743 2.0 0
957.9167763127126 788.9472443598465 4.0 1
593.3665331507714 502.29009230521694 10.0 4
144.46579740785958 181.89197172048287 2.0 0
709.8688168700711 117.35282776991608 2.0 0
56.07855278141904 891.0222207687782 6.0 2
90.35430851688663 903.51992105419 6.0 2
638.5433620507691 528.2703577306419 6.0 2
788.1158223361284 632.87043096457 6.0 2
257.61211176520425 518.982152031899 4.0 1
305.26221316733404 320.3346775440039 2.0 0
620.6751335252027 903.8273226178711 2.0 0
383.4052512520455 416.7505651353588 4.0 1
587.2987086933616 7.771188569869247 4.0 1
354.07393020630485 218.65269269465426 4.0 1
478.1151866535298 824.2290590399044 6.0 2
256.1119861166281 382.19415078908514 4.0 1
91.28772184151224 66.62160326816414 8.0 3
387.0148068743134 694.7882989748715 4.0 1
413.09909763863607 343.91299256376317 4.0 1
425.2021749226037 957.44726589972 8.0 3
468.76501978920624 11.912410672433316 2.0 0
74.10558858044259 452.0371410372123 2.0 0
476.89513489744985 668.5111191826923 6.0 2
210.75758961328717 74.76166353427239 2.0 0
685.0286913407491 354.7324609344664 8.0 3
140.86245293878898 418.5628003669977 2.0 0
478.3763290166303 34.787929168687896 4.0 1
696.6122429921464 936.931107562479 4.0 1
439.0575970971697 9.465930613156704 2.0 0
528.0130799295555 899.6580575524509 6.0 2
850.8595457546586 465.68276482941275 4.0 1
588.1751217716877 465.91882473302815 2.0 0
603.8145997283272 107.03134065694364 2.0 0
697.6617301255078 797.2627876404044 6.0 2
12.606741822560386 573.1265739085474 4.0 1
357.4356003475164 36.01580444389607 6.0 2
85.3000816219911 517.3469943723451 6.0 2
538.7684680957877 578.9980605446774 6.0 2
299.35189771608316 796.1703213908677 2.0 0
615.1755824334946 921.6009694250183 4.0 1
955.7867605457394 586.7765226926452 6.0 2
242.52476518629706 26.17261007364313 2.0 0
229.15851940903642 525.7428783732664 4.0 1
339.01913727348943 794.2704213747866 4.0 1
143.70668848894908 75.81983312599705 2.0 0
184.27644028755407 434.3820890523248 2.0 0
301.8574244959874 23.07606612694757 4.0 1
58.20678116115274 922.9271601756174 10.0 4
772.9613388715132 946.035034592896 4.0 1
5.907775394355275 82.67326396528318 2.0 0
433.2418274937343 129.77388254950762 4.0 1
765.8314618173255 6.856794051871562 6.0 2
100.50829030854258 820.6431826525203 4.0 1
989.9389874452651 552.8578126869279 8.0 3
469.7146628332907 321.0337745297469 6.0 2
54.22366796324995 184.628223348844 2.0 0
697.1567914499617 463.68327813024536 4.0 1
143.29365201877175 456.25405829839707 6.0 2
114.40383812566657 83.48494211449353 4.0 1
23.313891682974706 32.96049269253787 2.0 0
838.8000170857266 887.1297632901382 2.0 0
568.2972636225879 579.1047603374273 2.0 0
847.1828364552088 821.8828672456178 2.0 0
99.89870956461189 986.9128479640426 4.0 1
32.50840887668882 316.17728895075146 2.0 0
866.2807884733742 827.7480557133683 4.0 1
690.5764461819706 809.5856824868328 4.0 1
507.5794048959237 405.91118342596025 6.0 2
148.52098925916079 188.500244251818 4.0 1
997.7105172649783 250.85652906209134 2.0 0
264.69331949294605 527.8178127288038 4.0 1
597.2164564079857 858.9180146308013 2.0 0
530.9995514344429 603.7243989421086 2.0 0
464.08429298613083 799.7445335715433 2.0 0
532.0096562685131 297.4294605620955 8.0 3
981.4754164590287 509.07142292101406 2.0 0
956.24942209406 548.884612478917 4.0 1
168.17742899929488 363.3061828001053 10.0 4
507.15020224079154 450.0985079321688 2.0 0
487.50928611401247 427.904432903402 6.0 2
551.1287414665464 315.3519540458553 12.0 5
848.8389276656613 960.4440796207774 8.0 3
405.7747736442501 176.20403732691935 2.0 0
575.3036225891382 908.3545693159969 6.0 2
731.6903615972607 762.2634890878138 2.0 0
200.48720421308153 326.17401558604666 8.0 3
847.4702600804146 908.48469787812 2.0 0
575.8313568768433 849.0507281583542 2.0 0
154.8652819580929 404.43605535006463 6.0 2
889.2396996989553 21.402448535942973 2.0 0
795.4677707919752 190.3872474872581 2.0 0
993.2267074911645 710.7162638865758 4.0 1
514.0831507273799 5.543343852262295 4.0 1
784.9975899966754 367.9637282270456 4.0 1
275.070679616001 760.771669949042 8.0 3
97.81900542343647 545.5980869099357 8.0 3
796.66163360633 111.97678764939268 2.0 0
834.2373357528534 940.0236299731232 10.0 4
98.80052268459482 936.190939415331 2.0 0
9.330041773203511 943.7178612597339 6.0 2
519.0271730949706 76.70271000107631 2.0 0
316.9463475348182 296.340466429154 4.0 1
692.3487865448365 692.0425476897211 4.0 1
626.1645983858573 808.0872404639402 6.0 2
248.66373706470725 94.7279903768018 2.0 0
222.11871981684828 765.5741243110991 2.0 0
515.546472999602 944.9342636521112 4.0 1
557.5225934547194 222.6193999254318 2.0 0
285.0368838040603 56.764495484917134 2.0 0
390.5589195385755 100.80855339313732 8.0 3
976.4438217682905 868.9831077139073 2.0 0
593.2620020028688 53.07951602949257 4.0 1
376.2833280587866 844.3075000498162 4.0 1
241.37876317231056 20.317508280943585 2.0 0
54.234377351396915 786.3401049120927 2.0 0
806.0665474568129 368.9155810954928 2.0 0
290.93818312185294 438.59905068042906 2.0 0
980.5643564304371 276.3476883434461 2.0 0
341.0154697478196 180.31272388018405 2.0 0
596.4665649226372 925.4059631260345 2.0 0
375.0829076773453 837.2808714542874 2.0 0
726.8067137516899 940.1852690482527 8.0 3
949.0906539662453 800.5406879720855 4.0 1
702.214286277826 641.4429159270273 8.0 3
820.440949755379 366.37434425590885 8.0 3
135.4851019743868 82.1442837069809 2.0 0
32.61213672225616 624.1895023976758 2.0 0
615.0865276756535 935.2183520038504 4.0 1
903.9215702986496 91.1874297786731 4.0 1
838.3758882002202 880.871468794987 4.0 1
888.4212022834688 378.5522847492616 4.0 1
501.11827252176977 931.8551368285046 4.0 1
32.21545734088815 723.0127330772928 10.0 4
81.06766800456656 530.1079680346876 2.0 0
532.9740821058972 846.0587620392491 4.0 1
893.2059913856879 470.94393243921695 8.0 3
635.0373717488997 610.5138629751744 4.0 1
108.03827297683898 445.21797569225305 2.0 0
337.9253125442788 211.59728787356025 2.0 0
317.3744304911249 91.8854008663672 10.0 4
90.11125925177288 12.07268949975182 4.0 1
768.8120286346026 419.2731938096291 2.0 0
130.23478294815683 949.5598544390464 2.0 0
239.8870887576272 942.6554063904233 2.0 0
949.4289145963792 601.1354678058542 6.0 2
627.874195635785 861.0724141577588 2.0 0
45.967073630807874 550.3401737705016 2.0 0
