442.24151293025403 822.532486253918 5.0 4
92.08823413633826 221.65579765765432 5.0 4
48.82467409239999 615.4623507936002 5.0 4
651.7003876132843 777.4216764546778 5.0 4
847.874597204483 355.8944014682309 100.0 0
815.2779568116019 68.528481017738 25.0 2
264.0813870564251 295.1943821717412 10.0 3
169.8360999855022 620.634565606444 25.0 2
370.89722938696855 676.442031000713 100.0 0
478.9911443198951 270.12607383811473 10.0 3
477.825960710594 121.10823943792704 25.0 2
540.242250923753 887.1588943861203 50.0 1
425.4422699632631 181.95320586863005 25.0 2
867.3215816411731 943.6482072119452 5.0 4
760.7472942943863 903.4308669443077 25.0 2
127.41625740527584 263.6259572460767 25.0 2
620.9458725359787 545.5757133074678 25.0 2
557.8875172443791 678.3577480532338 5.0 4
479.1616305779755 782.9194816920922 5.0 4
604.9433723885307 431.05394822571884 25.0 2
983.3992843303298 977.2353653263264 10.0 3
712.4710592707042 558.1324000118514 50.0 1
155.8182302355967 868.4122467925727 25.0 2
439.557385850338 77.17850502380341 25.0 2
385.0494264572434 283.6857798565974 25.0 2
409.23489951700043 794.6237678253386 5.0 4
918.538643255743 177.6511330461348 10.0 3
926.2552058340801 767.7383983576257 5.0 4
203.75150618236236 786.5740725593716 5.0 4
504.64800752268303 215.3741568657147 50.0 1
347.9414679077877 557.2736344953217 10.0 3
522.3316820952531 984.0196824501392 5.0 4
428.1558906686379 443.4514999908036 10.0 3
396.8382381108885 889.5989607248129 50.0 1
80.8841495128788 664.2025164870419 50.0 1
965.3512529952274 49.166207885201764 25.0 2
81.9640217554456 324.21320669548936 50.0 1
513.3900619922894 17.732520779779605 5.0 4
380.1474876718517 45.176166845255054 5.0 4
245.8865850094505 848.53290044198 25.0 2
332.5581564742236 446.80163645543723 5.0 4
926.1535046770695 704.6401627609005 50.0 1
382.3115363241444 812.1680851609383 5.0 4
317.51958928840077 895.9135551041749 5.0 4
636.7653915804433 510.9187560441475 10.0 3
714.4181571257463 102.16079751396556 5.0 4
107.87217505362645 833.5172926336763 25.0 2
776.1548592022209 59.97837722543575 10.0 3
793.3704129441576 641.5763788547612 25.0 2
737.8961920449032 769.1556526603918 25.0 2
257.2070066372921 22.311083863040704 5.0 4
537.2218769728415 396.82214227084376 50.0 1
877.1970628133066 612.989847349896 50.0 1
755.5979483597517 72.08954306548809 10.0 3
721.8442806676751 376.2137611317944 5.0 4
761.392697131671 147.34144769723224 25.0 2
151.69119537275222 805.608906758388 25.0 2
260.9591521024419 916.551579001021 10.0 3
329.7781933186055 358.08577912765514 50.0 1
138.0729622034338 20.306989704091617 5.0 4
339.64639213949164 150.00930574452886 10.0 3
511.9406867516304 30.516092878180025 5.0 4
506.85436720138676 509.8809209131119 5.0 4
200.8673009233195 494.43499702157976 10.0 3
622.2405059032902 110.45011933257676 50.0 1
612.1988268184838 737.6080760057538 25.0 2
617.950927260251 17.6751127426763 10.0 3
656.2850476128293 21.682613480977775 10.0 3
25.57908545749854 561.3766739971132 10.0 3
674.880308027289 671.133658798658 10.0 3
537.4812291673678 601.847765969611 5.0 4
348.4703237792246 54.822412155673625 10.0 3
648.2511991660671 240.69620265795223 5.0 4
461.6198865695892 807.9486474940339 5.0 4
478.64109384561937 438.11011799797797 10.0 3
785.3279958790038 197.70822042926005 5.0 4
38.86702487929361 839.889800666322 5.0 4
710.8953179135357 24.64231332519118 10.0 3
503.38549521872454 658.8740675505826 10.0 3
221.82580195242707 129.33156706164428 10.0 3
798.7200531862578 959.1706761304752 25.0 2
305.5577783592638 42.89453799212273 25.0 2
98.23386626252551 900.9119744572337 10.0 3
58.276020917904845 764.0845617426234 25.0 2
30.889207745150138 969.4699014576973 10.0 3
271.87713408816495 129.06796614822647 5.0 4
110.73684700324281 486.20473083744355 50.0 1
577.6645714459934 464.6976020085967 10.0 3
191.4786943381176 690.718656336189 10.0 3
565.5679562708476 488.60581290982276 5.0 4
926.2196025873477 101.79471452779143 5.0 4
7.823953016502516 978.0503025965296 5.0 4
249.7778876835791 601.482392739913 25.0 2
944.5919700426979 206.30072039091607 10.0 3
549.1747603427979 800.7798060964408 5.0 4
327.1006376525015 965.8515619503313 5.0 4
987.7461239295138 223.20469683086642 10.0 3
340.04861583440083 986.9445947652736 5.0 4
364.7714380907853 113.86136533462987 25.0 2
274.34118356921823 740.8254847027083 10.0 3
291.3076295589138 842.3171579033876 10.0 3
977.5154865973644 884.1326021224344 5.0 4
484.4731551534962 573.440400693774 25.0 2
889.9383049816789 171.8926069419897 10.0 3
685.0959830154044 742.3592331245727 5.0 4
849.7214026263814 870.3946282275916 25.0 2
605.9532018447862 514.3308484637631 5.0 4
303.3505458342531 509.95314728150555 50.0 1
18.279673944516905 675.7507556465027 5.0 4
639.9470422532725 435.40732024381987 10.0 3
807.9055022633602 573.2240211077376 25.0 2
921.50173495926 899.2051513602461 25.0 2
719.4154596014213 936.6933506629672 25.0 2
969.6936683614863 393.9495733860805 25.0 2
137.63694391701364 610.4922347088884 5.0 4
607.4534027495894 926.2264907346416 5.0 4
316.2909457432246 967.1550868310978 5.0 4
514.6234968291284 709.8803650715603 5.0 4
853.0064050328353 768.8642964733649 25.0 2
27.09888332947874 773.3392840200773 5.0 4
658.040061667227 847.3465046286733 5.0 4
157.20636580898827 516.6967776568989 5.0 4
572.2164549149882 28.200913022245366 25.0 2
738.4230625496458 36.73118736268077 5.0 4
466.7989572222101 743.0276637969552 10.0 3
404.8398287727987 144.55459582970408 10.0 3
763.117189593555 41.025099175630686 10.0 3
311.70884875156844 935.0284955508777 5.0 4
760.9444534283048 471.3599116491505 10.0 3
909.1879404474805 780.5112050473167 5.0 4
523.7428285006004 705.0323000945964 5.0 4
572.8990234085215 815.6628092203588 10.0 3
689.7979898516402 468.58500076252983 10.0 3
958.7795111047689 502.550166031455 5.0 4
834.8245403555015 235.76891994065176 10.0 3
37.18460249574606 114.92165319382741 10.0 3
105.41536584788058 72.33565715388646 10.0 3
169.12778877648148 696.0137625116147 5.0 4
301.58966594520575 961.8789961749563 5.0 4
669.069842949841 31.06785530302103 5.0 4
672.2350655426554 438.9472717043211 10.0 3
812.477477667489 853.6988719932633 10.0 3
534.5231261584144 265.5683847496197 5.0 4
954.5300017728571 865.4671838147459 10.0 3
178.438872541105 544.2990585992032 25.0 2
586.9786852818864 928.0711348298588 10.0 3
959.6031038505669 104.31124374297984 10.0 3
133.72969442499937 729.7862153687655 5.0 4
204.23472255309505 262.5520911760555 25.0 2
665.4137060167428 190.87669163849796 25.0 2
24.389911081278303 784.3925672214273 5.0 4
583.0597790096646 611.692739144062 10.0 3
818.2775620889943 175.83222542867327 10.0 3
678.8314294270351 78.0941962898869 10.0 3
701.0354312037903 316.8042043586152 50.0 1
554.2505133304354 726.665985997168 10.0 3
906.4956211026807 492.6411522079517 10.0 3
705.247189866286 405.57794772250145 10.0 3
65.94071869478613 853.7891129052892 10.0 3
206.8976628182443 571.0438458592234 10.0 3
811.5432453505922 147.11626736468264 5.0 4
329.1391626393659 845.9931029841247 10.0 3
166.70893122868102 313.91391730049287 5.0 4
199.32163975431916 926.4911534054633 25.0 2
420.3502863599724 830.389195442845 10.0 3
210.42656719322383 743.6699150047161 25.0 2
731.0235142256556 887.1859618647501 5.0 4
740.195674054748 404.09598456056995 10.0 3
46.4119599784123 888.2387895163243 5.0 4
814.1889328010633 468.987522415688 5.0 4
175.38125704358777 51.37015578011584 5.0 4
912.6030049064374 830.0545342073849 5.0 4
364.92470410899847 427.8181606895003 25.0 2
245.41448251161756 114.5089381785489 10.0 3
713.8743310671729 871.5592786542236 5.0 4
283.2613554665949 215.36741401175286 50.0 1
627.4720246696172 194.30848231583087 5.0 4
448.61538099679785 549.941267056525 5.0 4
698.7703193241123 731.8390526684269 10.0 3
206.23680215969165 855.5357859542663 10.0 3
455.6481379088151 912.3865974061447 5.0 4
626.6976257855935 392.6298080020394 10.0 3
12.554253371209745 539.9060027362912 10.0 3
274.1116095118724 39.70117983582222 5.0 4
254.26744447323733 461.727219179246 5.0 4
887.4551460417614 484.34252008047184 10.0 3
785.9069271196046 547.6931906736154 5.0 4
479.9731859840817 674.4231801210843 5.0 4
184.83086081106947 189.60256320386793 50.0 1
269.6624022366818 318.4890756810429 5.0 4
570.0674293394197 742.6747487264653 10.0 3
506.3254881806045 524.6286217816606 5.0 4
30.056716618265035 888.263888966972 5.0 4
941.6545094827037 276.4219375270749 5.0 4
18.844425586694523 306.88877745212284 10.0 3
607.99821472231 348.602024231053 25.0 2
940.783529024939 809.8065635144043 10.0 3
62.536800255330704 225.12551015463688 10.0 3
720.3968000318653 228.4234199010585 10.0 3
219.62448722613826 29.11263075234849 5.0 4
618.3498287114362 245.07300305046365 10.0 3
248.76556335901924 692.9694294180014 5.0 4
421.9627522272319 785.5390460349875 5.0 4
854.7475772389772 509.7535686130931 25.0 2
984.2777648255342 832.4773999992326 10.0 3
426.4496410698124 394.4784555660689 10.0 3
323.3522926127426 954.952746572422 5.0 4
88.48496165697539 83.87955699613802 10.0 3
670.6316012151144 946.4709783249759 5.0 4
888.1698416451027 89.65107764704838 10.0 3
869.1615627027192 121.42163888046088 10.0 3
185.83184887971015 24.897426878252695 10.0 3
611.2299936262917 864.5831364609983 10.0 3
55.45648434116301 272.92263910050883 5.0 4
989.1161762827479 276.5150628750128 10.0 3
745.6207185916811 649.3879801273226 10.0 3
776.604757926963 466.2595919053324 5.0 4
620.0017150245961 796.4228036942485 10.0 3
540.5020720604791 24.901540474525973 5.0 4
343.1434683421861 169.7610567480342 10.0 3
201.76068125984082 705.4790410266951 5.0 4
860.6581064902344 237.89548384754755 5.0 4
79.77095940526846 818.2183620300976 5.0 4
966.0692744575043 234.710336632441 10.0 3
305.0630572766865 866.7690669858335 10.0 3
318.0429986967226 830.8803565770651 5.0 4
396.92432617335015 975.5096773467427 5.0 4
243.23172667003655 502.5935803058399 5.0 4
722.608729664976 671.4257621436132 5.0 4
643.574502452932 610.5556697922132 10.0 3
838.7309394846802 569.1070821264288 5.0 4
571.0396718617261 559.995711421829 10.0 3
931.9513638888473 477.1255771285174 10.0 3
704.2535088598659 982.9222799500551 10.0 3
408.30182775389744 461.6552877194133 5.0 4
173.75872594700513 577.0878408831879 5.0 4
681.5482224940209 874.4786446928139 25.0 2
170.37880876683198 100.07153354105391 10.0 3
916.5191396692496 531.1743620007816 5.0 4
978.6010837847533 659.8526082381089 10.0 3
969.7237631487889 292.62396396416966 5.0 4
148.14361658256203 740.5691192163935 10.0 3
726.3741101312756 493.85981580531944 5.0 4
604.2183743537734 303.53512771470105 10.0 3
130.08776874032324 101.18328289739564 5.0 4
332.3688180811786 300.6695942938822 5.0 4
227.64757587318363 820.2505345669629 5.0 4
965.1786168571593 944.6266255910112 5.0 4
121.74888972072162 777.7545286487622 10.0 3
270.1118338865135 971.7760061595121 10.0 3
141.3583254601508 601.1736717461349 5.0 4
915.7819850715402 814.6066487108257 10.0 3
40.25233636151526 280.4838639659767 10.0 3
972.8381428563858 934.6611128127975 5.0 4
109.29714409754997 974.3716140918723 5.0 4
469.2866502119232 358.12764582282716 25.0 2
633.6253124700513 938.737249432616 10.0 3
453.0346172624079 464.90940320716203 5.0 4
265.8925792587944 634.7980112957497 10.0 3
584.7972197401534 698.3954907411805 5.0 4
979.8153008360501 115.60254618277921 10.0 3
948.710950596808 541.0084066254354 10.0 3
881.8529215957914 742.8987283304716 5.0 4
590.4413316089774 962.3355963073324 5.0 4
504.48568869723965 765.7208781202822 25.0 2
368.0006884195922 191.50422165586667 5.0 4
64.49272654563542 946.517742027614 10.0 3
166.0981279558742 366.5585775594451 5.0 4
719.8542521781058 10.262517284843952 5.0 4
247.0738818369297 59.023885969362034 25.0 2
615.3077245825335 165.68104986275424 5.0 4
934.2072645032268 955.5157398548645 25.0 2
68.82712263894697 564.7557476116147 25.0 2
640.1855129407111 969.3262367996219 10.0 3
563.229253087725 508.0431953060204 10.0 3
49.64228517102598 711.6416984055268 5.0 4
147.9256563190845 987.7720794677148 10.0 3
766.7449225061647 715.9467275458502 10.0 3
907.0509571032517 41.372356843515924 5.0 4
146.37235579242392 106.58288657948466 10.0 3
971.0319582559662 349.1849728674277 5.0 4
681.4240637433473 507.35011445489675 5.0 4
738.0826085290556 181.65325737883032 5.0 4
114.67335568788283 46.09416137657518 10.0 3
738.7796820695601 696.1107407439549 10.0 3
91.77372008166896 256.742600468705 10.0 3
660.3447215435402 711.5074959695577 25.0 2
77.3191266273976 169.80773040847708 5.0 4
921.3713976857173 867.7468590955726 5.0 4
631.3007847200726 184.2349283049751 5.0 4
5.1824669277520385 580.3023776646346 5.0 4
271.43108007162164 930.17427867959 5.0 4
906.7521876226937 91.73727231847917 5.0 4
531.3283689828395 806.179389200776 5.0 4
711.2959551655848 478.6834674544519 10.0 3
239.59288364657417 658.857630220384 25.0 2
958.5661334439367 162.24029559992414 25.0 2
251.51037919392004 346.2508355035816 25.0 2
165.32002221301778 455.3299338679062 5.0 4
558.7117373057121 579.9803708390078 10.0 3
586.0571392510958 852.3795431767443 5.0 4
254.40611993326723 767.9948497988902 5.0 4
489.55183472473254 646.9894015845175 5.0 4
859.8191669442626 715.3807379069432 10.0 3
95.52631476242878 417.32443423761487 5.0 4
138.71227422083953 301.50208943662903 10.0 3
275.9709236319444 440.4022188590725 10.0 3
966.3381230998291 594.6672806723924 10.0 3
779.4749832546763 243.13549269588387 5.0 4
412.9075162467284 948.6243278710622 10.0 3
252.3741328675917 9.678074254032332 5.0 4
233.71114055921916 384.52385720826334 5.0 4
191.28868923682785 76.30692408385842 10.0 3
605.6167873353481 813.8117841413296 10.0 3
303.46884836808664 821.9642503862023 5.0 4
831.7593107005035 666.5691614559667 10.0 3
291.8173570499634 296.6413573593569 10.0 3
592.6418777624486 62.20884326530085 5.0 4
498.11168136699314 95.7823693936789 5.0 4
935.727940265165 626.7424789697911 5.0 4
406.40271938895023 341.92667509921284 25.0 2
729.18521586554 827.6239954512091 5.0 4
353.55576793049346 209.927355256047 5.0 4
876.4286099878605 920.9971057044452 5.0 4
126.82124270055961 893.2482091210527 5.0 4
342.4432601776908 937.112414620282 5.0 4
708.9350401171578 821.2249267454304 5.0 4
120.64804571661337 945.2036884346757 25.0 2
305.7117777462764 422.68260261095145 10.0 3
209.92645225795025 101.75830603937031 10.0 3
6.455322330792712 521.5967150507457 5.0 4
369.21672507223326 509.4648216118851 5.0 4
583.7927582540685 798.2525052581456 5.0 4
715.406991187614 432.98381859585675 5.0 4
325.5418037799092 90.255457566091 5.0 4
132.31679178846966 992.2190868770673 5.0 4
224.7969613225712 518.3931097814558 5.0 4
744.6256266855738 845.3853698218979 10.0 3
13.118534782153525 913.0662305408589 10.0 3
374.16816922713537 953.2330632403747 5.0 4
567.4548685972843 935.0947935101958 5.0 4
440.4344613474761 793.077903565614 5.0 4
276.90508374397325 619.9152530843986 5.0 4
84.31731924821439 125.45756390089757 25.0 2
968.559732763932 920.9536551729166 5.0 4
864.6933447204398 898.8159094875451 5.0 4
963.0181333925324 520.6264146917713 5.0 4
979.5239368025391 816.3237827061645 5.0 4
265.9405406270282 109.9755335074355 10.0 3
840.6460696828302 479.66254216417184 5.0 4
896.3844119672971 246.79459971247354 5.0 4
973.9848304233559 459.8310332922564 5.0 4
195.86792592952597 43.20277325758759 5.0 4
616.785507587471 679.7829031108474 10.0 3
33.93781269850737 27.694045206759775 5.0 4
925.6358331166438 84.32177099062388 5.0 4
748.3036774607253 824.2587545615025 5.0 4
673.8344692031698 922.913754734094 5.0 4
48.85452492041564 184.7676070386337 25.0 2
802.4825605716206 220.12256698583488 10.0 3
740.9006127767458 22.001140400738084 5.0 4
636.7290953601924 304.15111852894586 10.0 3
224.99055139047076 703.3952359122433 10.0 3
236.41577508944212 90.89301979011965 5.0 4
101.72433621062515 388.38947345460184 10.0 3
774.1454235934046 757.7377932892708 10.0 3
725.6142692249829 246.92534743971595 5.0 4
403.13650686131433 63.483076348375356 5.0 4
531.7047961452147 455.96715372894414 5.0 4
17.395911675839315 278.7303216277988 5.0 4
544.5563941412721 99.02491992335727 10.0 3
989.7240665810396 719.5431998880155 10.0 3
535.553564123222 559.1348163185985 10.0 3
828.2424138518268 142.3544144386044 5.0 4
294.0359983195427 806.8978942294684 10.0 3
9.595910228252569 480.2028867179714 5.0 4
977.9681948796987 872.6226067577189 5.0 4
788.0499657250854 680.7246007356244 10.0 3
605.9760680457251 910.4556353924285 5.0 4
360.8697087623035 198.97035411242302 5.0 4
585.2170955993267 646.5456737728966 10.0 3
383.95649039559567 22.76117850476478 10.0 3
790.419878434673 818.1393360498495 5.0 4
983.2224866430175 303.0897397135424 10.0 3
893.3290425417299 966.0859133239184 5.0 4
861.5893710803089 964.5039235108636 5.0 4
854.7656426778738 553.4653918275311 10.0 3
397.31683150362284 109.01866205502819 5.0 4
334.23587356650995 892.2500825248253 5.0 4
765.983223289693 224.08813364599644 10.0 3
785.962761505361 788.8588645882285 10.0 3
128.3139672264809 571.9135749762976 10.0 3
509.4038812278345 155.29428458153848 5.0 4
921.5143604692594 232.37661613427173 5.0 4
232.61065984679408 17.72659168701729 10.0 3
762.9746299891759 88.46370487889365 5.0 4
767.4954559827486 603.3984413167256 5.0 4
491.22705611144943 86.15597158953814 5.0 4
354.39099482044514 463.35879853740556 5.0 4
214.29028338132704 616.4374958489451 10.0 3
421.69634207472507 977.3846913919266 5.0 4
802.5480030558494 251.02660861843074 10.0 3
544.7830617751326 773.232625102625 5.0 4
603.5380692293805 485.8621570851217 5.0 4
246.45244728474114 157.99359397395386 5.0 4
82.34983330107026 238.81788856814168 5.0 4
412.22064371130216 525.5560322647326 25.0 2
814.6157782894908 880.6879118675444 5.0 4
622.4407325130867 699.2315921859607 10.0 3
644.7478801764645 460.2286554733723 5.0 4
617.9015106596275 622.1519310497597 5.0 4
289.19995140016886 875.9214479557985 5.0 4
171.95064689899652 502.86972552552066 5.0 4
705.6754239421093 188.3456782151318 5.0 4
647.7832429171449 875.1210162878058 5.0 4
353.2111506961798 797.9117584732104 10.0 3
266.01458184372603 955.5989208185068 5.0 4
354.4248737173971 234.906010399218 5.0 4
584.3315978442646 770.2704589559543 5.0 4
384.1785701076682 481.27515194094985 25.0 2
541.609875037174 468.2429899123526 10.0 3
18.8807151895084 618.2721805971477 10.0 3
994.1320923795048 580.2130705128044 5.0 4
579.4566632609223 580.8366921548176 5.0 4
724.2994477973148 60.26696491891725 5.0 4
734.3057990194167 867.1942815975012 5.0 4
642.062244155935 327.12035530294935 5.0 4
504.4307200211525 342.56400787105156 5.0 4
147.21514963049842 648.2107965320441 10.0 3
284.9141965459795 421.394739000007 5.0 4
229.1557911115223 419.30291002568566 10.0 3
668.9804139581549 410.8252653203346 5.0 4
967.3406019871182 194.65659754670273 5.0 4
204.8393051278764 840.240189454346 5.0 4
185.0735129247716 477.3128058997161 5.0 4
484.49285819135315 463.48408637033214 10.0 3
214.76766979800567 331.27197623126915 10.0 3
787.5037166211497 844.1059501493806 5.0 4
963.9032594988703 471.7391033718572 10.0 3
697.4373281010004 766.9416770491904 10.0 3
112.04622705282408 745.1993895013704 5.0 4
269.68170168239726 562.2892338724105 10.0 3
110.3380637935345 579.0247633641005 5.0 4
196.63324087162616 815.8124539089087 10.0 3
479.61836457853593 805.6635383651501 10.0 3
701.413550727227 440.8749108146256 5.0 4
540.5078375331592 684.5849988741467 5.0 4
657.663929046674 646.3172059814212 5.0 4
642.9992475354779 813.1294823367846 5.0 4
443.0557918178567 926.1697294286471 5.0 4
136.41308745215187 904.8779153822118 10.0 3
901.6991044361941 117.21272316981435 10.0 3
976.1031724107465 81.005294785775 5.0 4
481.8202726451686 415.4527904767371 5.0 4
903.3466876598625 134.6174825911265 5.0 4
731.7376162536993 442.0462451242062 5.0 4
40.76286509307159 481.02396164140646 10.0 3
149.44664978068369 405.9226374396413 5.0 4
951.902441162192 254.77779335845196 10.0 3
73.19262605253107 93.31663250552313 5.0 4
581.954717154588 324.06752926317705 5.0 4
137.86844967283818 368.1765392726946 10.0 3
744.3414986905135 992.7514965409061 5.0 4
822.2163233696627 902.4826161983909 10.0 3
216.4149281935823 18.090950804123928 5.0 4
870.9233136446534 89.92156059705148 5.0 4
626.8597941288172 982.2634383517485 5.0 4
541.6770331924569 661.4472369910458 10.0 3
931.9680859703369 121.57453519680506 5.0 4
693.3781434115483 817.1833108578628 5.0 4
961.0624033828843 80.55145589501444 5.0 4
28.342108827033474 430.5695557504105 25.0 2
753.3427029108263 440.7820981061168 10.0 3
547.5362879678161 453.3142068579793 5.0 4
829.4806327357946 975.2891412464393 5.0 4
463.55854901016977 851.6733775721679 25.0 2
803.237732511424 749.6018382796664 10.0 3
856.3787465502692 29.60986425005241 5.0 4
474.7740593124702 505.5615487355919 10.0 3
847.1088393901598 970.1929065436916 5.0 4
156.49443991702304 252.2423384479572 5.0 4
177.22444190153263 663.5370875531327 5.0 4
755.3721190184232 940.9292106473556 5.0 4
136.45394991020532 760.4956281066105 10.0 3
563.0020557854531 210.32273682045465 5.0 4
798.493217009797 182.79584141435922 5.0 4
290.64210437095284 893.598000287102 10.0 3
35.11889322730855 814.7731808768165 10.0 3
18.21334684296072 663.9225799889862 5.0 4
789.6961578965328 98.4278703699485 5.0 4
789.585168767956 738.239966844826 5.0 4
773.5218606690476 856.1394784515927 10.0 3
811.0566694341449 828.5972612543247 10.0 3
140.6954061218294 73.19890568884013 10.0 3
392.01636658075967 798.8836287828067 10.0 3
249.21340608005093 813.0492190653418 10.0 3
799.1885134859824 494.5885138854501 5.0 4
718.5387649432729 81.42612430429186 5.0 4
550.9203229590817 749.944438122892 5.0 4
749.3214343405068 685.1336707950095 5.0 4
222.3627943229166 572.3992815096158 5.0 4
511.02240094640104 674.6806696959 5.0 4
458.6278539529802 271.3647969748695 5.0 4
651.6617971274833 253.4721760314047 5.0 4
744.0268808190461 88.4750965076182 10.0 3
788.7544252239986 36.62474937174187 10.0 3
811.9816374801816 705.9284139327044 10.0 3
432.86263427188 282.52002971193144 5.0 4
728.599860784152 146.04781366261244 5.0 4
757.296507623299 957.0023038848824 5.0 4
848.215815368371 200.3073094751413 25.0 2
562.3232157570058 78.03708974419132 10.0 3
83.27478056517579 885.5570950673724 10.0 3
944.9835230264382 841.4196698606253 5.0 4
493.5933208641863 834.2887527844974 5.0 4
298.29836819070266 77.57680191711336 5.0 4
537.724693786757 488.59366374459876 10.0 3
581.7289179316452 205.9089046765391 10.0 3
934.1998236651308 421.97410106451304 5.0 4
64.01976079762461 264.1022281537229 5.0 4
536.4495496485861 530.8474368538599 10.0 3
473.9802327177025 906.9086351136956 10.0 3
710.0779659541433 628.129248577868 5.0 4
15.679140487449006 209.65749031826252 5.0 4
24.073265765180984 153.18140772542554 5.0 4
408.9543379456805 227.42515247713624 10.0 3
332.06354823385254 417.5387960678277 5.0 4
463.6658885577876 764.9881532812104 10.0 3
456.99986867081157 791.816584915022 5.0 4
826.1647046015242 471.42882743649415 5.0 4
455.29764841566987 254.5712015655146 10.0 3
640.2084541194868 663.0615755938372 10.0 3
961.23674060567 643.9909796808489 5.0 4
901.9808226791879 230.12385153254235 5.0 4
246.93177917465337 702.9538567335806 5.0 4
738.5310711529451 229.75452948463493 5.0 4
937.108132404928 555.7337755082036 5.0 4
417.04288675929104 264.8009290006593 5.0 4
10.282867488673908 461.45992234017973 10.0 3
374.1986001021046 78.21916895995429 5.0 4
225.9402356150867 533.674763085737 5.0 4
914.6786360147288 149.63641289153983 5.0 4
220.4092500422573 293.8440061852094 5.0 4
37.05248081940138 871.3793474903504 10.0 3
567.6186319031086 294.0361329802975 10.0 3
335.878645905035 957.2729707123933 5.0 4
520.3901859394667 323.04606621265896 10.0 3
157.52949979322563 240.2748820390862 5.0 4
438.17098142295464 333.4271970974412 5.0 4
46.44390285802291 98.01007599117185 5.0 4
521.8536741269257 951.8552317654511 5.0 4
550.287285608661 823.3931853476844 10.0 3
28.436813856397404 535.8957089263561 5.0 4
619.1303606252955 272.56226637221215 10.0 3
712.4563218395319 207.58913152045233 5.0 4
760.4883181666374 693.9204162191263 5.0 4
753.9743378356515 805.2144127107327 10.0 3
488.12093820124824 635.0380378026803 5.0 4
210.48150061359584 360.3138853503474 10.0 3
915.6626380675758 459.3591150284088 10.0 3
960.5010954017222 782.2235577157478 10.0 3
478.15468020845066 725.2606516327947 5.0 4
22.88180519388461 259.4200288671076 10.0 3
919.7643884797511 10.050709097171318 10.0 3
240.18665055250798 797.3127028594978 5.0 4
482.7537507584605 523.6377574249832 5.0 4
241.743409814417 263.8566467663461 10.0 3
792.8460925706383 713.9120508893456 5.0 4
398.3586496169057 989.2807255768158 5.0 4
304.45983480479686 916.5665805611255 5.0 4
865.4194204618942 164.00333775010435 10.0 3
960.651944130591 889.3027070149933 10.0 3
83.79076175419664 431.5739632328923 5.0 4
513.7556192882996 463.3551727834592 10.0 3
452.90314948119027 598.2715163497202 5.0 4
622.6556558296376 634.858950189805 5.0 4
290.0758472563161 605.6173303164554 5.0 4
662.5590786344341 976.4852475810405 10.0 3
230.49610493739604 989.9320059712065 5.0 4
74.19967631791225 13.198778887589913 5.0 4
186.24317777793397 312.7332413456128 5.0 4
567.741431117698 765.0019514723994 10.0 3
643.4105707346407 785.7213607976514 5.0 4
968.682614882182 324.7734917741789 10.0 3
765.0318130990852 653.498854698991 5.0 4
918.1180557653114 516.128992296892 5.0 4
21.145906592250686 60.92839093820801 5.0 4
391.4127815726943 409.377418896008 5.0 4
980.86683139292 772.6120211526408 5.0 4
300.1939225691097 438.1989368492275 5.0 4
124.35694973361444 143.9854587178333 10.0 3
597.7503478392144 973.3506674114234 5.0 4
453.62044097943044 434.04025041715397 5.0 4
732.3769176319407 986.244246390707 5.0 4
212.78426611232172 461.0455768934797 10.0 3
941.9226858249032 594.3086655710903 5.0 4
444.2664376632059 578.1791396552358 5.0 4
388.16199914657267 957.753593206104 5.0 4
9.655967638264261 356.22672524030395 5.0 4
981.0745993870388 958.0789940208138 5.0 4
175.14682241350243 735.1245333426477 10.0 3
698.5003505799237 497.01213337880125 10.0 3
748.8812301299076 114.24893485543674 5.0 4
152.32347221190867 345.64466463676956 10.0 3
119.7321866219574 867.3547469125581 5.0 4
305.90845073110853 276.04274971115404 5.0 4
621.2590278499084 185.12937227622305 5.0 4
474.6259536382672 934.4230078193641 10.0 3
101.23147866202598 587.169456604435 5.0 4
980.06960937413 574.8084600257145 10.0 3
442.3449825211727 139.40787170317736 10.0 3
650.5747481400059 388.36394591450176 5.0 4
867.7416445329702 801.4175568766079 5.0 4
881.455068831875 862.3977322179475 5.0 4
600.6526317400619 849.9215674525489 5.0 4
6.31816365431126 564.560009790619 5.0 4
242.67589511118481 491.3844776990477 5.0 4
223.04167150692754 489.8259959335895 5.0 4
19.10375881881454 757.786488339204 10.0 3
57.388897908112746 376.066320665555 5.0 4
927.0137481652016 569.6258827437337 5.0 4
589.587563134904 711.5948809191398 5.0 4
553.2444131756196 278.8434607612159 10.0 3
507.25840965632693 635.1854033736815 10.0 3
836.9743016023135 932.6377015568573 10.0 3
108.45641977846365 239.84922759019446 5.0 4
956.8469516910307 618.720348199079 5.0 4
413.961665266792 776.591872760734 5.0 4
499.3856805996345 614.6288219466136 5.0 4
655.2717131445457 472.0201313799286 10.0 3
156.78091181272546 910.3931509377187 5.0 4
522.334882647056 723.9284221898995 10.0 3
82.83853266644226 403.3110617647705 10.0 3
458.49656889090085 172.05383756054215 5.0 4
263.69803899497776 942.7265378129932 5.0 4
443.8791694059625 379.96867752160125 5.0 4
544.0115458539707 291.7595196470516 5.0 4
199.6032202414656 894.3127953858607 5.0 4
835.825860186887 161.6526688085478 5.0 4
170.95760804432615 119.86337910945288 5.0 4
266.82134642181046 273.2383312793339 10.0 3
679.4325536981703 397.78411067314033 10.0 3
236.28045090114148 149.26839574601715 5.0 4
298.0241905076387 149.12403367378414 10.0 3
565.7710068607315 322.1120866679381 10.0 3
161.6699497185151 410.93574385989416 5.0 4
347.8584414142741 273.56739370786966 5.0 4
292.940677451871 106.40546944060358 5.0 4
565.24216906133 451.5738111212488 5.0 4
759.6166257757941 512.7996231991564 10.0 3
315.0855490606485 265.13320473845414 5.0 4
695.3370625056849 66.72868114642438 5.0 4
895.2890682528028 875.8196373886547 10.0 3
119.65553303006638 113.06378690847419 10.0 3
528.9971642988457 624.2623461971808 10.0 3
759.1582637310025 456.2465367858226 5.0 4
442.31993727787847 218.99614961469416 5.0 4
185.01272870006858 433.39745762240625 5.0 4
17.559844488339138 239.86768641288057 10.0 3
61.844930449746705 33.34403564024979 10.0 3
944.1715801304522 84.77466578466908 5.0 4
480.61616629017055 704.7040706507079 5.0 4
391.5951076580383 96.94827663352812 5.0 4
447.5053075580736 293.0174248712913 5.0 4
561.2256017934454 628.0074610848858 10.0 3
841.3861987271379 958.4618350390634 5.0 4
876.838346972999 845.5525802935321 10.0 3
857.7530462464142 463.0755212320691 5.0 4
673.7420591039104 772.044932682419 5.0 4
834.9503231102743 681.3011994490508 5.0 4
509.8244356834528 542.7242618309435 5.0 4
921.5203716911715 790.0238620224935 10.0 3
435.71764983435577 407.2571627953717 5.0 4
673.8910172197662 225.39921672234297 10.0 3
124.8848679257637 621.798557377306 5.0 4
86.99268966826423 796.8258563061779 10.0 3
865.4755190552545 70.54912579335549 5.0 4
828.3204593551293 951.4044153338959 5.0 4
208.79267685065307 665.7301922831889 5.0 4
398.1931565939777 387.08808384307946 10.0 3
493.3555193257634 334.5340716229949 5.0 4
202.49704303346016 23.46928453287378 5.0 4
728.6952844892585 110.61896700042718 5.0 4
42.131704591740096 375.52835787668937 10.0 3
711.5500699286541 850.476327346808 5.0 4
20.467461509281804 87.33182123476236 5.0 4
480.75429630356956 57.93758008764416 5.0 4
648.72097757004 346.09521524494613 5.0 4
834.0876883280639 463.7742637209983 5.0 4
185.0981250641296 415.53996331734334 10.0 3
855.6891474569534 808.6160812513297 5.0 4
625.7409081128837 782.1228514466826 5.0 4
703.5925264190107 833.0509171041816 5.0 4
506.69096032397476 831.8045259189769 5.0 4
637.9873921333203 825.982843886689 5.0 4
251.9634097653286 393.21332981665256 5.0 4
438.03904138012075 323.1261293494655 5.0 4
94.06811987987884 184.96136143991572 5.0 4
771.9866482939358 593.7978772298517 5.0 4
864.2749638346974 43.76968804727199 10.0 3
521.4889899568298 106.1199775024001 5.0 4
923.8642895753865 136.2697746017223 10.0 3
448.00715957458516 564.6125860557553 5.0 4
881.3300340428921 455.4805005461342 5.0 4
370.64148999166326 213.50984223489954 5.0 4
845.3536667780235 17.727642134510614 10.0 3
986.3170560100948 615.3508686397578 5.0 4
169.03777208128255 332.987383251205 10.0 3
507.79839816877035 941.4496103647851 10.0 3
542.5899681392094 947.9277019498088 10.0 3
669.1264821328383 49.021124352130016 5.0 4
925.5915287060984 48.33711700365384 10.0 3
504.8695129667613 282.45901089608003 5.0 4
233.5998845997723 907.763653927145 10.0 3
161.35748915437154 128.51790167823586 5.0 4
255.14594855818618 414.76640302404854 10.0 3
620.7171098237537 653.9569226611562 5.0 4
636.776745995571 755.6760243938396 5.0 4
967.0426755302123 89.83892944105287 5.0 4
340.33216487757977 783.192595960794 5.0 4
12.632380497520025 592.8822364526353 5.0 4
463.8025050680035 405.54318881466986 10.0 3
954.3879660345332 6.670724807601891 5.0 4
160.80660465803842 667.6953112875016 10.0 3
740.3257458226443 66.58345991633064 5.0 4
277.61774137800364 826.5520252389821 5.0 4
654.0990831941858 572.716407732012 10.0 3
490.2557418904718 738.3078349355976 5.0 4
323.30223198590824 7.8987159259998885 5.0 4
766.9994084576175 273.22208420407003 10.0 3
854.9281970550034 477.07645736358353 5.0 4
652.8643589824889 230.82404044720406 5.0 4
33.511650125601754 510.0237779719642 10.0 3
282.2578210518595 984.8424391098513 5.0 4
705.653102862056 754.0780325908557 5.0 4
142.3133013599013 722.7737508413303 5.0 4
411.54989859513614 378.6624471056971 5.0 4
127.71227002230478 424.34703178051245 10.0 3
313.1322644904809 909.2017771593488 5.0 4
608.2908723363745 43.0009308034881 10.0 3
638.2991031097945 53.38173663583379 5.0 4
800.1133470179896 727.1485634468401 10.0 3
123.95751436350655 592.2635468934556 10.0 3
174.05616061333396 833.3494917351808 10.0 3
597.6402072441049 767.0159688864599 5.0 4
665.2938397293863 932.5124161877096 5.0 4
702.5647263116143 372.59265883686334 5.0 4
433.72819888719715 489.95311647552006 5.0 4
990.6446115895055 521.2966728696223 5.0 4
54.233838336973925 241.0794717714706 5.0 4
597.18145671969 469.7022896567218 5.0 4
759.563030321657 422.5817543086974 5.0 4
690.1852535405889 718.823632470389 5.0 4
287.11274097425945 935.8770984581251 10.0 3
233.90707055280512 396.9762903185139 5.0 4
136.0255462077564 32.6363387314077 5.0 4
358.3073263262555 828.478519805166 10.0 3
273.20977428031034 865.9785271543803 5.0 4
507.95597834627694 54.32182897119509 5.0 4
121.05622689495132 211.85213855418172 5.0 4
598.1422779003262 795.030933550711 5.0 4
216.51401811632866 892.6970632546589 10.0 3
658.0120990050011 544.3730598467024 5.0 4
16.733610643112627 730.7666497447939 5.0 4
232.31355684044996 949.9078522670331 5.0 4
535.8656023439066 298.51422860835254 5.0 4
592.0920810873894 385.34894430990676 5.0 4
673.4806065849547 373.30171992256965 5.0 4
495.23152594724706 821.6039481356505 5.0 4
552.4065396126408 138.17867268655547 10.0 3
435.9343517051202 307.90144280205845 5.0 4
197.88062172401322 314.301703708752 5.0 4
646.1839573241284 895.9436433988775 5.0 4
37.78620852376135 587.8563296471691 5.0 4
50.95510352748922 840.3213499192866 5.0 4
574.0770687714374 266.16980430613745 10.0 3
328.64313252124145 283.6343822878319 5.0 4
697.7113635786721 451.82122720194076 5.0 4
250.31288676424668 146.59850794545238 5.0 4
156.93871845888873 24.778696998150828 5.0 4
285.6339296750412 916.5257229697103 5.0 4
936.8223900538887 644.2317232332919 10.0 3
886.4967079928915 226.53799602907088 5.0 4
776.500169545693 76.69285155158579 5.0 4
486.53231196074165 6.088915647822879 5.0 4
706.8895979145738 701.855205515789 10.0 3
883.2406971596237 823.1500086805261 10.0 3
212.01116571239842 976.2564503098358 5.0 4
587.0246289191026 667.1428580736797 10.0 3
851.2579866324556 828.6914261550115 5.0 4
555.4532884787697 964.6777689328223 10.0 3
436.8169612733559 353.2164003951077 5.0 4
769.6229903041965 677.4731647425783 5.0 4
568.3396198273421 94.12835835961697 5.0 4
737.8809296789951 457.7056233032133 5.0 4
726.5036390407624 199.98579140679817 10.0 3
245.419288590659 309.78406558147054 10.0 3
919.7157718205364 212.07238766844628 5.0 4
627.2885799960584 830.6066143133033 5.0 4
902.9815198700708 197.8521826679124 5.0 4
711.9757154954107 665.0431734428871 5.0 4
703.7160739477481 48.28693475454704 5.0 4
955.1800135237118 284.5510219997926 5.0 4
374.8287772629088 531.8857653343949 5.0 4
370.41826427005486 781.5764270353271 5.0 4
780.0013788346979 444.53157272656915 10.0 3
621.6218195692911 916.0531206644998 5.0 4
576.9575127712367 337.56361626940736 5.0 4
169.74115794073097 715.7047100234261 5.0 4
967.9378860525843 758.5897142908278 5.0 4
237.57542200151192 546.4103870520639 10.0 3
855.4397676669407 984.153427193376 10.0 3
525.7613003843666 300.1237883666139 5.0 4
433.19012799730496 952.0364633450516 10.0 3
928.845219563351 590.2328363227901 5.0 4
617.0867931958144 879.1801026958336 5.0 4
526.6179612316074 589.6456661656124 5.0 4
21.82525753225173 691.1621196174245 10.0 3
181.08337641531546 710.1157910421177 5.0 4
969.7955992748543 489.1039786955453 5.0 4
25.374496013875316 467.05237803070867 5.0 4
816.6612741308113 114.03631721754115 5.0 4
650.9290567296571 917.0763747977472 5.0 4
255.56420861502605 733.6484575157929 10.0 3
421.97589404384206 16.44488419406609 5.0 4
686.1165016689173 151.2374431657232 5.0 4
470.7051728851356 48.63055404654071 5.0 4
797.9022392145948 882.3755053291632 10.0 3
32.97194822623406 578.795619949836 5.0 4
51.95111965876853 920.8386208059705 5.0 4
639.4930274642061 221.89970681957683 10.0 3
990.7263355979094 739.2943125954185 5.0 4
494.18319953723824 311.00776893414985 5.0 4
659.3383133987337 528.0835455093255 10.0 3
445.3292345260688 14.91446612109848 5.0 4
630.3078909065298 603.1288203277732 5.0 4
899.79467657189 54.78950010220529 5.0 4
516.2900939995461 515.9879740920429 5.0 4
813.6141271924508 524.9817780525656 10.0 3
846.8958085635326 147.71886105431363 5.0 4
21.05272913280709 894.7980561072698 5.0 4
391.45046913724156 829.4224514223342 5.0 4
276.07698546215255 385.98413452759115 10.0 3
319.80094935318004 451.9520709039249 5.0 4
166.01452755553402 952.5003061538135 10.0 3
693.3839407324772 912.2481772072249 5.0 4
129.13186543502832 708.2187051451886 10.0 3
400.07663822079076 823.9133733756335 5.0 4
619.6291985374248 483.53375163282055 10.0 3
528.0767429929716 165.36289722718988 5.0 4
627.671903707681 895.4259186566571 10.0 3
57.3699756388526 78.70408926803219 10.0 3
317.63075557543874 577.1002344836478 10.0 3
915.4374494697853 25.015676280558672 5.0 4
640.0829416959459 357.88222740482246 5.0 4
161.9980187062501 422.94559769131723 5.0 4
747.6263407156044 7.457316552302973 5.0 4
757.7167125257024 627.3814363204297 5.0 4
150.16695283328286 58.796295280433284 5.0 4
238.82976195304562 513.0571404693139 5.0 4
979.2614866024529 138.37517561580293 5.0 4
354.6520778134834 303.28361978985055 10.0 3
13.179316284373744 827.2941442011951 5.0 4
519.1278305139228 122.480237554353 10.0 3
367.53088437697687 545.6866140098973 5.0 4
13.182414476778925 123.62491652335939 5.0 4
762.731433503222 832.5793217049976 10.0 3
876.9502542068873 991.2342759593504 5.0 4
458.0395726214327 21.140170557831684 5.0 4
413.3882020991849 985.3672248657941 5.0 4
341.80222176834775 825.0186159640652 5.0 4
7.978228341594118 840.412876106689 5.0 4
108.92081469557213 566.0329983366804 5.0 4
545.6680843525706 333.05629061850306 5.0 4
693.3454001523055 234.3162194509827 5.0 4
189.23070778557138 800.3934730668147 5.0 4
475.9092995774369 160.7789726190282 10.0 3
991.9864887833312 927.3574792085084 5.0 4
579.290589154093 234.8019461861538 10.0 3
158.0742517271525 589.2391430966316 5.0 4
173.49702567274394 352.93022128469397 5.0 4
418.326656514286 102.42612199073608 5.0 4
610.7367678355706 950.354675034258 10.0 3
5.821651670430583 59.732069226491326 5.0 4
943.4745854120175 102.76130240495785 5.0 4
862.4477884316392 667.8501446878532 5.0 4
714.489363011238 384.2294155579873 5.0 4
906.3417684215161 552.9344056503448 10.0 3
984.7542325110524 757.7540219513583 10.0 3
560.5179551367223 175.22483899278774 10.0 3
562.3809111777498 533.5093815681822 10.0 3
527.9342317774116 285.67890604642434 5.0 4
61.6817996355985 814.2759686755765 5.0 4
437.8194954169731 966.9140167162003 5.0 4
832.8560548771616 720.0762033360402 5.0 4
510.0916076594163 292.2287917356441 5.0 4
860.6245006294769 926.0633064161152 10.0 3
242.63303582036798 291.61114697533685 5.0 4
215.93988173083335 380.63761929352734 5.0 4
406.9487545521168 255.2978986611506 5.0 4
93.11047357742153 209.9710410392891 5.0 4
580.6339745431965 165.8373411661883 10.0 3
125.69286869586138 551.3051806624368 10.0 3
883.3640010036466 206.83025378812525 5.0 4
145.04472434948755 680.5881506443627 10.0 3
780.1273768782739 530.3626222927184 5.0 4
821.4193813932848 778.8622742925087 5.0 4
316.55419213796176 119.70515040500618 5.0 4
721.3963134289005 646.4362135839493 10.0 3
893.4891237810875 146.59306910970216 10.0 3
67.97428258013849 210.69599842234575 5.0 4
683.1469178098764 103.67266242832373 5.0 4
841.7896707211686 54.243024057623046 5.0 4
272.646610757284 94.93565574029262 5.0 4
62.51119820092854 716.4196336466916 5.0 4
559.7099383055806 258.77109577677527 5.0 4
565.6343019694538 798.2745517318511 5.0 4
773.886079837392 119.98990394682862 5.0 4
53.62597667689384 53.885192064195394 5.0 4
688.8154490638882 112.23392562112333 5.0 4
596.2131417324948 192.32225847771244 5.0 4
864.2436895932856 690.3668153059356 5.0 4
917.5840649966524 438.47743328178035 5.0 4
21.853127554959826 360.5881224922866 5.0 4
200.47659102491932 983.407660352025 5.0 4
519.4727355465443 532.2020837381889 5.0 4
361.05588826846457 36.9564787521206 10.0 3
36.04038005131216 909.1585425807563 5.0 4
19.305561030796724 945.9306649375535 10.0 3
906.9523799905324 762.4094479868323 5.0 4
988.2470125007837 692.4300945475902 10.0 3
582.2846615647765 525.972440165357 10.0 3
395.7676129595755 46.47725334028729 10.0 3
265.24579817545134 818.8785534487081 5.0 4
226.20977506311146 784.6749700911045 10.0 3
745.5839065526586 249.50228650150942 10.0 3
987.1318975185216 809.379274232106 5.0 4
381.39040668628576 220.37223725339626 5.0 4
724.155312644528 127.28896510805487 5.0 4
33.27980313762657 94.92052015429397 5.0 4
789.2777203475458 859.8144435587327 5.0 4
588.5217942892333 628.6281081129375 5.0 4
783.7082912315872 924.3336696166456 5.0 4
777.4520449840682 802.0364955366744 5.0 4
499.1844674937769 923.8757699046977 5.0 4
697.2029060073318 655.5200540437189 10.0 3
219.90759586778884 504.24876385206676 5.0 4
898.8072647178029 800.0593876213754 5.0 4
642.0220227672504 632.3102776738709 10.0 3
477.3044355727392 486.1771782338106 5.0 4
99.58004013060805 605.4177182220662 10.0 3
286.0614467589728 863.5120760726941 5.0 4
450.7926720157611 446.21504112165513 5.0 4
348.5470721309379 850.7989734688739 5.0 4
162.22169128048037 268.27045042514044 5.0 4
415.84584452590246 434.3241846944834 5.0 4
694.7640567438974 135.61103436147425 5.0 4
280.78390648603437 134.8469684836283 5.0 4
59.268368023624454 458.08709299992546 5.0 4
346.3262938481757 813.4205353162033 5.0 4
873.8880235886925 140.4627687370974 5.0 4
736.17907001066 735.65096187729 5.0 4
895.5822006483097 510.2719512036582 5.0 4
702.9473620468509 426.40027890689305 5.0 4
602.0873250655565 572.79060736771 5.0 4
73.68407391350895 919.746653655666 5.0 4
837.5647354093597 842.4229813874088 5.0 4
209.13680100550525 517.1103675337899 10.0 3
541.9718367330976 986.2588065791696 10.0 3
10.996316591060484 392.91661609677374 5.0 4
89.39354660682042 34.369630471484555 10.0 3
305.2582695286 762.9942015921554 5.0 4
100.54077375584735 173.24746864085904 5.0 4
470.9299579003774 292.1648807907975 5.0 4
27.177089889307226 49.96356782515532 5.0 4
434.15968960169647 33.710770074825255 5.0 4
439.31855182364524 991.3354809973303 5.0 4
225.32880917932064 441.12619270092534 10.0 3
740.8095556450731 490.21816601906187 5.0 4
48.06053762773732 264.6940151165625 5.0 4
450.090417779051 488.29072305819807 10.0 3
282.9611474587157 321.0204038692145 5.0 4
311.1868949828599 780.2927982968241 5.0 4
973.2845139702846 805.1650174193658 5.0 4
156.18367651897424 699.4546052802452 5.0 4
163.72466077032922 64.66206032987465 5.0 4
389.8700395351103 565.435052614161 5.0 4
565.1066545890598 980.9302864760754 5.0 4
674.6216880923895 142.1324440516054 5.0 4
588.0703908698796 781.3846318125726 5.0 4
631.7180089717834 993.889240775445 5.0 4
938.8614398552602 856.4970393782927 5.0 4
736.3658277610904 102.49413679930109 5.0 4
506.0306759101535 497.0979943464876 5.0 4
487.71061843958694 969.7837773660181 10.0 3
272.17093433454863 883.5424486015643 5.0 4
636.7773257362115 250.76695995796882 5.0 4
993.2909983013762 104.3549683483741 5.0 4
946.6229667049678 433.8437779908686 5.0 4
611.7992655775273 287.4303343671659 5.0 4
413.76992688632873 210.3985309918831 5.0 4
51.660681412148854 983.2601825306664 5.0 4
351.99732706901267 953.4347054748447 10.0 3
214.09879379011332 986.3959897498859 5.0 4
984.3537340316935 641.5310946958731 5.0 4
180.63508408927632 457.3224847422109 10.0 3
313.33661940385826 72.08629862109505 5.0 4
278.42194624254546 793.1675903381397 5.0 4
632.815862135302 806.6981533542495 5.0 4
515.815865866504 690.0051002791945 5.0 4
255.37047725622597 750.2349207616738 5.0 4
543.0894377566043 763.1939315232493 5.0 4
108.04623704016902 735.1751641581451 5.0 4
110.2948192728056 800.5600815667877 5.0 4
848.1586214935885 704.237537076722 5.0 4
971.6453152283593 742.5422056938095 5.0 4
251.69594270968676 898.5145624234884 5.0 4
13.69918499512346 798.7947694261942 10.0 3
379.69729043532595 390.74417227873124 5.0 4
682.1112626864597 908.4641986135505 5.0 4
101.79990895296199 156.71823536968998 5.0 4
102.76618469809995 760.9143293942877 10.0 3
433.04255076965546 568.5058812286868 5.0 4
701.4248670724364 11.831385408987538 5.0 4
885.7693307299145 529.1177570471032 10.0 3
538.2440308030383 506.6229869967991 5.0 4
902.3061131560138 955.1208690325411 5.0 4
632.1066165574248 954.374850012342 5.0 4
145.71855067843543 540.9136595363723 5.0 4
468.4588051756737 981.0475810727776 5.0 4
24.493060124418207 16.70777066771334 5.0 4
412.76518349107437 122.79495723825762 5.0 4
363.44536652886717 521.1696018443167 5.0 4
532.5169780612389 64.42428170384429 5.0 4
657.6557950953259 792.4325455024148 5.0 4
454.4808914083156 967.6975029200762 5.0 4
489.5535849942215 282.0768740495995 5.0 4
426.88328446438095 370.29749345811524 5.0 4
598.5953101714198 634.7635257002682 5.0 4
877.7467228132281 966.2331418743518 5.0 4
104.6679191744968 191.38876055772747 5.0 4
952.0060372475069 16.851297734703287 5.0 4
828.9302297661542 103.30852506932742 10.0 3
821.5283261345743 18.77918639937093 5.0 4
469.32168534000516 820.9811247259543 5.0 4
817.6525215580474 157.97476097617758 5.0 4
905.6406797602671 535.9141866858791 5.0 4
117.49283810943356 22.218445081660377 5.0 4
122.40852108823108 11.132641253221 5.0 4
220.96737900412745 585.9253924340691 5.0 4
887.1233066041092 553.5096636786614 5.0 4
347.0600414495115 23.30477269406106 5.0 4
532.803460663597 146.89737824391702 10.0 3
914.780258799622 987.8242762828854 10.0 3
49.32035948021063 590.5812403366523 5.0 4
756.6421978035847 870.6728724635368 5.0 4
727.4852107383166 181.33254259813882 5.0 4
786.0155575242312 520.520613036049 5.0 4
745.8666820921547 719.1078511822816 5.0 4
816.1323427631389 727.3725104211447 5.0 4
24.72764954989337 341.31052381177653 5.0 4
638.1644908896665 849.5431532646473 10.0 3
567.129123031423 113.90716266446222 5.0 4
805.6424643363126 542.2760456235575 5.0 4
192.6033908274175 653.3825266428361 5.0 4
130.48907531993748 53.29176268107994 5.0 4
767.7599439243962 737.468941510084 5.0 4
84.16865093093318 943.2966351996264 5.0 4
291.3054168291609 785.4803241755478 10.0 3
254.02823667454788 281.25593628080946 5.0 4
201.70099416818198 969.2480360288221 5.0 4
614.0157716144945 579.1721788503596 5.0 4
90.62354627277436 729.0384932185245 10.0 3
64.40015920746167 409.6141027443697 5.0 4
644.361712520209 988.9633068840527 5.0 4
903.5460034683101 263.4106558690551 5.0 4
7.438447884272059 664.1566154169223 5.0 4
787.6650057506537 507.59161592462334 5.0 4
45.63312359444372 727.1770783114647 5.0 4
444.9473140650645 520.3797164069629 5.0 4
380.0489242796231 177.23606185376772 5.0 4
78.47267263302827 599.0469559474236 10.0 3
44.93071935343973 991.5770114019274 5.0 4
385.34143374884 242.74103957640446 5.0 4
770.4893021577427 774.5810423527945 5.0 4
206.10064379300718 447.2228320724922 5.0 4
733.662615354067 800.6069809092315 5.0 4
787.2925537350583 701.9605879713353 5.0 4
892.8121134483163 920.9505220849975 10.0 3
526.6084835429415 512.2712594691994 5.0 4
874.6814996720337 20.527456639280462 5.0 4
6.56710967185159 32.061768697027816 5.0 4
310.1782917260946 11.84919020789832 5.0 4
315.9394665570804 802.8529526278882 10.0 3
662.4084622086074 60.097995222792136 5.0 4
23.092958676846685 849.0175625942633 10.0 3
31.259041446323856 709.2194367048434 10.0 3
172.55356278655887 387.2777581390803 10.0 3
736.1047329203176 504.8902444192096 5.0 4
979.7675708703616 255.14892993264183 10.0 3
70.28238569289103 437.1714999433285 5.0 4
695.7803067057174 198.51231736891694 5.0 4
432.66369388144386 762.4389694993473 5.0 4
271.3983377108917 778.8498865021184 5.0 4
40.98205016704182 136.94746429549753 5.0 4
778.2037998334417 820.3747957574549 5.0 4
372.84026345553553 250.84262866934725 5.0 4
868.1745525238814 460.8261995608952 5.0 4
982.6083407852528 425.0906664891764 5.0 4
701.8042764941789 81.41171306660455 10.0 3
644.2111462948727 414.14643163031906 5.0 4
227.29654142453916 284.08089359594703 5.0 4
580.2998246660469 689.3306561141849 5.0 4
268.4884141915909 422.9232082908403 5.0 4
109.26425832264319 413.2720953543816 5.0 4
796.9661564560749 126.14543666552169 5.0 4
551.4526767107117 782.0099760948971 5.0 4
421.8103062322339 294.289300205519 5.0 4
815.2029979578344 26.65271172604966 5.0 4
289.42378027380136 273.0157171965064 5.0 4
651.9486031434803 401.79754774121255 5.0 4
521.7246729764302 571.6401680159506 5.0 4
734.1406166488606 970.5710449490308 10.0 3
537.8981472879165 311.33086648826713 5.0 4
741.339875561774 672.1241463364038 10.0 3
512.3410839975842 798.1184280256778 5.0 4
381.4350833910877 969.7577007274716 5.0 4
661.1863255392371 907.8396320470035 5.0 4
490.81319473767894 689.4251941799351 5.0 4
107.64678259990657 913.3592555901024 5.0 4
622.0548752148494 318.04045120131974 5.0 4
764.0157224577003 966.5558624598503 5.0 4
608.9041224316308 194.89819297255195 5.0 4
811.5289952417263 678.0583100095297 5.0 4
143.66534016761833 226.97828416081367 5.0 4
469.3219007873137 628.220033754783 5.0 4
962.6995684872734 972.5168800822739 5.0 4
608.1906491849778 611.1084809705723 5.0 4
263.31082871618827 13.006547511416056 5.0 4
287.64915206286423 117.6563126904433 5.0 4
308.9422721711547 93.35806277204661 10.0 3
506.47096452389707 972.710765677905 5.0 4
67.88992501067371 994.7482048042417 5.0 4
461.7836668384204 452.42068373714227 5.0 4
921.9049739619649 113.00534232253956 5.0 4
19.775361022802418 485.4703502613619 5.0 4
738.2918653147293 370.28031622528437 5.0 4
716.9863765597971 67.31131915237731 5.0 4
73.61450599230169 870.1134895313642 5.0 4
275.1194711644447 992.5128919296612 5.0 4
39.759925362962356 64.7752600456496 10.0 3
964.0399884732026 909.4945862013825 5.0 4
187.7696704960443 577.2681365388439 5.0 4
338.77376317185195 192.295798215257 5.0 4
951.4227680419084 450.02722134120063 5.0 4
109.68081172431276 100.17001957432814 5.0 4
548.0173940744952 122.88835895241135 5.0 4
885.0726735514181 48.952087789335465 10.0 3
632.8070880830085 911.1931140124262 5.0 4
770.2542829007199 984.7087286089914 10.0 3
186.9634554919186 972.013835147755 5.0 4
722.3952099238816 734.3757086424878 5.0 4
701.4484747017215 683.775333279661 5.0 4
724.5709695628998 392.49155865103734 5.0 4
666.9765295218064 651.9714391474531 5.0 4
919.1681759183444 201.15630962893871 5.0 4
970.2038141718655 439.92825898758605 5.0 4
812.3171430800357 196.17535101727745 5.0 4
974.5599685824814 20.38895962754883 5.0 4
733.0739706100263 428.66834514590767 5.0 4
464.6747260264987 526.8866044404134 10.0 3
231.81295566918703 720.0048729273807 5.0 4
994.761289834629 334.1015708612068 5.0 4
122.44067279705028 74.66533043922429 5.0 4
276.36375064782936 67.56944648493202 5.0 4
11.50431046008682 740.3610136093193 5.0 4
67.11038568283966 731.456515964192 5.0 4
408.9765955872073 562.9817255943051 10.0 3
342.9899235442473 870.6063995672839 5.0 4
13.942375846257349 329.61841574973585 10.0 3
264.79033361791085 769.2738518608213 5.0 4
40.52470976973821 542.6914499140422 5.0 4
545.4132213991786 80.08598276260781 5.0 4
33.44844088874932 397.04410025330384 5.0 4
246.7301746187197 479.7144900848132 5.0 4
982.3447388638215 993.4973443375472 5.0 4
514.5689079381264 89.51282358045299 10.0 3
924.2198470619022 430.4489275369914 5.0 4
932.9029830444193 189.4070334378435 5.0 4
583.2876839185683 994.081344100577 5.0 4
993.2569462276518 416.2133616935966 5.0 4
816.1648994176234 691.2526167088348 5.0 4
909.0426223184734 213.52328575655088 5.0 4
35.09224267987698 948.0673870279045 5.0 4
675.1224030700591 249.73503653947182 5.0 4
884.7553900781567 933.6879714672058 5.0 4
459.2227363321939 928.7791366993985 5.0 4
50.04447866207795 799.6574171554722 10.0 3
971.7741971032785 513.7662827871195 5.0 4
383.69832815086846 555.334165122085 5.0 4
693.1443384575804 102.0800270357497 5.0 4
30.099564218620365 933.7070497909912 5.0 4
634.0761153284524 35.82241260662644 10.0 3
193.67157588472494 880.2361609347856 10.0 3
674.4785475658919 803.097042737187 5.0 4
337.7498455339295 270.84290604437734 5.0 4
622.5529157896749 462.19268914980915 5.0 4
379.7359750429097 59.10880460651258 5.0 4
651.2658984061628 279.4156655844764 10.0 3
497.0869015924557 703.8102224248809 5.0 4
664.5605323833797 994.0622214475449 5.0 4
511.3771855061292 991.3673369620934 5.0 4
784.5280067815182 128.22451093780484 5.0 4
172.05692683916274 773.808454347668 10.0 3
653.8751795486033 759.946565837145 5.0 4
275.19088962462865 414.7735957795821 5.0 4
935.5460800001624 525.2325708896471 10.0 3
354.534482010471 77.60251053262301 10.0 3
878.338511512882 794.9591706604895 5.0 4
426.1946533548376 989.4690402685385 5.0 4
765.5846883947415 539.1797849365361 5.0 4
722.9469026378091 683.5425926249552 5.0 4
208.88872847455542 798.1074804120436 5.0 4
821.2401460858721 923.5907388964812 5.0 4
475.26736893279895 608.7554692228782 10.0 3
219.93826015539463 812.9629761289232 5.0 4
131.71744946104403 162.8226790521714 5.0 4
49.31217041283964 522.932531552519 5.0 4
826.9179701329188 829.5770957578932 5.0 4
389.12234907029284 80.73162558909819 10.0 3
301.94259251772047 903.681315222333 5.0 4
438.8215089787081 257.31634114400157 5.0 4
795.7458909235681 11.296684695883297 10.0 3
799.1336963069056 201.50369279295333 5.0 4
948.3659277454124 492.3260759373288 5.0 4
468.94654836394955 888.8330118727422 5.0 4
853.7051580738075 59.62497485330831 5.0 4
522.2668927984557 648.61918996026 5.0 4
294.8337535002915 586.7122906389037 5.0 4
412.4479113080194 814.3084735921698 5.0 4
804.361515893335 868.4418141115807 5.0 4
260.85531854394407 786.7971132979412 5.0 4
789.8465820482755 166.48921680503037 5.0 4
104.41994862137649 874.9894714317494 10.0 3
520.9110991825788 9.19672654651993 5.0 4
888.4778468684481 108.73244468816256 5.0 4
490.90800491278264 504.9359318395987 5.0 4
327.7918330978995 792.5149906462956 5.0 4
988.4406748348524 861.6432216949879 10.0 3
549.1479776718934 8.396400764921763 5.0 4
246.34001150805994 522.3175222198994 5.0 4
142.96321807115908 430.9750761360472 5.0 4
728.1070155429294 467.9973876686151 5.0 4
650.5808200519782 45.48969632374966 5.0 4
130.4457998331734 90.53126168239456 5.0 4
356.2950087241192 983.6967536420723 10.0 3
10.579565470343223 721.274141571252 5.0 4
93.34109573934879 238.52881307426264 5.0 4
747.2807366005981 211.60212581529836 5.0 4
26.848417234798696 726.2572185928427 5.0 4
73.56270654404273 971.1884636292907 5.0 4
97.69132602829622 270.9091109917409 5.0 4
74.45280472209814 897.6886676074548 5.0 4
815.5579086530623 37.554623167957324 5.0 4
696.0345100231839 224.42773402985495 5.0 4
524.2989863497802 28.32388886684467 5.0 4
527.8732251008762 744.8712867944973 5.0 4
327.0332877733614 870.3580029393388 5.0 4
606.5358242133733 887.5868276615465 5.0 4
207.59196742357355 677.5030512730791 5.0 4
618.0668141383064 594.2592952532718 5.0 4
772.041850429775 490.48402466671826 5.0 4
993.0126405145762 202.44727665516294 5.0 4
730.5609179257914 725.8768041214091 5.0 4
949.9638003129458 826.024056859338 5.0 4
800.5383651097259 899.9095016219189 5.0 4
843.888080979834 98.83050313011832 5.0 4
769.0171981605506 255.4901733504763 5.0 4
943.2127379551639 228.0523759170151 10.0 3
770.4603671324063 201.05334821679577 10.0 3
100.94917225397492 56.489076640183654 5.0 4
660.3566210042711 40.43695218805499 5.0 4
955.7026617938456 566.3388992865298 5.0 4
575.8597960769558 713.7715538419226 5.0 4
99.28248024790776 11.900694162302216 5.0 4
516.8178790659491 814.9407111140091 10.0 3
214.68180805271152 38.072128616740585 5.0 4
34.518124336547 739.5531072683331 5.0 4
806.5478843278858 777.7998133602068 5.0 4
702.7387465482166 142.09946629997316 5.0 4
921.6048544167734 68.9034613331726 10.0 3
628.5204827105164 208.90779610354505 5.0 4
664.7008501590342 805.9708080819095 5.0 4
868.5064250680784 827.9604593131195 5.0 4
986.7651696477893 504.30237349726013 10.0 3
683.524553667423 54.432075652253054 5.0 4
662.0914934016749 242.1316031045253 5.0 4
130.39123492669103 385.2131853689321 5.0 4
506.3596702866272 602.6494550342677 5.0 4
198.78751644248703 392.35755994448164 10.0 3
52.87546589895476 11.681662581707219 5.0 4
694.1530047995161 838.9926393718208 5.0 4
897.5441257316564 11.61286393021621 10.0 3
469.25212031789874 35.18674560195556 5.0 4
275.45709749213853 143.41114406929688 5.0 4
791.0673314354394 601.0564803501248 5.0 4
604.467510927577 599.9643828621606 5.0 4
299.17804199563005 975.6351586601681 5.0 4
152.85007861357914 363.8186769603564 5.0 4
321.5015572499401 937.8663101694001 5.0 4
892.1762378204029 780.0116933781575 10.0 3
614.5144987684945 994.040440910127 5.0 4
366.42591774843567 148.96149350443767 10.0 3
849.5533961760199 735.3479425833191 5.0 4
453.76009502868186 421.03521260497655 5.0 4
384.415780714377 203.7844659517367 10.0 3
755.6601892261534 705.2138190378569 5.0 4
686.2707647396873 948.7992226216707 5.0 4
139.26306575769166 409.1905206752149 5.0 4
164.9958476199873 283.25569817378937 10.0 3
625.0216961272652 578.3632832954548 5.0 4
988.2988575476178 176.11367974322846 5.0 4
669.3640696619467 616.0791272850798 5.0 4
515.9416025590969 69.32099243198797 10.0 3
811.7190286196629 458.3417494497072 5.0 4
896.8740852272755 814.5695513436189 5.0 4
703.8604697626306 905.8820346343928 5.0 4
127.31634092325838 741.1292550031437 5.0 4
79.9397173250308 381.81740663633735 5.0 4
7.39983873325567 967.2395440806778 5.0 4
13.194836905749074 366.00987869181137 5.0 4
174.51624009712307 684.7386693417208 5.0 4
293.2581448667403 399.30627504803107 5.0 4
684.1163308740277 421.8345914725935 5.0 4
565.4322114112157 60.27783139044851 5.0 4
434.6113403093579 6.412460203943926 5.0 4
933.6956119366653 27.033535042960132 10.0 3
304.7884994351604 163.7244502568045 5.0 4
214.8582516920554 554.2604663724206 5.0 4
452.1670762168377 309.19515344422257 10.0 3
635.7972118380418 678.5872983897201 5.0 4
755.3997214275743 742.2640408187056 5.0 4
549.990772723458 602.2608641665154 5.0 4
604.5548038742456 662.8456617826846 5.0 4
962.9665756905217 633.173082056095 5.0 4
921.4029268312437 542.6773369636666 5.0 4
89.72363892526315 972.1836123608713 10.0 3
618.274016375426 379.6764185794006 5.0 4
16.382033201077896 986.541347801324 5.0 4
156.60282838003647 74.39895657662888 5.0 4
71.45963954202949 797.8722107404515 5.0 4
849.3475320931407 839.1923304932947 5.0 4
13.407670424199768 185.63741477126095 10.0 3
854.876177838511 140.28253225899812 5.0 4
785.9025634161057 994.3222361059112 5.0 4
192.1919328783127 848.5690668447457 5.0 4
249.19174158012092 563.0884727511126 10.0 3
608.8369440520886 770.3305825448696 5.0 4
987.5715292473097 942.3464187374491 5.0 4
90.3428324084936 51.41397041114393 5.0 4
7.90233709373811 91.40273856545755 5.0 4
698.1718276422366 252.04916722071258 5.0 4
338.84818178709975 9.081143005797987 5.0 4
282.8158840920205 85.60544214461463 5.0 4
594.3744363534698 588.4895834763472 5.0 4
986.1691986908768 878.8825289562567 5.0 4
890.4501186948085 952.3412495706709 5.0 4
968.8915322166253 547.6690647798265 5.0 4
548.2556851903657 311.61907589144954 5.0 4
22.426989881709993 291.71888923995573 5.0 4
730.6482886796557 897.2777543661754 5.0 4
951.1572281861485 924.9830474679716 5.0 4
770.7285344458651 791.4118465185107 5.0 4
750.9775231423827 102.02900498918166 5.0 4
521.1857583825033 543.1638520337717 5.0 4
233.37366504820943 974.5269577690253 10.0 3
963.7375861673477 273.7479756585481 5.0 4
155.06730169012673 924.5245221569456 5.0 4
428.83192483075027 552.4541021397355 5.0 4
990.7166701734911 473.46166762386554 5.0 4
342.4625569816856 459.2103426504839 5.0 4
845.2834626603534 811.25226450454 5.0 4
667.1783286580031 786.8306572333141 5.0 4
341.60477291686163 290.64338582606274 5.0 4
304.3938117396279 792.9034386254285 5.0 4
662.6799930765142 384.91050148210246 5.0 4
612.5116904503449 833.3836104861127 5.0 4
706.2178513262123 808.4200434553305 5.0 4
422.58380058109435 799.4574778874536 5.0 4
773.2702387253722 6.267438277837378 5.0 4
537.7446711113405 742.1986279224155 5.0 4
336.5088961775615 247.89055744276502 10.0 3
306.01439541321093 984.061923177468 5.0 4
690.7493908448965 244.35965050454345 5.0 4
64.95740353660729 930.3151993255248 5.0 4
133.91628191396265 536.7358114596472 5.0 4
361.7886019343916 243.34907802396123 5.0 4
977.630501891114 189.74275098840977 5.0 4
899.6629260295277 77.68460148745537 5.0 4
504.7309652645221 695.3311581077086 5.0 4
279.82679325800063 953.564790583727 5.0 4
848.7341693513431 905.9942833385866 10.0 3
748.6165952639593 268.51690321052854 5.0 4
338.7993732804552 226.27867540173474 5.0 4
688.4923820404458 163.62564989753503 5.0 4
360.40555390583984 164.48106369650884 5.0 4
772.7336987362174 99.84156665677979 5.0 4
934.0332319611623 502.0428343475514 5.0 4
161.26095971928746 398.87289389224736 5.0 4
191.64161784465793 992.0284523778646 5.0 4
666.6860973265515 156.6966382640296 5.0 4
178.37078580235033 903.8230145995989 5.0 4
22.5753651992181 578.7975150831986 5.0 4
216.56653634339585 540.2155392973976 5.0 4
176.3305637666298 294.06078824044425 5.0 4
298.32470008392255 570.498722525955 10.0 3
193.0489414875074 373.09833206142986 5.0 4
604.3060338371063 225.83129750984088 10.0 3
587.999889822054 275.36124889814363 5.0 4
7.7892782496004065 407.7067695665394 5.0 4
899.1243748512884 207.47826480221443 5.0 4
500.4509348762323 796.5738758552216 5.0 4
712.1688687036043 120.67484594210742 5.0 4
333.61214779064807 17.814158391214583 5.0 4
189.33713535104246 114.99290796415384 5.0 4
7.28794251101228 509.22529063296076 5.0 4
884.0231242766062 67.14609287331375 5.0 4
313.84919531289637 920.2841964804667 5.0 4
587.7974558631405 972.1793340314885 5.0 4
395.0147478632812 441.8949913432949 5.0 4
824.1575563328256 735.2896705984593 5.0 4
63.059369568928325 898.6722730151083 5.0 4
322.47505178663414 108.84550667286585 5.0 4
569.5810878204137 134.429542631731 5.0 4
280.7884662911998 280.8692473359048 5.0 4
716.4678305544402 828.2651010424187 5.0 4
653.0911091336832 508.2467310759047 5.0 4
7.570712335068119 379.1847665375797 5.0 4
693.813124833163 787.0604760252077 5.0 4
738.5420205893871 610.0208402688473 5.0 4
935.9266675794283 61.81407253821314 5.0 4
983.7931595073184 551.8085226070781 10.0 3
168.82297447664996 475.7194356807221 5.0 4
329.8672509160102 977.1878913160626 5.0 4
22.25546638997189 496.82556773960107 5.0 4
596.9028197073762 891.9144351371943 5.0 4
382.78340652923805 314.8326258241283 5.0 4
68.82138338875998 54.30898246353166 5.0 4
476.18259166895115 22.967359504167952 5.0 4
582.0019028044425 545.9866483481993 5.0 4
334.44499709425924 30.876817203736138 5.0 4
687.4792360178717 987.1642538531232 5.0 4
838.3962939328314 989.1982370065682 5.0 4
677.5201572286768 125.46281772803603 5.0 4
28.504520999137362 992.2649311880882 5.0 4
662.8875667916489 586.6933896991393 5.0 4
373.14616526474043 323.94965721952696 5.0 4
709.2695808188779 448.39436217941477 5.0 4
798.681073773741 916.0235613649272 10.0 3
659.0548525665491 831.9682347446037 10.0 3
352.56351397555073 479.0016821546849 5.0 4
253.18615730199923 165.75516387752654 5.0 4
816.7780366948816 610.1017208336675 5.0 4
965.3890227264358 852.7699812870326 5.0 4
246.43250437434173 941.6131495111647 5.0 4
675.738392826207 498.3597312174186 5.0 4
865.1493711886784 227.3830417588677 5.0 4
243.4975086228922 450.3058287286833 10.0 3
989.0144094503648 153.77696016770014 5.0 4
973.460224843632 8.15555513036481 5.0 4
816.8153652796532 5.926475607651249 5.0 4
939.3309742686462 294.5132240436276 10.0 3
39.56691232615561 227.39211807208025 5.0 4
415.3053257428729 28.910473390998725 5.0 4
851.3088813187455 955.4930419045679 5.0 4
771.7324729074071 549.559263976855 5.0 4
879.9534259369522 805.3558901834444 5.0 4
818.1707711957381 764.8940244995857 5.0 4
709.0979433952939 895.8533920836852 5.0 4
846.8923239988417 162.3519325154582 5.0 4
926.7259173851276 830.9966720761213 5.0 4
567.1348175150281 683.0501322442628 5.0 4
923.6431990554817 848.8681667741018 5.0 4
177.7993274468166 368.3767958170735 5.0 4
132.23645007213514 979.762705218011 5.0 4
46.18885951477647 967.950676701183 5.0 4
334.1901499183786 922.4715757151343 5.0 4
654.1394830716839 360.39048191147094 5.0 4
402.15777528223583 120.92183472149487 5.0 4
990.0567565591614 18.981318501296364 5.0 4
686.3245512190491 967.8363235329241 5.0 4
932.9474860719915 256.29174986644546 5.0 4
750.1447255953831 50.453520345378756 5.0 4
331.47521209154496 133.91398264001097 5.0 4
488.75705619018294 918.8998217478546 5.0 4
484.0952146183368 880.4709993932687 5.0 4
206.99165812486842 66.58443162988748 5.0 4
725.6432686823276 258.47847821512136 5.0 4
836.4691292793559 703.8757505916426 5.0 4
412.91190356150054 44.91909350298096 5.0 4
54.414357616366374 404.7074408852618 5.0 4
191.8916295360248 512.5332705372601 5.0 4
803.9458605688043 508.47995031958624 5.0 4
838.4185866750013 136.805764904972 5.0 4
987.1979238162592 600.1669009173395 5.0 4
723.9428456936449 872.1904409566043 5.0 4
655.020833932541 680.9010433118189 5.0 4
533.1033184035992 645.3870433027079 5.0 4
5.161867546638721 158.24117508671586 5.0 4
201.79284326371928 135.9314098922567 5.0 4
195.98349162402673 460.2400109865001 5.0 4
115.41358508619449 401.7058549462832 5.0 4
237.43877942394354 529.3316513698255 5.0 4
469.93462420317024 9.173113214514972 5.0 4
594.7918605701565 869.2670435713551 5.0 4
564.8268520290286 715.9075190972472 5.0 4
559.9935559422213 230.38045460420486 5.0 4
231.7035559179248 302.21349123027454 5.0 4
421.16091690583465 113.44978881940426 5.0 4
320.8762211847787 770.1563041174736 5.0 4
747.7108078665663 620.5890233707804 5.0 4
286.3237144213466 765.7108566101779 10.0 3
402.4639665952853 961.3172422781911 5.0 4
764.6004790612765 665.5921708582399 5.0 4
454.71622024966007 191.93587273619505 5.0 4
477.5448166628076 988.3221740527911 5.0 4
215.80219895240526 82.86076810110399 5.0 4
325.3385342152243 73.43621997297967 5.0 4
989.6091964744782 782.0382829017078 5.0 4
619.3540875445299 217.6600607020893 5.0 4
677.772319893123 838.4960201755621 5.0 4
592.6544503854877 835.9813273953379 5.0 4
391.0219704530602 233.4459027198622 5.0 4
162.11797535390804 708.1561858892012 5.0 4
318.1852484033407 279.17552473995556 5.0 4
584.1078743881679 509.9639688402313 5.0 4
811.9727358353375 807.5176498096594 10.0 3
576.9985105092555 250.5283640310465 5.0 4
379.97738567753845 993.806086484182 5.0 4
589.3712976583703 819.5520420762767 5.0 4
845.6976746307198 117.18463705744797 10.0 3
535.7671174151781 335.6986610454893 5.0 4
677.5280148616722 36.80114406577939 5.0 4
869.0119869689674 910.2699445822229 5.0 4
121.67263329305167 182.6224502657474 10.0 3
407.8236289462599 109.80716042206996 5.0 4
794.4894243896535 115.69921295475072 5.0 4
406.490176316703 308.189490517207 5.0 4
719.836875219356 47.2552762899825 5.0 4
792.1364784632731 462.93702592790254 10.0 3
489.8391033264611 725.2979300910765 5.0 4
454.65026388795735 384.7942794293848 5.0 4
566.2087439774915 595.6838327818767 5.0 4
445.5377062510656 805.8426165899782 5.0 4
462.67129577533706 950.7075559398669 10.0 3
11.5052400187301 108.77883041574043 5.0 4
588.5644167496687 500.5971567711708 5.0 4
745.5793415943509 873.1085707792736 5.0 4
266.8956667455077 31.248971183394204 5.0 4
140.6604266908833 584.7118983667782 5.0 4
691.1101481503541 623.5507926691452 10.0 3
420.96345855020024 495.00035232438677 5.0 4
493.9046934919853 479.4666554647228 5.0 4
262.9413406877327 990.0282471832754 5.0 4
785.1171614566604 728.6073970990299 5.0 4
422.10205402308554 965.2609613110639 5.0 4
703.9632928982242 613.1613014530215 5.0 4
528.0451890519882 82.10820582506584 5.0 4
366.6280116515743 971.1878202609466 5.0 4
242.54832265592196 132.5829983823922 5.0 4
279.5325277334741 159.75468186986598 5.0 4
931.5019060727367 988.4302111203018 5.0 4
300.8509692504354 126.52120609671103 5.0 4
907.4439302981568 847.0221846400733 5.0 4
604.4690576592261 179.58579916047645 5.0 4
775.7927431649595 513.6085968275258 5.0 4
169.50510116593853 897.1292795281284 5.0 4
153.52301390680367 433.31880326684893 5.0 4
703.0025188428699 965.4120232510088 5.0 4
767.8541316635773 178.09175438077375 5.0 4
871.1401798247387 105.59275958032276 5.0 4
427.8325715262058 251.95199838322213 5.0 4
597.6543042388513 507.9711442400566 5.0 4
785.1744625998188 747.5492089967703 5.0 4
703.4742428523288 115.18212618582302 5.0 4
287.5682978570563 67.08765564577324 5.0 4
151.29118851181477 320.034106663141 10.0 3
7.986613265221654 141.40858378809085 5.0 4
916.5472827666639 480.4532149005885 5.0 4
425.8169322009051 44.04446778471471 5.0 4
201.3425162762126 341.46526385617494 5.0 4
458.32782879742587 818.7747054714711 5.0 4
538.2398336646434 797.402161819592 5.0 4
466.37378322885615 478.02771870773864 5.0 4
69.91296740744212 836.0726630040822 5.0 4
77.57243400334679 159.42187799497688 5.0 4
941.6865945371222 460.5050313173369 5.0 4
673.4934722686731 989.3546196426314 5.0 4
466.0993240519921 968.3231531701964 5.0 4
424.35402806328847 573.8276478118228 5.0 4
713.2332798337371 839.8977441041735 5.0 4
705.9253563218675 786.1354798170131 5.0 4
207.0049335907731 424.56504701000097 5.0 4
533.9454610999783 967.7606531397134 5.0 4
110.52128927131821 712.1084808913517 5.0 4
632.5498474579093 168.25451192076503 5.0 4
758.6908141976357 589.0110465713055 5.0 4
102.51852071466905 988.4979445575382 10.0 3
114.47242964648497 371.4009903078891 5.0 4
993.4664028063787 625.1090784030047 5.0 4
16.792067465915107 34.086443729168806 5.0 4
643.5302359909423 585.4906785862881 5.0 4
556.6703960353557 564.4981598895888 5.0 4
156.55274732248515 385.59236292033796 5.0 4
787.3220688419049 223.150101549907 5.0 4
778.0625231148736 568.8864958905366 5.0 4
959.1910513944719 429.4151405474077 5.0 4
522.3835332151253 599.4461703012288 5.0 4
257.83166658650856 128.7483162167372 5.0 4
478.24876846208633 394.8415114511997 5.0 4
571.8464340264564 441.7565302289789 5.0 4
259.5571445675182 377.2354462225106 5.0 4
428.0589005865926 468.15360644554306 5.0 4
442.4602710432576 452.11967007057217 5.0 4
595.6817540257038 254.26014808129105 5.0 4
100.51803694369066 789.3581934967316 5.0 4
516.5583011368117 41.00527612468885 5.0 4
684.7989958047361 934.10319610765 5.0 4
316.6878561112081 986.130323313812 5.0 4
724.9049072625925 35.35738798556953 5.0 4
199.745065830645 297.7488800195064 10.0 3
779.6070835490649 501.63325640415337 5.0 4
5.840303503463762 316.58292289792 5.0 4
632.4982892939648 464.74114814035096 5.0 4
276.1149423992477 845.8835746402068 5.0 4
801.1998386389431 139.20727043071744 5.0 4
21.56044761157938 399.94794047150106 5.0 4
192.38692071592655 775.7273182279796 10.0 3
982.6417797001661 898.6939545060586 10.0 3
600.8543258545591 283.20890295840786 5.0 4
450.79011890099616 777.2832490475336 5.0 4
217.37016356053562 599.9234436643272 5.0 4
455.6950229663975 885.9092835202086 5.0 4
533.7889643828909 695.2144774294627 5.0 4
271.62891105740306 715.5565567378237 5.0 4
267.10345937209325 86.4540734043383 5.0 4
54.13716102316379 599.7064685984453 5.0 4
741.6042732072905 468.32418560106646 5.0 4
370.1431017278514 806.0631441655012 5.0 4
691.3526745301386 411.7701344705802 5.0 4
450.635074146701 159.0133474165214 5.0 4
879.1916339061335 754.1939100537163 5.0 4
232.83713637830562 470.3901758860567 5.0 4
49.45872881125268 900.2350649736181 5.0 4
236.5432574967886 170.62429080123832 5.0 4
688.4595547205212 8.995905054818287 5.0 4
720.7658628969684 803.1387561599165 5.0 4
168.5968256017881 14.955614512908166 5.0 4
11.453175011331695 72.67860921865731 5.0 4
168.19949385083788 971.3258535444969 5.0 4
881.9315976135242 895.4211750876451 10.0 3
384.9384697717565 367.49636563998 5.0 4
352.50344749473606 535.8215735054991 5.0 4
597.9314109121934 169.14095912683592 5.0 4
434.02245253887537 976.3562024401472 5.0 4
151.48387912004523 963.5228664359325 5.0 4
754.8658577955683 26.562579876580948 5.0 4
467.6616576863989 92.76782935892747 5.0 4
683.7260609567095 685.1349284875865 5.0 4
303.460144857441 927.0888787333763 5.0 4
268.93930868457784 372.1605499147821 5.0 4
994.8682007637217 908.3055015611891 5.0 4
319.6880693796009 412.57634803538457 5.0 4
34.59827251981373 462.2970797781053 5.0 4
678.3766679514663 640.7185257232973 10.0 3
694.1910303547611 174.83951522501386 5.0 4
256.5321369469953 440.5107445315819 5.0 4
7.076028096172582 678.5838972915969 5.0 4
569.0873244156921 950.369332750694 5.0 4
966.3744981531784 564.7015657838898 5.0 4
588.7261286726521 596.9205594037257 5.0 4
691.9080096155895 42.357279927199286 5.0 4
68.98918251152108 254.30816479672248 5.0 4
504.992666768003 450.69901684795076 5.0 4
380.9732144376016 983.067292249783 5.0 4
49.70934889580758 148.17177721256104 5.0 4
458.93237567794586 328.6192134862396 5.0 4
916.6940340121336 89.22955484824836 5.0 4
193.60342377244666 5.52495999621927 5.0 4
667.6312806370695 627.4844591672241 5.0 4
685.9901604521245 831.1896299869514 5.0 4
825.9232544627864 484.42225584804055 5.0 4
499.39770625264936 849.0707085471233 5.0 4
115.90731789144671 161.9317623851896 5.0 4
951.1050870476291 989.0880097873255 10.0 3
148.5427300602351 529.542315123974 5.0 4
689.010262038786 26.692546716334032 10.0 3
724.1427785495337 905.4455729305223 5.0 4
53.72380786269115 106.58430507559746 5.0 4
194.00800988877808 597.2889995550818 5.0 4
427.00404240199475 219.03073057559763 5.0 4
622.0176731417553 845.8314192660623 5.0 4
323.60748003873607 258.6891343438966 5.0 4
262.061472887012 451.38359704074026 5.0 4
863.8567275484432 737.1574142060854 5.0 4
655.0850059438582 658.6074435168819 5.0 4
14.838529080023587 709.2584627893916 5.0 4
428.4332976256721 420.21707699720133 5.0 4
439.789291363204 463.439853986643 5.0 4
644.066144996523 169.20172444596793 5.0 4
541.4677011263328 712.2915311238086 5.0 4
640.1123477921925 486.9569037357102 5.0 4
778.5681271602363 557.7789721982276 5.0 4
11.162090481501185 862.4613774487589 5.0 4
11.171869073398067 167.37247518890942 5.0 4
900.6524420870129 982.3705094277922 5.0 4
502.0979338890788 962.5405510980513 5.0 4
82.13886022349881 192.20945622869456 5.0 4
646.4112733077088 741.4339710802396 5.0 4
854.7957765712334 84.72518974374255 5.0 4
169.6755311658903 437.97831410616726 5.0 4
840.5040032882055 539.9298513004195 5.0 4
178.7216578052796 674.6086186357028 5.0 4
571.5879300963566 702.7447792659113 5.0 4
821.3177705957418 934.8749706911589 5.0 4
417.25390147873765 6.6688783363297865 5.0 4
477.45383489929714 319.8669308368315 5.0 4
991.5010161410233 191.16186480140084 5.0 4
651.0201622001053 424.5877776281557 5.0 4
870.7056050031039 547.5350363750922 5.0 4
514.2997931549511 306.0235127935694 5.0 4
538.7511448415895 579.0136320717417 5.0 4
59.27549919043129 151.50166427562172 5.0 4
399.52998985067046 785.3935891534609 5.0 4
420.2169631898265 408.9498779411894 5.0 4
418.45241908547024 472.6982225993951 5.0 4
231.04929355227188 105.27723854035354 5.0 4
721.6678056282634 414.3306638153157 5.0 4
221.87492901405315 962.7869211590553 5.0 4
139.47119654389317 557.6426114580328 5.0 4
355.17834147915426 182.45806895885042 5.0 4
430.5498450160072 775.3648831318162 5.0 4
52.14118812481594 120.68231979802258 5.0 4
993.6605107397826 957.0745589304909 5.0 4
40.243871915149995 49.47484142852643 5.0 4
206.9291082614897 870.8308725917653 5.0 4
950.6862661234435 759.1230111585784 5.0 4
917.5744519933545 252.5734533458066 5.0 4
582.6509801402541 838.8827498208949 5.0 4
560.0236823206142 463.65910431650735 5.0 4
727.0687739783486 705.6984380466529 5.0 4
101.6461795986403 229.53389838398508 5.0 4
121.19487210550162 903.3296679679805 5.0 4
119.6464073094714 227.33074454537484 10.0 3
131.464201017621 208.75815840077584 5.0 4
84.04032070274215 914.4925835910514 5.0 4
60.75343095213259 885.8716158678142 5.0 4
675.0229174966571 456.8224334462329 5.0 4
730.2684872527173 214.92050975339473 5.0 4
689.9742443402091 438.12715838365943 5.0 4
818.8681026424781 235.2323706212286 5.0 4
902.5431856703863 161.28295372002344 5.0 4
515.2672922396737 583.9349057857472 5.0 4
265.1807925652888 680.2398286414608 5.0 4
164.82815891271287 985.9854415133993 5.0 4
883.26385081468 766.0608124647108 5.0 4
187.42754491585478 134.56484319147143 5.0 4
436.16679372623724 543.9280446943335 5.0 4
974.4316522470982 363.40550462595235 5.0 4
249.25207010647455 969.1869440546056 5.0 4
883.8642662391386 254.86124391900944 5.0 4
598.9308062913469 207.41550407050258 5.0 4
924.4833251782629 221.87143265020137 5.0 4
135.70267509311273 126.81745778856623 10.0 3
453.8605039835678 508.16490738427376 5.0 4
504.69450921586537 711.2413742505131 5.0 4
574.8331681846433 831.9818213319634 5.0 4
446.22690464460766 414.07945667139944 5.0 4
567.6947221380872 609.4083404333642 5.0 4
335.1527332996588 576.7645256634218 5.0 4
154.9903200332896 374.79076463540906 5.0 4
33.40184765326748 242.19609403509634 5.0 4
87.37939800865114 869.3675390339316 5.0 4
401.2428715646168 32.1760848288245 5.0 4
142.32948231947296 969.2457793271451 5.0 4
481.71088899956874 685.0725178773323 5.0 4
371.4357705645085 556.0636121374447 5.0 4
912.9089221449985 161.89734479697938 5.0 4
759.0964185570972 639.6973411136178 5.0 4
581.5297529163919 487.8821414830609 5.0 4
503.1364768393468 729.2145846825383 5.0 4
928.6988155804247 280.85662324831986 5.0 4
43.14515919263717 22.14271324040218 5.0 4
249.82087161427424 791.1294823225251 5.0 4
895.1955904484989 855.5707188877693 5.0 4
765.6310363144509 110.06698012719885 5.0 4
342.71464374574924 916.8014320317503 5.0 4
987.9029278866061 8.124240102293957 5.0 4
5.3602285100989855 940.403414930355 5.0 4
306.58904905432126 835.1207356588042 5.0 4
341.52838227287884 133.49173711264083 5.0 4
249.77559644977177 99.44465061629771 5.0 4
12.761019425233332 888.8742359537334 5.0 4
50.639574019474274 862.3228999164236 5.0 4
448.74547879432123 934.7597608138592 5.0 4
429.19035515181656 315.70485181995565 5.0 4
949.4819198767669 771.9007217386876 5.0 4
55.9614308662163 251.4265565101095 5.0 4
550.3619683308531 163.8647906386601 5.0 4
444.05071548540917 424.41335977435534 5.0 4
987.4049902408035 795.0480533859084 5.0 4
577.7142752670965 779.5776015893466 5.0 4
52.537890377653106 511.97718450812914 5.0 4
668.3284639972904 748.7523489851184 10.0 3
892.1523578237521 757.6667576080199 5.0 4
704.9130932385154 130.6575529665973 5.0 4
983.7238620749314 239.83188830443137 5.0 4
16.19861168444603 524.2516270772797 5.0 4
488.3236516694989 68.06363045560626 5.0 4
691.817102593426 702.7971856665653 5.0 4
673.7727357526213 58.1283026857411 5.0 4
177.43899526839658 980.285293628542 5.0 4
663.8551052480666 763.7934176916841 5.0 4
332.3665395487322 935.225168089386 5.0 4
194.3121676685382 832.2639063798348 5.0 4
5.429919869962774 605.8835013205303 5.0 4
53.914428434726936 961.0745176727556 5.0 4
579.6129982981031 146.8104214451439 5.0 4
691.1831981791972 483.81573316368633 5.0 4
635.1436221427866 373.6796307267656 10.0 3
990.1851079949595 89.83106211155334 5.0 4
953.7785012560247 656.8439067596122 5.0 4
152.67306412673497 774.1870496307457 5.0 4
971.1298127950392 863.4120922092333 5.0 4
821.4192120489807 249.02231740527324 5.0 4
178.75428900676349 442.24156854282813 5.0 4
114.56511951435522 888.9637441132671 5.0 4
568.0059763767275 663.4976096812494 5.0 4
746.0259646617579 423.4347181839616 5.0 4
492.35307067045096 429.5577864145418 5.0 4
494.95426872174033 27.658907614254712 5.0 4
203.78360510960368 12.999052880152906 5.0 4
803.0399095544796 478.1524208744123 5.0 4
663.830451909544 400.45993251319936 5.0 4
178.34104127435558 320.46808590559607 5.0 4
458.8041816110298 899.305087376137 5.0 4
766.3721163326423 816.7386096335641 5.0 4
901.5254349424608 453.7051482500959 5.0 4
405.1864538784553 416.7003388993575 10.0 3
988.1927483946621 457.31566358588805 5.0 4
123.80456475762713 877.4493966972742 5.0 4
673.2289577675119 268.34426941461277 5.0 4
14.848052384124122 638.5506758782689 10.0 3
244.45594322506048 760.2782550077588 5.0 4
578.3407937514024 984.867422911979 5.0 4
250.3924755382686 951.1905509424561 5.0 4
24.208395711002083 135.44643764298146 5.0 4
29.890783900501148 211.9389841363457 5.0 4
946.4649854565774 608.6228089770198 5.0 4
339.223551078745 96.01838144763764 5.0 4
46.80884899797266 939.2539067887606 5.0 4
420.35360963245085 239.9742706742125 5.0 4
737.6140683960175 117.31664416201993 5.0 4
964.6947490061327 306.91766681901447 5.0 4
583.3386040164918 365.862714790005 5.0 4
957.3562235413369 128.56621352870178 5.0 4
776.5799250464571 838.4905475874027 5.0 4
9.64737785900882 494.58869041885976 5.0 4
588.6962218085318 983.2021393367806 5.0 4
812.0338046768347 132.38077168320018 5.0 4
897.7097549939309 218.8697933167554 5.0 4
787.2113041709246 250.17556181712752 5.0 4
641.2611303312734 260.45872009940774 5.0 4
26.76806235679663 226.6529932821303 5.0 4
779.4336928150209 606.1420323182892 5.0 4
309.93388701867207 953.0012953898946 5.0 4
591.2728871893374 481.3294985927107 5.0 4
784.6140396636971 592.6689969771222 5.0 4
371.6589975635379 5.330772123650851 5.0 4
708.3096987986135 173.766198855811 5.0 4
138.93521526703333 391.00487696758637 5.0 4
890.545762667487 462.21052396471975 5.0 4
9.760157890717714 345.8542537597654 5.0 4
489.2365434700338 942.282069317633 5.0 4
300.40812941705343 771.9783993770827 5.0 4
508.86792479313505 482.2758730054747 5.0 4
492.55200964278856 489.86352155036474 5.0 4
907.5768180151849 858.3159708867987 5.0 4
447.0931132144269 270.2511933666509 5.0 4
37.74745830435855 9.56849173717156 5.0 4
994.1499372468767 246.85746286068422 5.0 4
520.7412645874467 967.390013667688 5.0 4
713.1207971061265 715.5536510582289 5.0 4
518.9224026190498 491.59029710143 5.0 4
138.26841145157886 8.004705606333484 5.0 4
683.596668292484 774.2820824328945 5.0 4
964.3422165248923 363.62522586067 5.0 4
962.3593167558878 209.68500043265027 5.0 4
330.2379790515915 775.7927814524362 5.0 4
816.3414184315837 211.21890776952478 5.0 4
604.1522987667217 986.8583913902304 5.0 4
882.0205750045536 7.756734064440218 5.0 4
974.0557600044418 634.7858197814453 5.0 4
233.28646155933464 320.7982258430959 5.0 4
760.2854464429505 240.94026057758822 5.0 4
405.0019828404801 21.125867946299117 5.0 4
84.15531072057003 63.16142886089493 5.0 4
58.6284688375297 828.8488858849637 5.0 4
632.3894097463053 453.4217681871897 5.0 4
185.5985188988394 53.63726988424011 5.0 4
950.3252340184866 322.43525206988323 5.0 4
84.36441525922712 958.0131133099819 5.0 4
620.5280834024808 612.4694967497518 5.0 4
54.418067051114186 393.6677479807882 5.0 4
436.6912967491645 111.6836288694787 5.0 4
748.7977948902366 192.21256476373384 10.0 3
943.4998797522281 568.4015743592922 5.0 4
559.1669039047888 123.62101311713258 5.0 4
21.693175146296984 742.6693251031528 5.0 4
460.80889721585226 619.0759762556621 5.0 4
379.2966718909838 544.3529228606684 5.0 4
551.4938871888743 646.993763106454 5.0 4
599.0036876386021 5.988574381363021 5.0 4
145.7200274941487 567.4673635732431 5.0 4
598.5133209708714 939.1210567608417 5.0 4
966.800183380233 961.5604926557202 5.0 4
433.8393328249085 380.6658397511741 5.0 4
520.0877199817367 154.88416053840692 5.0 4
336.0289470917041 45.55620914343606 5.0 4
535.3267974339011 830.9232788277402 5.0 4
785.2248446885774 87.1574799037187 5.0 4
210.45290441467978 694.9566764658585 5.0 4
752.8694009889846 986.8017199632415 5.0 4
103.08667878645284 544.9618598633733 5.0 4
876.0950256301344 679.5025024674128 5.0 4
910.4627509704601 932.5395542317189 5.0 4
993.9306778903376 68.55187588273215 5.0 4
90.7078664362051 162.55725644534425 5.0 4
59.74303753265286 972.5027595210644 5.0 4
458.16279361351855 45.27991630397621 5.0 4
734.1208289841488 11.263784091028239 5.0 4
991.790411461445 131.15605460044753 5.0 4
222.10382228613878 392.15496693199015 5.0 4
71.87973978794903 420.5522049746602 5.0 4
178.17971753246408 587.9228642698317 5.0 4
527.0205731095316 40.329346355954975 5.0 4
585.8607428576296 556.1391775835905 5.0 4
19.650818443444184 602.5579967110153 5.0 4
20.549326186187432 162.7032164056078 5.0 4
38.36345493211324 552.5517733936774 5.0 4
69.97748607305954 392.25424664785146 5.0 4
517.4594170244616 666.378637360757 5.0 4
54.788767093479684 494.84955383600095 5.0 4
720.1968690596717 164.62271412030572 5.0 4
762.6636094834927 8.580055163527 5.0 4
241.55859767268328 280.5322830202529 5.0 4
824.5969238184185 502.27618200701573 5.0 4
511.75801506480644 552.961355773602 5.0 4
168.04899609054624 923.8425060853898 5.0 4
957.1252607245514 816.6100190131197 5.0 4
833.817961801187 27.733644568492146 5.0 4
659.9180523490572 494.541986690488 5.0 4
545.6215644445543 66.80963292140774 5.0 4
425.9472410663535 482.86440286703237 5.0 4
564.5469094012041 346.5321167132932 5.0 4
594.5731611901118 492.1698808019812 5.0 4
501.09843202607107 272.1132006025226 5.0 4
807.5387446028965 236.1511090271209 5.0 4
878.9955317120518 152.10542756424638 5.0 4
142.88818117781875 41.0129082762456 5.0 4
279.7487897149985 8.567324870442427 5.0 4
275.3051453908265 903.2518219374451 5.0 4
836.4616924494273 802.6617204807901 5.0 4
320.25075488819465 169.1975563553185 5.0 4
486.88187305204644 542.9627295966397 5.0 4
9.996733128193158 289.41368328188486 5.0 4
360.9705792568421 933.7111354494058 5.0 4
269.1763430732489 808.7042056984834 5.0 4
86.1693166335512 858.9207219487045 5.0 4
479.8223437831326 652.9565353140526 5.0 4
313.19832381428216 137.14926487654512 5.0 4
447.0543979575547 233.17548549783606 5.0 4
730.5762030864375 817.6925919313956 5.0 4
399.8352777850289 207.17897819418107 5.0 4
448.1880337968226 325.4364963147071 5.0 4
117.31253984998024 992.3979853575274 5.0 4
820.5585048185534 538.4849035030023 5.0 4
444.59515026346287 207.661129042757 5.0 4
601.6674482524115 706.0160903040774 5.0 4
498.8089292661049 293.12262594050287 5.0 4
728.7128587501692 841.8435656450828 5.0 4
969.0818316026016 769.4791698274397 5.0 4
983.2298651203669 629.089218664405 5.0 4
845.8526181927094 246.02047665567784 5.0 4
605.1163964549376 262.28098422007486 5.0 4
505.5137460703485 144.102567435735 5.0 4
166.97782777772562 40.80060766318616 5.0 4
723.874521432458 620.6400724184331 5.0 4
823.1988564423856 819.4147833944137 5.0 4
957.272591388494 346.09109696539565 5.0 4
826.5647254370533 792.7642323287438 5.0 4
699.7327041015168 213.95259155331237 5.0 4
434.36879644694295 269.3917401324887 5.0 4
157.02415784922496 764.0982026326951 5.0 4
289.1718827691929 823.2943875668594 5.0 4
622.0896109025385 502.50667175527286 5.0 4
550.9794444483803 543.6352471846697 5.0 4
261.9480928868105 885.2664637531242 5.0 4
309.58449386611073 443.5370761386765 5.0 4
593.0711598789926 912.5346485264931 5.0 4
443.49646406669484 342.1268516062642 5.0 4
149.86383353913467 140.51984603930833 5.0 4
345.50384551264915 202.09492756553914 5.0 4
678.2592247444121 760.5871643351913 5.0 4
663.9322903348741 260.102562495529 5.0 4
262.62107331642005 696.9946472455531 5.0 4
137.8033861815453 336.79988498591206 5.0 4
472.4186975025397 307.37651536927524 5.0 4
35.99243068949121 623.1695566147597 5.0 4
63.7908484172659 523.4604555635804 5.0 4
471.3358811397147 78.36833187362302 5.0 4
821.5781602955681 989.509826037013 10.0 3
435.10705412173303 504.2689560169383 5.0 4
225.213435486046 239.8915448238118 5.0 4
862.0966796045718 6.088543020476789 5.0 4
181.64408728495695 758.4935742600721 5.0 4
770.4803143790218 621.2163683645005 5.0 4
156.0448784274142 86.77058829814987 5.0 4
250.0889510168365 533.4026201518411 5.0 4
994.2118366313463 592.7120962199014 5.0 4
453.07192322940335 32.74575567248061 5.0 4
543.2460458371439 629.2164958397502 5.0 4
488.6340778327983 152.24768905142284 5.0 4
357.71407388930265 223.86400116725014 5.0 4
79.41805863779861 991.4381000944749 5.0 4
968.5035085899394 619.9252487459336 5.0 4
577.960745315153 956.0707607033061 5.0 4
563.0264226344444 652.8692322850092 5.0 4
468.53062214621775 461.84860049853927 5.0 4
284.62215289941986 18.000642302360646 5.0 4
389.7769362821161 186.3394176047557 5.0 4
55.979080181347115 729.8900400936752 5.0 4
719.3520949390426 890.603633770245 5.0 4
806.5407225981942 788.8205022579122 5.0 4
160.67191722000285 730.8129852101948 5.0 4
41.501977522728886 829.0385372016467 5.0 4
781.1856099192571 171.64171515969684 5.0 4
528.3827551825747 682.7724825411561 5.0 4
310.05795720955234 289.5790955414891 5.0 4
49.62041980038268 216.19726025900798 5.0 4
640.0088972568002 925.1161865652181 5.0 4
937.6465677348907 781.4217055808751 5.0 4
87.77595486190415 540.5711416930558 5.0 4
203.537561939086 434.8194166254561 5.0 4
251.3627645550659 883.1059425995629 5.0 4
502.79839795670955 353.8157143223154 5.0 4
464.4246325331703 781.8568646568147 5.0 4
749.9179745549098 603.0755402882875 5.0 4
488.90233740535894 990.8108844832977 5.0 4
945.3009309188773 620.2855727329138 5.0 4
961.7339005470254 750.3266625818192 5.0 4
242.04331760260388 781.9416229022802 5.0 4
