437.001228245072 191.12386612707343 6.0 1
163.23711532140962 167.94892453135876 12.0 0
297.7049217394402 163.78183703829598 3.0 4
479.14477678306383 173.24234337586844 9.0 3
296.2695625953719 85.50804112796922 4.0 2
285.1928216629225 181.19783759977787 3.0 4
129.14327291071308 71.22460078853774 6.0 1
250.32051881996094 56.97319411316168 12.0 0
16.229661239328784 99.42155589371696 4.0 2
233.0196506797622 160.88144391269174 3.0 4
377.317792528348 36.296198943780844 6.0 1
431.6066643004653 98.39403560390616 12.0 0
220.60944380983977 136.901090755959 3.0 4
443.55604430137765 128.36376934323965 9.0 3
92.95726854964576 130.76525015741194 4.0 2
136.91223111183848 36.39342865437103 3.0 4
376.5928305670497 66.78387359660816 12.0 0
441.3604042010808 169.15066391122298 12.0 0
282.03665290594734 109.22454048257755 12.0 0
263.74134638103357 79.01914700363734 3.0 4
367.54327654925925 13.827983628547646 9.0 3
307.57586066920703 160.67572801300147 6.0 1
223.04746379308676 183.85946208108726 4.0 2
236.74720151166434 145.16044637748982 9.0 3
103.11709406341524 34.17551854983913 12.0 0
297.04801648353276 32.4145094902065 6.0 1
41.08988149242937 25.541071477512457 12.0 0
333.65513604653563 112.51898644822928 4.0 2
352.7629822698549 12.153248658660232 4.0 2
380.1211585470192 124.64785559956397 3.0 4
129.37432862553223 168.29952904123832 9.0 3
401.6018211089796 80.47135862773214 4.0 2
47.078421934180106 163.50943516775715 4.0 2
455.17031912454405 89.75210708491733 6.0 1
427.6640445035234 56.74133558435628 6.0 1
14.514809128460316 150.02563328235087 9.0 3
127.88209927640581 23.998175770881236 3.0 4
120.36404694118436 88.5168716566075 12.0 0
22.83719059536582 62.64048830516968 9.0 3
477.3855590051566 144.1163211591971 4.0 2
404.9518458324684 158.37186358510368 4.0 2
258.718603088847 21.405255518371668 6.0 1
147.61228093555496 115.2633027620112 4.0 2
80.31545886319901 77.25257906407153 6.0 1
145.16576593105833 151.84855592645403 6.0 1
97.46507153000088 182.07982674519494 12.0 0
464.2431169498473 97.60729844426297 6.0 1
360.8811999810766 185.03347163758446 6.0 1
468.9869557105769 145.8449353049661 4.0 2
330.24465341194195 185.77513898267085 4.0 2
359.13237315451045 194.98535716875216 4.0 2
327.1420194236483 46.74331867838883 4.0 2
108.73283059813005 117.76194359268621 3.0 4
368.20393510812744 124.81762062188626 6.0 1
49.27467937297941 182.67997955925208 6.0 1
218.0575239365087 53.207530341079675 3.0 4
412.5469466874667 7.658333855488331 4.0 2
178.82395357274027 17.241279082934803 6.0 1
315.51816086234857 135.0949533446205 12.0 0
48.51535121181338 132.61214467782744 3.0 4
399.48076103168245 121.61837538923822 4.0 2
235.15770513477497 90.95384341234765 12.0 0
426.4170731263195 158.31458999932178 3.0 4
73.67814488754232 132.82219316698772 12.0 0
341.6189439355252 143.70920896099258 4.0 2
478.4169140457608 45.278045178112535 6.0 1
252.9239968448943 131.13737435908834 4.0 2
90.87336161847325 70.07302748244261 6.0 1
157.6077979768577 195.17887491815995 3.0 4
198.41578348755777 67.16252306807384 12.0 0
67.79806498959323 27.901520868244045 6.0 1
164.75628134784554 93.1701665714737 4.0 2
197.85720785783033 161.75450823328103 3.0 4
182.84229364285014 42.32655143644415 4.0 2
146.56061637648747 76.71546145039882 12.0 0
150.84465134976514 137.09482976140427 4.0 2
40.631431235234274 133.23751655957437 3.0 4
490.09312120552187 39.294966640015886 4.0 2
70.430493504744 53.093384821214286 3.0 4
435.82073538199245 152.59617504872799 3.0 4
120.14595304336994 65.83091910270295 4.0 2
435.04218937500855 24.25372611790022 3.0 4
275.1605991800978 124.4252675332902 3.0 4
317.0200517815667 8.13207139390142 6.0 1
206.42673857099382 7.203621652831993 4.0 2
128.18787424251425 193.18596224578332 4.0 2
146.35993904526302 34.51237020381011 6.0 1
225.50893508583874 31.498440349616462 3.0 4
15.79014823130348 37.990001433881005 3.0 4
340.11233210523784 83.38492599037677 9.0 3
127.1114788998764 129.7380507553856 3.0 4
206.0359969398366 176.060152357283 6.0 1
276.2369095212191 48.74659032951616 9.0 3
113.94818424201952 191.31284327112218 6.0 1
202.28642806391073 96.93092193726676 3.0 4
33.02722728323892 111.88408441858581 4.0 2
425.3235141845723 39.07920662879392 3.0 4
358.5980365345995 159.49470567667092 3.0 4
143.69911770795224 50.48681161231268 3.0 4
4.016457549092911 132.27483658462836 4.0 2
182.49102826761072 56.85202967821725 6.0 1
343.4408661648277 193.25755611023126 3.0 4
179.65982523763412 84.70829058746945 6.0 1
20.45163642429926 175.55137493523873 12.0 0
367.2245987837011 100.55347715168735 4.0 2
444.04911263407377 87.51648453652008 4.0 2
425.58673433078343 186.6879007868105 6.0 1
413.8061863642323 147.45489401125738 4.0 2
29.88363091014845 96.10114824977391 6.0 1
84.3225204722377 155.64839122377492 3.0 4
471.58859170772195 192.73929280295613 4.0 2
241.76665437665412 35.00892289865365 4.0 2
465.94101096388954 38.720883805357076 6.0 1
314.4161937484508 107.58824296718561 12.0 0
187.63911465155658 139.69995767319702 3.0 4
244.10595801994035 162.34021905854118 4.0 2
490.5797568844162 78.4378326166636 3.0 4
22.262710010972686 10.97213516292772 6.0 1
4.758098108896325 34.78929119709151 4.0 2
277.6466943150417 78.91290680438286 3.0 4
215.6397271088104 43.568598005065894 3.0 4
207.8880894319287 124.71574763261361 6.0 1
302.0971895639504 24.791518404361824 3.0 4
85.42129842797314 167.48755480589915 6.0 1
400.15914068888566 62.525286427077795 4.0 2
395.1097916671948 20.33248004654564 9.0 3
134.82391908388774 95.68058383505115 4.0 2
70.60849220960868 170.66499609254865 9.0 3
78.27019023420922 26.975120862925927 3.0 4
133.97522833974878 140.40133599021516 6.0 1
423.7366601544239 77.98703001155319 4.0 2
455.59039888226573 57.11089117576156 9.0 3
288.48002654161417 151.0806324991532 4.0 2
51.815101542162566 143.81979669006955 6.0 1
78.53419906421666 151.49724648687408 3.0 4
210.57729488562993 150.52131801430025 12.0 0
459.9594609501029 19.103833009793327 4.0 2
362.99297634817935 171.62100934335172 4.0 2
326.9911606053389 151.46070832666177 4.0 2
29.36361490278533 151.05995149115418 4.0 2
399.67367186825163 54.83248799424207 3.0 4
38.53903718416829 174.9044304332966 6.0 1
337.4863442154896 157.4686532962134 6.0 1
222.8563369778007 64.18491738609535 6.0 1
102.41946424495745 94.79740066811753 4.0 2
192.25516525862508 18.52296036032368 4.0 2
216.28919117162621 85.94269195156382 4.0 2
342.3128063157215 67.46491522052567 3.0 4
304.8720652422133 56.90838586171842 4.0 2
173.2749250546603 119.49274706475394 4.0 2
386.97627120617665 151.89044247652345 6.0 1
165.8045000476 54.11020017757509 6.0 1
172.22728451863222 148.86857406654718 4.0 2
89.32054723684595 5.759105162188938 4.0 2
402.6446273113448 131.0241645763347 4.0 2
268.87185494316697 194.45166616163988 4.0 2
216.63622070387706 9.991267147571282 6.0 1
180.58049311449852 187.81166878610242 3.0 4
298.6669919471036 8.909401685401729 4.0 2
413.41739893521697 173.44898185037914 3.0 4
286.5728713808219 130.72935051071198 6.0 1
298.19671799990715 186.6070003754664 3.0 4
388.8233278544526 32.65631368116735 3.0 4
79.16501419864203 187.14537678900007 6.0 1
220.50616969056534 35.34145251724594 3.0 4
396.5627914859198 44.86085010616523 3.0 4
403.57309056830405 187.6326096424998 9.0 3
239.0290002816291 111.23079237449429 6.0 1
486.3660496704664 114.59663646875352 9.0 3
267.0933125298508 133.080284921023 4.0 2
468.7400602223229 82.79403669730696 4.0 2
318.44047511342325 170.64208552375138 6.0 1
278.82203394183176 9.376072320704543 3.0 4
492.8064310534309 25.80353614257971 4.0 2
250.12100517825587 152.26157778530606 3.0 4
427.7588163322293 28.348633018533697 3.0 4
487.74376574422683 95.28306067729699 9.0 3
98.75316140986095 149.52974183727576 6.0 1
109.49383803426355 65.39033839089328 4.0 2
380.30260159758046 107.60229557784085 6.0 1
188.4869600631189 160.53581465924978 3.0 4
119.65070444199665 106.92162904564506 3.0 4
360.13289037765486 106.12844845837772 4.0 2
84.77273565129595 91.288229176354 3.0 4
439.08822032569014 45.31297751705943 4.0 2
374.6265745820788 170.83141558622827 4.0 2
327.05416117056143 91.36857526822739 6.0 1
257.91159474677346 9.966512224619084 3.0 4
25.80041780011505 126.1351655006851 6.0 1
166.27510004423345 83.43827584230787 3.0 4
108.46492258554835 168.49180252599953 4.0 2
202.9166176872519 188.34944719062196 4.0 2
202.9023094799736 17.259313414971423 3.0 4
116.34475821255086 137.16868528795212 3.0 4
54.67494077479335 12.240215981186253 4.0 2
16.802224474926575 76.00138767376062 3.0 4
414.9654735638768 114.69276420240513 4.0 2
109.5278146699058 156.75426618077805 4.0 2
258.8018233792919 38.91009391010891 6.0 1
311.22005717041134 88.39552671725023 3.0 4
222.87947401995146 46.02647060286584 4.0 2
322.87411760217356 74.68406663734054 3.0 4
142.98491268040058 20.71642152785007 4.0 2
196.22356124463036 36.598828946211626 4.0 2
155.10705092284982 103.61292745028959 6.0 1
417.70920333523605 53.768807402453575 4.0 2
262.3163981615708 181.99945639064194 4.0 2
366.53186149651464 38.31586821623385 4.0 2
46.54102584901854 54.145923542042375 3.0 4
49.39908528247017 118.44925842078673 3.0 4
54.193619835885386 93.56774071857865 12.0 0
383.63378024073927 192.54452756922228 6.0 1
236.99635458897544 41.09367886361328 3.0 4
337.8621280296358 35.75112822888003 9.0 3
56.44908936977949 110.0120318383847 3.0 4
174.0097603923678 35.45489555581438 6.0 1
121.86430214991756 48.65604293724248 4.0 2
478.5317605483448 125.31180348322583 4.0 2
10.374156043765293 112.12429787269245 9.0 3
259.25431969234575 106.27486128942078 4.0 2
185.2715316715493 133.0262212122138 3.0 4
344.8976520754297 119.68756023337876 3.0 4
263.89238771830566 169.61174511250988 3.0 4
121.54831838164438 153.95862247234342 4.0 2
450.14045198126615 143.71706291939174 4.0 2
428.28732802969046 124.36777775919259 4.0 2
422.01101762077064 138.1716826431781 3.0 4
365.1693455084036 27.776335431942336 3.0 4
392.3109997878466 59.660271922999456 3.0 4
72.78778192919604 107.69884157134642 4.0 2
469.15848354467454 5.263945356237443 4.0 2
120.507159080604 143.94996835535042 4.0 2
380.14323512087617 6.758651540443017 3.0 4
152.39462381500596 123.2880244068931 3.0 4
413.4684504279433 132.96945811121626 6.0 1
84.79473425798395 46.59216629424956 6.0 1
342.61785826605296 23.582691612803774 3.0 4
163.4377033586304 68.56647409645869 3.0 4
496.33381200538116 152.6128915669526 3.0 4
321.1365494356449 59.751546557752434 4.0 2
190.68969246592982 48.98267251984474 3.0 4
334.53866310860985 54.60869982682988 3.0 4
374.7430951736609 195.84920422956586 3.0 4
379.4606595466813 140.9630447252474 6.0 1
68.9999011720796 38.681523474199686 4.0 2
434.6995797065983 5.5554388960288525 3.0 4
66.3643549923067 76.73007015098075 3.0 4
31.23462764828583 83.20402391660402 4.0 2
105.12639650760892 130.38619125600508 4.0 2
40.68473092690733 66.05617733729827 9.0 3
31.21330213242529 143.19139152331786 3.0 4
175.41187139053605 194.44694936715376 4.0 2
350.83755911578413 140.08437665276406 4.0 2
239.75365111578822 121.56453078333729 3.0 4
95.13418513086552 113.47158977089771 4.0 2
284.0821901569787 193.8664790641762 3.0 4
60.06544345764148 176.40576692320064 3.0 4
418.84438976413094 164.88040096107838 3.0 4
397.40527428195156 105.12500331327333 4.0 2
353.17269651381423 175.44046702937672 6.0 1
109.32686241356815 102.15436600167278 3.0 4
449.9471072398412 24.558435503356968 4.0 2
495.85064308081854 180.8553036409522 3.0 4
55.749888524423916 67.96002496598146 4.0 2
308.21008674643423 174.54615760998075 4.0 2
255.62253102161537 94.15159245818379 4.0 2
104.57117707510577 85.11176278906265 4.0 2
104.37173360888147 57.2039302465174 3.0 4
133.80696218064136 106.12852380857079 3.0 4
75.36682532080835 88.41781044633707 3.0 4
58.858307007517155 43.76270575927903 3.0 4
127.7336038320272 61.21850725195755 3.0 4
48.178513360725816 125.07872620155763 3.0 4
349.6152030887256 71.91863701384058 3.0 4
413.69865255064593 90.92242294164721 4.0 2
259.75828720231357 162.31914524613524 4.0 2
20.562603966365444 30.645187774125283 3.0 4
288.5371091466823 74.38143165255786 4.0 2
351.80003263693817 108.57474988760008 3.0 4
427.6584112860594 47.631572302151625 3.0 4
213.3718399274035 193.5383960288487 3.0 4
332.6094065657549 124.43019710863807 3.0 4
177.33654201934584 104.6990165712826 4.0 2
466.45932412613337 131.07927439154807 4.0 2
144.9979026540701 182.24064548368997 9.0 3
201.54700891587746 48.029726833321405 4.0 2
162.9737064586822 16.332705031242334 3.0 4
422.3000593301778 149.5579727654306 3.0 4
439.2028440127135 115.67125105080132 3.0 4
277.51225807951477 139.53991997703673 3.0 4
276.16144208821805 165.5465262009648 3.0 4
273.34268277249276 153.25953307829565 3.0 4
386.56797098084127 168.20118671341854 3.0 4
133.22216863973995 41.27588006113767 3.0 4
431.04252471230564 66.17410747796121 3.0 4
421.4408923222811 172.21473887666372 3.0 4
247.25317512019595 24.034717610542256 3.0 4
372.1795944139891 162.31307428699841 3.0 4
467.8369531272332 19.25064136478443 3.0 4
200.86697206463234 30.528472054453637 3.0 4
134.7405004685493 116.86014303502654 3.0 4
183.86882870660182 120.87354181530254 6.0 1
214.83070535329935 183.8475468279461 3.0 4
355.57112507439933 44.09252826942427 3.0 4
160.5194309457612 146.08353796645787 3.0 4
480.8319350903421 21.841364011525698 3.0 4
456.1171003401439 120.13325044270415 3.0 4
280.21463980751827 28.304940590469975 4.0 2
366.61930410489884 112.53309144441319 4.0 2
81.34406609032719 63.71729221608264 3.0 4
285.46171453958755 90.27206323267282 4.0 2
368.92274893170514 147.3638440136262 4.0 2
401.0336635720347 5.227560010195953 4.0 2
463.38355359400384 28.07929587307829 4.0 2
148.9645790359463 45.8720307823486 3.0 4
67.93244619855993 113.03437337756677 3.0 4
196.5725286075174 102.27796899643809 4.0 2
149.5692342138973 54.916976374081706 3.0 4
75.22357775701666 11.09502749530822 3.0 4
420.692319360738 44.38453865129104 4.0 2
403.6930729533854 139.9248019605145 4.0 2
470.5020611164644 55.47728401991618 4.0 2
460.6912313450818 70.00585576271786 3.0 4
67.95035747363293 63.69963443742921 4.0 2
318.2240408763358 184.43646763782837 3.0 4
410.0315069832726 54.29984795370868 3.0 4
232.22253246014552 178.04493958848047 6.0 1
398.9598836593813 95.04986980074919 3.0 4
102.15729448266453 51.01241838834054 3.0 4
118.51203501790359 116.4650315343902 6.0 1
313.8692283442301 42.060303108839435 3.0 4
341.0201936403537 175.8035241959976 6.0 1
124.93832878457172 10.987094976234468 6.0 1
144.86710819217436 131.30324134142762 3.0 4
409.27761509071695 37.647192285409695 9.0 3
194.3543657914607 150.72621802240636 3.0 4
30.25070354797932 40.900978700341305 6.0 1
231.04806389259974 70.12034422553339 3.0 4
493.0841816296256 57.68362890520875 4.0 2
474.1633342957702 93.92021012344776 3.0 4
493.6315461027671 162.0564992947302 4.0 2
268.987797207964 141.6158539925866 4.0 2
329.5763133709699 169.39087364121283 4.0 2
386.87121368055176 176.54228615244932 4.0 2
86.30089813775315 17.44459905355211 6.0 1
432.13696936451953 74.80813311983306 4.0 2
489.1758467362526 133.86036697699814 3.0 4
494.04278842928954 124.1195992196223 3.0 4
120.53496027034954 126.3901364112673 4.0 2
270.7720328248003 64.87839338330016 4.0 2
194.65530394888341 186.98616791499694 4.0 2
31.85133138220886 134.1575022098823 4.0 2
267.81559650897765 9.988448146240847 6.0 1
356.6272950751973 121.29415989273244 3.0 4
490.87444269472445 147.0559892927781 4.0 2
405.3854632933484 147.9940032028218 3.0 4
16.198632828167526 130.225286738874 3.0 4
283.45608164970395 167.90071933298523 3.0 4
310.9418541616442 192.38073338033863 3.0 4
449.27145723734344 106.66715773261242 6.0 1
39.562966811303724 161.76609691690348 3.0 4
212.15041927438762 92.02324393653475 3.0 4
235.7106390380656 20.07700435515689 4.0 2
445.3991804297776 75.38212735234207 3.0 4
384.93905879512226 130.7277563802109 4.0 2
95.50298682297259 162.4495289835309 4.0 2
359.692875287837 84.70904845257827 6.0 1
108.58479883237548 16.117256293813774 3.0 4
148.81266946961637 8.059909069093486 6.0 1
214.10387491054277 107.30119999270762 3.0 4
397.61354524421586 172.72224668481988 6.0 1
317.4196127516423 35.43106353479348 4.0 2
347.59650295236827 98.34005701315903 4.0 2
326.289673057475 18.460441879147726 3.0 4
286.51989048798833 15.918933903483001 3.0 4
331.8507304628018 67.87042631915395 3.0 4
396.8886415920005 36.47179755881365 3.0 4
355.9801469599591 59.300668899410084 9.0 3
16.30468840978111 45.27127280148295 3.0 4
359.79829076506536 24.385573519550952 3.0 4
485.09668944685933 67.07909169266601 3.0 4
61.89392084766787 155.28037052053995 3.0 4
217.22969570061855 25.458329175161907 6.0 1
260.24629557626656 120.04814962932855 3.0 4
294.2224830640174 16.644988170383712 3.0 4
293.86316133392774 56.506486298248774 4.0 2
43.62278916482376 81.65611884593625 3.0 4
169.63363429893002 9.260123088773176 3.0 4
90.31285731976818 57.55781476993989 4.0 2
349.72433354832754 157.00495057998836 6.0 1
214.6283164313841 134.4081100904221 3.0 4
44.54681690239776 194.07559245057652 3.0 4
305.0061888930995 74.82351520104584 6.0 1
251.0739050023459 74.83366283157476 4.0 2
242.53127191161167 170.57199563998728 3.0 4
489.9634961256851 187.45153829906 4.0 2
341.1354110974206 57.13455896081645 4.0 2
388.66751106713696 123.96271806904247 3.0 4
161.36641467275896 117.52644653859252 4.0 2
15.43399646857857 85.39203073897079 3.0 4
304.10928501711896 90.54941795921569 4.0 2
372.31031134504315 84.20185682831864 3.0 4
37.658431352340315 54.06609130922806 3.0 4
140.84236127693904 106.18232123982811 4.0 2
43.66684328249959 112.82210471115926 4.0 2
258.8989217169709 126.18011311734374 3.0 4
306.1589514857242 8.98388764080076 3.0 4
4.818743869991038 162.62682613261939 4.0 2
357.04418898704694 32.03394470548988 4.0 2
393.9282188531401 143.76071719743516 3.0 4
181.69348266538614 155.75475394013222 4.0 2
165.20485241105504 182.93792083975248 3.0 4
99.77215696694242 17.41249410069827 3.0 4
360.7724508292697 95.35117994380087 3.0 4
280.24200563885216 70.28024405038703 4.0 2
430.63614866398177 136.8085265622851 3.0 4
109.22621556872569 49.4678021009521 4.0 2
455.4610333772241 6.941314640348595 4.0 2
202.59616709798266 135.12541454784383 3.0 4
393.4200984493732 135.33353435984995 4.0 2
197.1814061239462 127.1863039736083 4.0 2
459.4834894976632 139.43676000172104 3.0 4
58.09847312678878 52.27967981346191 3.0 4
232.22029951222316 54.66154399759742 6.0 1
222.96438230941695 125.68980294893535 4.0 2
31.157344668217235 191.03479486160947 6.0 1
24.706314047928558 114.2424654898895 3.0 4
323.68787022906463 161.2049351393875 3.0 4
202.7611505598026 110.25313185933383 4.0 2
213.57789148799893 77.02206121314296 3.0 4
166.2845321080274 101.85848066486646 4.0 2
4.499123188147214 71.66982825382335 3.0 4
441.56200739346593 23.638508693773574 3.0 4
415.2656934638457 155.37057804149126 3.0 4
100.88011410295216 62.946295253644166 3.0 4
55.25799686818422 161.04696502943358 3.0 4
389.3054682056239 50.266744702848044 6.0 1
342.72965210988565 14.049024983272895 3.0 4
192.77119087889417 118.56583354543177 3.0 4
228.0208305955268 18.401920814567994 3.0 4
37.81893679162274 139.3543770909284 3.0 4
50.16680320556966 171.34354779955424 4.0 2
79.21967087444426 102.92386110067247 3.0 4
491.0693934540802 8.90472446865347 6.0 1
130.38890505541667 185.9821525030758 3.0 4
94.23625721099089 100.49311534872767 3.0 4
175.8389354148292 71.49019595024717 4.0 2
484.40537550708336 157.40021509026278 3.0 4
189.0063383051454 32.1216521706432 4.0 2
330.70173014339315 74.77466353807462 3.0 4
268.6220354064135 117.73638880295994 3.0 4
224.83691888102604 170.49320439341247 3.0 4
297.316155553347 46.25317820264245 3.0 4
217.205595653579 173.77855369825258 3.0 4
178.40319197558458 6.388758552290241 4.0 2
311.4631391785574 52.178507950708955 3.0 4
184.03981040458368 100.6090470172814 3.0 4
385.8193601120969 97.87181096533783 4.0 2
338.280067825341 4.900405740627223 4.0 2
415.8782623107857 19.247122851967035 4.0 2
426.87362792662367 15.724357668393374 6.0 1
62.20744139740775 36.10022280379861 3.0 4
410.73019316604916 70.51568660142749 4.0 2
382.9397603401867 118.09911249974758 3.0 4
356.9099380059332 146.19978709509505 3.0 4
43.692494058720385 150.94439026391595 4.0 2
45.43193572413784 8.238315599601197 3.0 4
172.23199436871113 186.51085272128802 4.0 2
263.9946905128585 95.91693296987923 4.0 2
360.9482935367989 151.1934027681473 3.0 4
383.1981322009774 88.27311126716486 4.0 2
7.236031508761176 10.845318490114785 4.0 2
114.32376236734775 10.564328043642313 3.0 4
76.2742222058282 18.91752699692173 4.0 2
117.67125884807372 57.214572747757785 3.0 4
142.66226695090384 95.16872963281178 3.0 4
270.6731462632446 80.07956943070648 3.0 4
263.19664956570364 71.68980161473671 4.0 2
349.3374075169732 126.19938478562473 4.0 2
196.3362884789633 178.56918098671017 4.0 2
12.799443654397502 23.74114742784954 3.0 4
117.31922959751057 160.42337801167272 3.0 4
407.70670045197414 24.88233357448657 3.0 4
176.09528955952885 112.1994947784458 3.0 4
158.65066890927466 25.113560194623254 4.0 2
412.10671437394507 77.72159813858057 3.0 4
458.4490444115094 169.77048953068712 4.0 2
477.0273369492364 34.39902344361441 3.0 4
65.00150092323048 192.80997046214148 6.0 1
212.73245729709328 100.6772468679291 3.0 4
340.88320472782664 125.9538014940704 4.0 2
156.61937661577602 17.10030076409941 3.0 4
172.14782179716886 137.9474519947247 4.0 2
225.9842149627179 114.93742760689133 3.0 4
21.8989172771919 87.19537923689973 3.0 4
214.26220054376256 166.51638788797916 3.0 4
227.14418450853853 159.14310595478105 3.0 4
12.3513409781138 52.912220962334835 3.0 4
294.7507237671087 67.16911652181123 4.0 2
211.99668936832956 52.125915316802505 3.0 4
332.32142198387373 100.73534656125595 3.0 4
288.6830762754142 39.57739040057506 4.0 2
431.76694760513215 116.16710659701413 4.0 2
248.73113878082447 170.52068315067822 3.0 4
386.11099952014195 4.809663322359103 3.0 4
472.44641031779423 161.47147836403383 4.0 2
328.41232790987175 61.363246867154906 3.0 4
5.539101436692118 95.03872663923623 4.0 2
48.838135955482144 46.2721258585757 4.0 2
303.52188834313836 118.86915991465716 3.0 4
441.0435137588046 57.41758717157423 4.0 2
435.8900004492112 17.547542156675444 3.0 4
187.63989950199584 185.37133162636906 3.0 4
86.45404360555887 114.08782118958052 3.0 4
85.0295210989614 196.46952167518808 3.0 4
447.81257015164374 13.817427457083076 6.0 1
358.1674557836543 115.37006997838783 3.0 4
266.94661396806583 154.3213448924725 3.0 4
448.8586203440717 39.609943164632156 3.0 4
421.32652142561204 196.2770118834773 3.0 4
206.56291413887345 165.10942687064508 3.0 4
328.7226669831981 7.672510219726392 4.0 2
262.23519771803603 146.9876008282686 3.0 4
3.6118061729928375 45.60940137090552 3.0 4
135.08603141427173 127.63457140104875 4.0 2
247.29641512648809 6.191222568401833 3.0 4
185.02565581788326 170.7349010435759 3.0 4
374.1352824282858 156.36675183470024 3.0 4
242.21289827007868 194.83521451326953 4.0 2
475.48678895131644 27.03004411589387 3.0 4
252.73516092790388 181.60857355732952 3.0 4
157.95816693695818 33.098902072170276 3.0 4
458.30375853733347 77.82321877180638 4.0 2
242.53805852686256 74.08099507633301 3.0 4
248.22054035236042 123.44182522996373 4.0 2
462.03210038642493 188.4052596100615 3.0 4
167.50562986301864 42.22338983939815 3.0 4
494.49009223429675 48.58510682109127 4.0 2
365.94740501077484 192.72773262937588 3.0 4
363.3035138339848 164.2539223916146 3.0 4
480.53000696845396 135.58447780495385 4.0 2
256.60114133865363 140.02698579086334 4.0 2
473.9544680623401 66.9091905555961 3.0 4
274.5180542437375 183.76848458324406 6.0 1
269.41793562216117 30.55682767302068 3.0 4
485.589027738308 194.71201775840143 3.0 4
451.19091868681727 191.48757409526905 3.0 4
271.18761231628014 172.84002434990052 3.0 4
174.75442659606855 179.6944108649725 3.0 4
410.4981335860976 104.86255331651702 4.0 2
206.74044300563915 86.92560438713934 3.0 4
378.7909864527846 96.94386239595299 3.0 4
25.2865284147763 158.51652648342437 3.0 4
325.61080851247215 121.99759030412378 4.0 2
470.91692560049495 111.89370926152755 6.0 1
130.56468205432049 150.08089117477937 3.0 4
109.58429638766754 145.9269244094998 3.0 4
392.0898234694456 115.92537529916191 4.0 2
25.097930136594726 79.01275671617636 3.0 4
230.21796507453095 189.41171529726003 3.0 4
309.2165679205261 15.780828924876623 4.0 2
463.46794684891944 9.843830831236055 3.0 4
259.7313186957691 86.3432260080685 3.0 4
116.19727815662002 24.648435014485926 3.0 4
99.98463303127487 6.007455096478576 3.0 4
411.47457545813705 61.37646147984923 3.0 4
233.9108206407775 128.6868422317067 6.0 1
193.14775466019358 89.39624463481462 6.0 1
334.5995505939645 192.07151661130558 3.0 4
170.03934476499037 19.82208260968834 3.0 4
134.83677942481592 50.77710151222357 4.0 2
454.93953450616465 149.07022582332226 3.0 4
476.06245451886775 83.66196500332843 3.0 4
411.00858328242896 163.0457935951206 3.0 4
469.39063100986687 75.58682610933943 3.0 4
300.29120591826296 112.77262925222631 3.0 4
20.289713474272386 20.11439143518665 3.0 4
161.81216441293256 130.54391295395322 3.0 4
486.2477317321027 52.921512649597055 3.0 4
482.10477854767436 76.6180053698957 3.0 4
277.13449604172877 85.8004050293617 3.0 4
296.7233252913092 124.62895120383418 4.0 2
65.0756298262466 4.129084300698493 3.0 4
429.8875542525542 148.49029263536633 4.0 2
250.1572639831704 145.25872932084764 3.0 4
175.1796589571436 45.96575204877802 3.0 4
380.1040490147243 161.33599201549742 4.0 2
460.0824571285351 194.3239784936886 3.0 4
360.1120398822859 133.12563156366463 3.0 4
419.2468267785344 64.27967039176792 3.0 4
298.76683284552325 135.1774488786106 4.0 2
439.06630709357 32.17969561843719 4.0 2
392.7747985990491 99.15380004047343 3.0 4
286.1276828458871 58.92694995472589 4.0 2
374.7538684350221 50.29685441689003 4.0 2
296.87431869159826 145.07157766760437 3.0 4
153.44405048099884 144.83534482435505 4.0 2
137.9057269195127 61.42448848995157 3.0 4
343.1409347692885 106.0723535050744 3.0 4
5.331869044504611 176.3544957115472 3.0 4
9.446259599680594 195.377151567236 4.0 2
76.99421558381142 40.34052703991298 3.0 4
411.55170812017263 123.97022612529882 3.0 4
66.79687653180672 12.193886166073886 3.0 4
36.33841023089701 155.16091454726003 4.0 2
442.8970862514367 66.81067374403227 4.0 2
217.71229880741018 114.14378139776977 4.0 2
37.50326354382527 5.754559113768853 4.0 2
22.808650592682167 105.0877628996566 3.0 4
58.58226380565201 122.13481059537656 3.0 4
472.2684522546644 138.37909323130785 3.0 4
256.3691517882022 187.87946925307926 3.0 4
323.7140693629856 27.61808126271099 3.0 4
297.34195235539084 176.66445717110673 6.0 1
54.85905143195308 34.9066394290731 4.0 2
243.93545070300098 14.880042000242844 3.0 4
230.5284317350883 118.93367680433131 3.0 4
143.2343294279666 137.8562532673925 3.0 4
102.56522925368571 106.79298197432732 4.0 2
5.100069278256014 57.806576775781096 4.0 2
463.5209697158863 164.00844197149033 3.0 4
272.379357825853 23.868249664202846 3.0 4
97.2457385191382 121.39713039899414 3.0 4
174.80032023980013 61.85973889759681 3.0 4
250.2617525488373 196.57882852996346 3.0 4
364.70107659092815 140.62304655333023 3.0 4
280.22277360125724 154.74725238968776 3.0 4
380.8087491249346 20.853907524353122 3.0 4
452.20620860756395 70.18565109866745 3.0 4
197.92642961336782 138.98982590688018 3.0 4
463.11168503928116 118.66421467796344 4.0 2
160.83428539683842 7.272984534249827 4.0 2
307.3294340247534 151.582554352573 3.0 4
56.90319965320778 25.49652438863501 3.0 4
35.23084576435181 166.3659420168785 3.0 4
408.8310399232974 18.34481305289424 3.0 4
186.40523151218702 191.76892468033518 3.0 4
128.7171848479332 110.2939763645877 3.0 4
159.28481717414883 138.57082137164477 4.0 2
307.4190191116593 64.83144269607304 3.0 4
335.9922813783502 17.350095342824055 3.0 4
455.5991611678691 181.15539910880474 3.0 4
192.54568564649017 108.96487204712047 3.0 4
325.61405373831434 67.42877435750067 3.0 4
184.10676781330815 108.9763266036794 3.0 4
496.57599338773986 83.79875107244285 3.0 4
127.49314755257541 30.652834315391253 3.0 4
276.84366430449506 131.26615610545431 3.0 4
316.74715178126456 91.18159130161803 3.0 4
241.8435702601761 176.66218638546454 3.0 4
238.60333026362846 67.01216819220299 3.0 4
287.9394163382298 25.937515324431317 3.0 4
139.66699611737704 195.08946560554455 3.0 4
19.76130731898995 193.90777066687733 3.0 4
469.0506804792519 183.3766540645901 4.0 2
366.1857864540791 51.544537723695825 3.0 4
50.46868789303349 4.811208416145463 3.0 4
318.8259596745905 194.9434686467877 3.0 4
291.09435664455293 187.79908515549533 4.0 2
225.7934543098639 104.82649874485752 4.0 2
35.43380989437151 77.18797639706499 3.0 4
478.00831671360436 152.99873498674674 3.0 4
485.1153122202813 59.29651763514015 3.0 4
396.2295969390658 161.76619864606621 3.0 4
300.21674007174033 100.13660108342172 4.0 2
386.89888590165685 80.90638322091557 3.0 4
87.61207484728273 141.58780802891906 3.0 4
73.00159739724782 70.08141671253811 3.0 4
319.2770663719802 52.1038775166958 3.0 4
396.07456602701507 88.82923609814515 3.0 4
286.5805910193377 7.787504081210983 4.0 2
164.76561039603814 33.28536491193355 3.0 4
314.46675645660576 153.01030203381853 3.0 4
447.33032308126286 186.09022206922526 3.0 4
83.42374531703284 36.80005144092253 3.0 4
174.66630190768018 128.50261929943588 3.0 4
24.22808094971235 137.29215183615972 3.0 4
103.71191802331315 137.42982891579985 3.0 4
9.007728295080009 188.3704406423558 3.0 4
152.2057319908614 90.96575442945418 3.0 4
348.8138683372019 19.13672161511224 4.0 2
439.39156216824637 145.30414304053804 4.0 2
22.419505054002197 49.050481744607175 3.0 4
65.13866373314691 56.08679788300066 3.0 4
95.20473947840775 139.17552752370696 4.0 2
278.0693783249302 17.70487475359119 3.0 4
90.81230442913451 106.07100559649703 3.0 4
312.9200415431197 82.08645991598529 3.0 4
165.18274960851465 109.86182996949326 4.0 2
63.02363779679998 144.83727136925665 4.0 2
346.74940978253596 112.35359048621088 3.0 4
230.90433439446102 4.496552103613993 4.0 2
69.91891211869289 97.46546696153328 3.0 4
68.97116399407737 90.31149960511205 3.0 4
495.44795044156984 65.61581286253504 4.0 2
414.16120670734836 181.43320611823813 3.0 4
476.8592597737723 103.58807834553163 3.0 4
107.51744488557135 7.320893723141686 3.0 4
84.64659510797462 98.72260225366047 3.0 4
189.55767686183927 98.09168445530673 3.0 4
313.2066054856563 26.7196421452504 4.0 2
223.97356464103348 76.98318821434394 4.0 2
209.06244897286192 32.28785444274918 4.0 2
55.6445982304013 194.40904145656305 3.0 4
186.5039238270707 177.1777111168684 3.0 4
146.8042927311815 163.9130623022211 3.0 4
13.204980416455959 30.121381210939504 3.0 4
35.11548440091272 120.50527291569564 3.0 4
93.35985422184906 80.70263655302539 3.0 4
335.3849071524215 139.87856235682636 3.0 4
424.94493906492613 166.50802417320304 3.0 4
11.430356081253755 71.84988464498645 3.0 4
367.01096754134056 178.15836239415285 3.0 4
193.84325366509475 25.68673901981773 3.0 4
307.21345734452615 38.43492344192823 3.0 4
419.3104176491465 121.70766117729511 3.0 4
96.41764333531155 89.0546365254147 3.0 4
235.15364983422265 32.14348867971288 3.0 4
185.76066111276924 4.174741399897819 3.0 4
71.96055518391009 151.48247886598708 3.0 4
149.87453956342344 18.733007878172824 3.0 4
476.87056606340343 9.592544414402449 3.0 4
262.819654562926 29.78329806661957 3.0 4
141.3999020364573 42.23723578881917 3.0 4
349.38779146542606 28.185342235368882 3.0 4
450.82270729053823 81.33825083948057 3.0 4
404.80212633510115 96.75761648962984 3.0 4
275.0052481315276 3.064912479876325 3.0 4
155.2416284054815 153.37562401494958 3.0 4
127.93663450506321 120.5123218806438 3.0 4
123.01583298838753 180.83845847703395 3.0 4
220.08651811933706 195.46554359449422 3.0 4
320.34153518124833 44.62407195718134 3.0 4
454.31587704939403 134.4570555945014 3.0 4
143.79899931464197 122.11182122615168 3.0 4
75.00468645421621 196.0984954612158 3.0 4
336.9097249386333 105.75871274036126 3.0 4
8.712173671475586 82.56111256016018 4.0 2
38.18216437392902 47.00538951336408 3.0 4
475.31684701519595 74.05586261689183 3.0 4
127.60861599469409 44.37598789899264 3.0 4
405.326418264142 112.01099312170979 3.0 4
344.635394383158 185.46858856059742 4.0 2
196.24122134749612 7.671619414981978 6.0 1
110.4952909835124 109.07688227511929 3.0 4
359.55259888425593 74.07619731593978 4.0 2
154.84847776941785 59.64581977337553 3.0 4
74.93827514493684 159.17852520398912 3.0 4
343.72715136557997 49.09078188199807 3.0 4
115.2936785175806 177.9337016308949 4.0 2
136.5923632036708 13.748781629417639 3.0 4
393.8318531637692 6.751309974232278 3.0 4
438.6200425897683 80.21870093943227 3.0 4
487.53735619572063 139.72989411654012 3.0 4
247.5107525083868 81.78890488153205 3.0 4
104.67560719369628 75.82184524783942 3.0 4
253.4358064337343 4.590368761297281 3.0 4
134.15617648245808 5.726546126863852 3.0 4
353.2882897901225 190.33733185303925 3.0 4
70.12699456825194 84.20344235654962 3.0 4
38.522055600681114 107.26477222647199 3.0 4
250.01091018873106 114.74743182665989 4.0 2
207.70554372765383 40.1631918499149 3.0 4
327.63139156285024 177.7544220969239 4.0 2
427.3458432896421 6.53330141755315 3.0 4
304.8598795986948 190.06781762354558 3.0 4
278.7024408053362 92.35190455722062 3.0 4
258.0829141677685 174.05549475813459 4.0 2
389.2227809439921 162.78029291503125 3.0 4
365.9764334065335 77.43751061735944 3.0 4
159.57142703241485 41.38459536784933 3.0 4
240.44446010178294 8.235580063516235 4.0 2
344.8436379828595 166.73859549806173 3.0 4
166.6862918048086 26.181463337773092 3.0 4
210.77466282027297 115.67378072395363 3.0 4
56.6260994979208 134.6719494278628 4.0 2
85.8301709778539 120.93139781715996 3.0 4
296.9593409283539 193.69259665877948 4.0 2
496.9359230490905 137.41314268969072 3.0 4
464.7091160517806 174.0840425058567 3.0 4
181.8457390699238 28.68004562284021 3.0 4
394.3604318352593 71.59842835831635 4.0 2
194.19253304502533 194.7486319130887 3.0 4
453.1565124769738 157.22401720578534 4.0 2
424.20312489921645 111.63664366487114 3.0 4
182.75614246486927 147.26817715266037 4.0 2
282.19835382907155 144.8970837417374 3.0 4
380.31349039081533 181.7167184716107 3.0 4
211.39908734163444 18.238567968652177 3.0 4
3.107208424416308 154.56306728956565 3.0 4
302.43760842646833 168.8596493701522 3.0 4
3.14385689179536 183.31619233091948 3.0 4
