890 890 100 99
690 890 100 99
99 891 99 98
892 98 98 97
97 97 97 96
494.04082057734576 894 96 95
292.95875850293532 895 95 94
896 289.95832881122919 94 93
897 697.1269847801409 93 92
92 285.93385085791272 92 91
899 513.13785466643014 91 90
790 965 25 24
196.48846085563153 966 24 23
23 191.46692542895636 23 22
968 606.66152175695174 22 21
590.96972212509979 959.52700240928016 21 20
694.01010126776669 100 100 99
970 203.24039525651398 20 19
781.18808013858018 19 19 18
972 778.95607496205605 18 17
100 692.00251257867603 100 99
586.97780093213998 787.96360208620536 45 44
806.43604180057628 198.51273082175851 34 33
957 403.53858459586809 33 32
974 16 16 15
100 492.00251257867603 100 99
730.65954719786009 601.23718468868674 99 98
773.00763197714821 464.65153494638685 44 43
767.41341126696557 738.39823410137433 43 42
200.89707643987248 793.54238966090543 42 41
683.58165990681357 733.08434062392689 41 40
507.19685868301542 758.63782411115665 40 39
975 811.81942841236605 15 14
843.65390064528628 602.36682578129933 14 13
293.97715603592212 100 100 99
634.78513480751951 427.99718627952342 99 98
496.02020253553337 98 98 97
392.21450767651629 756.62313877139877 75 74
25 592.00251257867603 25 24
195.997566324595 24 24 23
977 170.99136426331978 13 12
620.71796769724494 978 12 11
531.68264152386951 598.2055170941311 100 99
725.68463558222925 274.67184317057405 77 76
23 787.91914304493048 23 22
474.48514928310931 707.15050462241175 21 20
823.16624790355399 979 11 10
273.2050807568877 592.00251257867603 100 99
980 576.99672780856906 10 9
435.85680974222771 422.65663511718293 100 99
606.8321223969532 19 19 18
445.86435212555909 680.65805343218847 18 17
981 231.78617052223325 9 8
982 751.67971156808437 8 7
763.54217347732015 384.20649100092038 37 36
404.22545539511498 646.27488488896938 36 35
404.16551768073504 553.88415512527115 35 34
790 808.50766907248271 29 28
805.26076716098066 415.2477368048124 15 14
540.23201339933485 276.00801813926051 80 79
276.18324369964324 761.04634345011505 40 39
191.93410476289029 194.38334432986255 39 38
634.63385893952454 308.99728243245403 20 19
824.1348273658715 437.26522647512127 14 13
983 837.08497377870822 7 6
633.23201144760321 276.02707127739171 13 12
399.02535731167626 24 24 23
795.40577857627932 339.20061365013009 18 17
561.92307157125435 978 12 11
984 559.87114044862187 6 5
400.0620995815799 967 23 22
973 973 17 16
756.33249580710799 979 11 10
561.80764302094281 721.57487449841824 26 25
219.52776709094167 729.18481539132813 25 24
814.95196617084844 15 15 14
10 225.2708473055003 10 9
985 246.59936203387159 5 4
536.94119249480536 369.95039674324471 14 13
832.10377551091744 787.17963630724819 18 17
634.01010126776669 9 9 8
977 362.11395424145212 13 12
16 974 16 15
978 443.33808208013289 12 11
982 949.6761924206188 8 7
4 212.62173666482678 4 3
27 388.07946412454339 27 26
823.49821370247435 381.91013725646224 23 22
633.92673787849867 244.0346134914351 19 18
573.06823636468494 15 15 14
11 558.33500838578402 11 10
721.47501853109827 776.99440065772046 17 16
213.9704047452519 689.40504415664145 14 13
983 150.38320341483518 7 6
281.97784132808522 297.63607071216097 98 97
165.5045940859722 980 10 9
592.90277796784699 180.11435061913392 29 28
365.47886664999874 977 13 12
612.79051095844522 722.89668267935258 25 24
643.13298795468449 684.78418599364602 22 21
905.000539825852 403.30164241473983 19 18
393.66489997615298 846.61145113571172 15 14
12 822.06524824154371 12 11
981 634.80401631589234 9 8
637.68853044572211 984 6 5
987 187.7484618716843 3 2
38.627416997969519 982 8 7
365.63740968007903 517.48930804646352 18 17
794.66530590389709 151.35688638983788 13 12
533.61602618078859 483.22177031325606 15 14
430.00922408133562 10 10 9
985 937.02708177994532 5 4
346.40008262165981 983 7 6
340.31189606509082 491.90379730039774 18 17
16 16 16 15
754.01010126776669 9 9 8
11 625.16876048223003 11 10
748.03705188597212 790.93923425495518 13 12
613.99140775412616 217.73665515181716 14 13
363.25918833867723 12 12 11
10 159.28964600958975 10 9
949.6761924206188 982 8 7
6 540.99230743433964 6 5
986 376.5361593433081 4 3
988 988 2 1
163.50141270605116 11 11 10
849.3706059541521 196.14140188159035 9 8
835.4458677027676 7 7 6
394.99339384252795 206.79288225064093 47 46
648.53811950255556 780.5929048662033 17 16
594.99667061934781 47.651737839439683 12 11
231.31461847324556 980 10 9
937.02708177994532 985 5 4
8 951.37258300203052 8 7
632.79320052894946 196.16907540334262 14 13
11 353.61208824531525 11 10
158.20799864944246 592.82172364641099 15 14
632.24483766974492 652.57474353692885 12 11
790.05294430428171 846.50763218957854 9 8
6 332.92321135579562 6 5
811.67712261047791 987 3 2
226.98143309425433 10 10 9
635.05565827135842 540.99686246072099 14 13
983 343.03517021311319 7 6
420.69137506231164 596.81312014661535 11 10
658.5936394888339 209.41057643144649 15 14
948 8 8 7
331.94593588217117 986 4 3
803.4059223167676 36.040172796810424 9 8
10 757.58764126872427 10 9
54.502809077426022 985 5 4
11 425.67001677156804 11 10
150.01266070114252 984 6 5
983 462.66013680993427 7 6
982 42 8 7
555.51931733913648 186.93174538705318 9 8
432.0730870380271 980 10 9
943.1758704669769 791.42857006170959 12 11
395.76339072613291 57.843161406623942 10 9
617.42801561587726 667.45633566358049 9 8
8 41.286446891263523 8 7
552.57433483276577 7 7 6
6 443.01271772301249 6 5
740.59369340276794 5 5 4
986 847.66797902296662 4 3
174.99053799912721 3 3 2
988 2 2 1
989 981.24621125123531 1 0
395.26772540415607 147.79352003210255 12 11
147.90791193127831 792.47073454794088 11 10
192.43481765180405 145.3859026966214 10 9
255.70632302961758 707.85145911079655 17 16
829.25735285709573 414.84292212004311 9 8
41.286446891263523 8 8 7
591.38839787522272 931.53013275182991 7 6
243.17329253890219 444.01909561437537 51 50
633.87883374561966 755.57080780987133 12 11
603.74740494876778 984 6 5
141.29749474053278 195.49737031876771 11 10
287.70096406495827 707.26584403270158 15 14
240.81569327372458 197.78779798022586 10 9
649.2887417177709 5 5 4
442.03524241988498 531.48138859564324 9 8
726.02517539771577 708.59867149332013 8 7
4 572.00251257867603 4 3
337.08186206258756 203.5906194723932 11 10
740.6010320009126 421.75251645980825 7 6
363.45504554422439 673.45527636132317 13 12
940.85514576797846 196.12861124726442 10 9
56.231737428335435 791.82905810369073 9 8
445.5011574661653 6 6 5
987 924.64101615137758 3 2
59.207843891257724 592.00251257867603 8 7
413.43397025063041 285.66585063485314 34 33
847.27802726896687 5 5 4
380.48005090674104 261.27242529365861 7 6
470.92015671538326 791.57717587089223 9 8
610.15877494641848 686.08851589267567 11 10
181.54861458350999 386.93670720171173 33 32
454.12431706303943 311.14296700298229 13 12
864.06913687013707 405.67234949847972 22 21
54.757180987055122 193.12774959313037 8 7
578.89363431973152 984 6 5
140.21470173000981 986 4 3
2 2 2 1
304.77384204142527 477.26623535582081 19 18
724.82873528878349 491.18064940375012 11 10
314.96809162615801 438.58707720308723 21 20
313.32019148364066 793.01268683325236 9 8
186.97444985689214 429.67719611665592 7 6
387.39125666258946 321.13100351724273 10 9
5 239.41298292923125 5 4
534.43124999039935 798.16361227681239 8 7
839.41432471282587 984 6 5
3 324.43792998155703 3 2
637.78979190350924 216.56598876384092 7 6
506.48136159937991 707.64284333928742 11 10
760.78167644694543 192.88432748180622 12 11
195.34946042787885 55.993436182233395 8 7
593.94944597763504 986 4 3
223.54686686359429 387.31985915380551 9 8
199.11616298077777 847.89833054270002 10 9
450.22301597693246 985 5 4
342.96695089158567 6 6 5
248.98215993205332 802.96707774858226 7 6
392.94360624037398 869.6001382523508 8 7
805.02527806871058 241.48958209884549 9 8
793.6453511279002 53.386514984301392 10 9
213.47490476229638 498.44340786056136 11 10
393.20441218541748 932.67840150027223 12 11
444.14173585968257 246.20659150217918 16 15
588.746608989587 694.7739022671683 12 11
187.0084536980568 244.14013242543302 11 10
794.26413356879812 689.755299177089 10 9
145.24935232725926 6 6 5
5 145.14751038585879 5 4
419.24542567483076 986 4 3
987 855.35898384862242 3 2
2 988 2 1
981.24621125123531 989 1 0
591.93449671587882 143.12702263484869 8 7
816.62726937099683 352.41607158580996 7 6
738.9897948556636 984 6 5
5 938.72347236135704 5 4
937.19902021393966 604.47150046410445 8 7
936.68629150101526 4 4 3
64.973985390142488 386.67360723664729 11 10
454.5594389795545 291.1477008402685 7 6
526.92063337822628 712.6925010437044 10 9
297.14934284704992 409.63034755440225 13 12
722.04431770425288 364.35887234684253 9 8
6 839.03581099002088 6 5
3 341.4084927300342 3 2
540.74217526656651 5 5 4
656.86342777421555 324.32197719038419 7 6
799.10387054620867 517.69453329799467 9 8
460.4507804454858 215.2386231364907 19 18
322.82016973248807 405.50619345715182 13 12
816.37250700362324 762.81722281532552 11 10
845.92764768818927 429.56557804259376 8 7
6 643.01271772301243 6 5
379.42943936941083 4 4 3
961.33809621030935 988 2 1
232.97624890553709 700.14797091947662 7 6
245.45675409697651 985 5 4
696.69416019909056 780.29728732379976 8 7
339.13537928792505 685.18361099085246 14 13
398.86578632989756 599.5778401113713 11 10
542.04082057734581 984 6 5
929.75808827073979 3 3 2
4 171.93875665026326 4 3
134.6814169758529 383.40601486099166 14 13
231.38976007130552 756.74008934267545 5 4
984 649.5009547725914 6 5
244.98736118025857 6 6 5
422.96130341325073 682.7676409941613 5 4
218.66550783257205 986 4 3
987 256.37261756373584 3 2
27.313708498984759 988 2 1
964.75378874876469 989 1 0
6 740.99230743433964 6 5
925.41492462271924 195.42916818108421 5 4
986 139.80019817057681 4 3
534.90973607475678 460.39941965890114 6 5
3 252.70735540624042 3 2
470.34114497200113 732.81813459226908 5 4
856.10354393192551 787.28506750749295 6 5
4 366.87858740673687 4 3
2 962.68629150101526 2 1
447.17175504359392 192.88537987346712 7 6
443.58054091792974 657.77172112734092 5 4
319.56665017581736 705.21021432084706 14 13
588.82275147654434 844.34735077541632 11 10
197.31518795042422 933.22705078824197 8 7
301.79360344704304 722.83496460023889 6 5
728.65111741914427 3 3 2
986 332.45216496885485 4 3
556.60101940174332 359.41698433890303 5 4
798.88345486403034 313.79898024639692 6 5
168.90223175697594 610.89472500871204 6 5
412.85801424826934 833.91379562215911 5 4
799.46003278601881 4 4 3
216.026981944151 3 3 2
988 961.33809621030935 2 1
1 966 1 0
