488 188 12 0
464 188 12 0
491 167.21539030917347 9 3
477.36856614397595 173.47510364357163 6 1
12 188 12 0
491 9 9 3
4 4 4 2
476 197 3 4
36 188 12 0
473 9 9 3
494 152.51845185247441 6 1
440 188 12 0
12 4 4 2
416 188 12 0
491 137.82151339577536 9 3
6 13.797958971132712 6 1
428 197 3 4
452.21539030917347 12 12 0
56.784609690826528 191 9 3
399.02943725152284 194 6 1
68.784609690826528 196 4 2
382.05887450304567 188 12 0
491 119.82151339577536 9 3
358.05887450304567 188 12 0
80.784609690826528 191 9 3
399.02943725152284 182 6 1
452 197 3 4
488 99.036903704948827 12 0
4 174.14359353944897 4 2
334.05887450304567 188 12 0
98.784609690826528 191 9 3
317.08831175456851 194 6 1
370.05887450304567 197 3 4
12 160.28718707889794 12 0
491 78.252294014122299 9 3
24 177.41699475574163 4 2
488 57.467684323295771 12 0
32.217329428042213 167.34349004928362 9 3
494 40.497121574818635 6 1
119.56921938165306 188 12 0
51.472752983299671 173.80162279984819 9 3
65.594266137164311 178.85957359490618 6 1
307.29035278343582 196 4 2
346.05887450304567 197 3 4
143.56921938165306 188 12 0
25.856406460551018 12 12 0
482 24.588457268119896 9 3
467.10769515458674 22.794228634059948 6 1
494.62403840463594 21.484644393883379 4 2
12 136.28718707889794 12 0
29.233687939614086 148.28718707889794 9 3
24 197 3 4
452 167.21539030917347 12 0
9 28.494897427831781 9 3
482 40.497121574818628 6 1
12 112.28718707889794 12 0
66.495875217337883 163.88669474457987 9 3
470.55768254037707 34.28760007319336 6 1
496 30.699162603685924 4 2
131.56921938165306 197 3 4
293.43394632288482 188 12 0
12 49.279507118658309 12 0
26.198377200151821 33.806754135358638 9 3
458.87913720606184 31.528691072456951 6 1
467.16515138991167 172.31619253245756 4 2
12 73.279507118658302 12 0
315.01775939374835 179.14359353944897 9 3
3 124.28718707889794 3 4
167.56921938165306 188 12 0
50.397734527761372 155.83375327337811 9 3
6 90.250069867135437 6 1
467.73892272405737 164.33679490756677 4 2
191.56921938165306 188 12 0
269.43394632288482 188 12 0
20.856406460551014 92.32062222795561 9 3
472.66666666666669 48.039593907475137 6 1
3 61.279507118658309 3 4
49.856406460551014 12 12 0
479.05093908156891 151.28330908459867 9 3
76.861077155303633 174.72932305994655 6 1
462.87913720606184 40.693842462368622 4 2
245.43394632288482 188 12 0
70.641016151377542 9 9 3
221.43394632288482 188 12 0
431.43078061834694 9 9 3
89.784609690826528 179 6 1
207.57753986233379 196 4 2
281.43394632288482 197 3 4
91.42562584220407 12 12 0
35.642204807755796 77.408205682143986 12 0
103.82460969082653 173.72 9 3
26.12911506551783 62.127462128372564 6 1
464.37796337718868 157.07704613307766 4 2
257.43394632288482 197 3 4
115.42562584220407 12 12 0
88.647009690826536 164.04320000000001 9 3
139.42562584220406 12 12 0
281.43394632288482 170.76631206038593 9 3
29.974602300144472 48.323645124623027 6 1
37.856406460551014 22.583005244258363 4 2
410.64617092752042 12 12 0
46.073735888593212 32.656509950716369 9 3
37.847683797965729 59.54383156985719 6 1
127.42562584220407 3 3 4
386.64617092752042 12 12 0
428 167.21539030917347 12 0
63.460419760952291 27.997838045264274 9 3
369.67560817904325 6 6 1
77.569219381653056 20 4 2
163.42562584220406 12 12 0
299.18848665931455 167.80383042464729 9 3
398.64617092752042 3 3 4
39.972346468142078 101.01434626464894 12 0
155.56921938165306 170.76631206038593 9 3
357.67560817904325 6 6 1
177.28203230275508 4 4 2
340.70504543056609 12 12 0
328.87116893583425 167.65085478581659 9 3
343.08967251737687 172.42936458508029 6 1
103.42562584220407 3 3 4
316.70504543056609 12 12 0
185.28203230275508 4 4 2
292.70504543056609 12 12 0
426.11892391082011 26.198377200151821 9 3
314.28263832903639 164.16161780124219 6 1
268.70504543056609 12 12 0
197.28203230275508 9 9 3
437.73791220491466 20.367501535065649 4 2
179.56921938165306 197 3 4
244.70504543056609 12 12 0
443.08252405114314 32.218034190315961 9 3
183.05348381090965 13.748516380429045 6 1
220.70504543056609 12 12 0
428.2554483736908 47.089410281824811 12 0
410.72501521260614 35.527234310808645 9 3
398.64617092752042 25.416407864998739 6 1
454.87913720606184 40.693842462368629 4 2
155.56921938165306 197 3 4
103.42562584220407 32.784609690826528 12 0
263.67940598645509 167.80383042464729 9 3
85.806675803581811 29.100508777912633 6 1
363.67560817904325 22.970562748477139 12 0
32.19616957535272 130.53264674246819 9 3
444.14049475718838 45.174912594667461 4 2
256.70504543056609 3 3 4
127.42562584220407 32.784609690826528 12 0
275.12226050946452 153.90918827865292 9 3
42.551288981769908 141.38490466784216 6 1
455.86638227586366 143.52887329850077 12 0
287.06331664407855 159.04836899059492 4 2
106.43605251146565 152.88300486167614 12 0
475.4115427318801 128.82151339577536 9 3
440 153.79898244417473 6 1
232.70504543056609 3 3 4
391.18097122835928 165.80118581243531 12 0
370.67961301828717 170.35028589292472 9 3
55.356388305969404 63.720584669025499 12 0
55.327971105853777 84.720565441939016 9 3
458.87913720606184 49.858993852280307 6 1
404.95396660978975 173.94394936193711 4 2
304.70504543056609 32.784609690826528 12 0
467.5242186330272 62.130556551003693 9 3
44.363760746201073 49.467088980871601 6 1
328.70504543056609 3 3 4
84.103047995764513 47.019706647583916 12 0
76.560364019653562 32.909146118798425 4 2
52.825657671865457 126.60527855552172 12 0
446.19128086220218 58.012134893571627 9 3
55.765449943222336 45.725233364398854 6 1
115.42562584220407 53.569219381653056 12 0
473.80162279984819 83.564150721649156 9 3
64.501445555501817 50.59168799402746 4 2
280.70504543056609 3 3 4
373.52578376092566 149.5440533626527 12 0
355.61206325286923 160.50300484348506 9 3
477.20577136594005 113.92920855036209 6 1
425.33333333333331 143.36399854917573 12 0
467.03470639980793 100.24374431486555 9 3
409.15687154537784 164.87005328018651 6 1
100.04142465839635 48.422614114266061 4 2
304.70504543056609 3 3 4
175.89574999389794 165.49069330336118 12 0
383.97950426085373 35.851391759997753 12 0
405.40062163023634 150.34798088761804 9 3
465.71239992680665 117.37919593615243 6 1
280.70504543056609 32.784609690826528 12 0
65.420856761799584 145.91882521810979 9 3
389.5220990768363 149.8874136893684 4 2
207.67433714816835 3 3 4
328.70504543056609 32.784609690826528 12 0
86.538910538643023 146.16707295959881 9 3
117.33680324048184 167.20688818792021 6 1
316.70504543056609 53.569219381653056 12 0
75.322452478169438 154.34250625846062 4 2
452.83632919965606 84.770991331565895 12 0
137.8146790452233 167.80383042464729 9 3
123.91753866328901 157.17225210607793 6 1
233.43394632288482 197 3 4
340.70504543056609 53.569219381653056 12 0
328.70504543056609 70.802907321267142 9 3
346.32399546918833 36.468710603740419 6 1
52.742058443897591 143.04687932482321 4 2
256.70504543056609 32.784609690826528 12 0
359.35001074537485 43.906648894997971 9 3
3 100.28718707889794 3 4
232.70504543056609 32.784609690826528 12 0
431.14366369632495 67.889848071691191 9 3
313.71392498034299 71.318957364289801 6 1
443.8153146750044 70.793167116255873 4 2
293.94903913733475 144.60583369564529 12 0
391.86230575429101 134.05948164798042 12 0
408.21060842865847 53.35075131853857 9 3
276.84158978364638 139.00805050843746 6 1
3 148.28718707889794 3 4
369.28401228598017 125.9218736420101 12 0
354.44251161682649 140.7788537485967 9 3
343.69616588078918 71.318957364289801 6 1
420.18106977180531 60.902607239568297 4 2
387.62053427934552 110.43730192733781 12 0
413.65389719708037 72.14520561270956 9 3
365.04224081103467 102.29969392136749 12 0
257.36772017303474 150.94670664291428 9 3
425.23568547404824 81.677371175030089 6 1
477.94003063952431 69.90942923573833 4 2
151.42562584220406 3 3 4
292.70504543056609 53.569219381653056 12 0
410.19882774765637 118.57490993330813 12 0
245.92486565002534 164.84134878890865 9 3
233.43394632288482 174.58359213500125 6 1
400.17895570190592 43.128591347336382 4 2
37.856406460551014 3 3 4
149.8146790452233 150.57014248503322 12 0
71.601537439483991 77.02829407485001 9 3
317.91854234622701 88.82099132627566 12 0
338.69649765135802 85.775244564317475 9 3
73.285360679020712 62.123102385442053 6 1
296.78744349499215 77.442210137618346 12 0
87.122874193782067 67.913026368431531 9 3
222.33453922910246 170.02254377234448 6 1
134.50865915047538 155.23123194797864 4 2
68.25019449092774 187.45876219498209 3 4
361.94375608304193 64.745854377053419 12 0
447.59703286882086 108.19213079910028 12 0
130.24601301230572 142.94995156274408 9 3
437.12386604426092 93.552705377829909 6 1
38.625038610056215 119.23354753347677 4 2
71.573120239368365 98.028274847763527 12 0
426.91635304514057 104.54391451844718 9 3
411.93511107010886 173.43050800778261 3 4
334.3443879462406 106.31932257026904 12 0
348.38872093481154 123.82740489080437 9 3
85.439050954245346 82.818218057839488 6 1
65.274070432586996 42.629084726294657 4 2
244.70504543056609 53.569219381653056 12 0
192.051427689256 29.338160570150936 12 0
431.68802983495652 121.89992502240608 9 3
372.85666793574677 50.431234057425861 6 1
346.63228679038338 96.07200379918973 4 2
267.55132195320965 144.5989310653739 3 4
220.70504543056609 53.569219381653056 12 0
262.52628384199858 133.7017299577098 9 3
215.08609539194384 36.468710603740419 6 1
103.36802332729665 81.220735774256042 12 0
412.84190581666951 90.12688156346951 9 3
17.800289026998449 174.16682801367375 3 4
268.70504543056609 53.569219381653056 12 0
207.50590886774091 172.28345544821926 9 3
205.58640809510248 43.800554932572744 6 1
427.32638153369584 91.550382410564694 4 2
310.97746576510059 111.79535651652495 12 0
385.87010622179599 62.867086419656118 12 0
375.25601868111607 80.987272557739345 9 3
90.427347530965392 93.732286834546144 6 1
407.85862107020165 134.40284197469612 4 2
304.70504543056609 62.569219381653056 3 4
99.740791066580101 129.83580385624754 12 0
78.741068908646241 129.94382834227613 9 3
115.97219882383283 137.61663942948746 6 1
241.76920050026774 136.88661475067184 12 0
86.371594578355968 113.64121879644264 9 3
462.55900842451325 126.86898634654948 4 2
252.33778223932842 115.33887519347482 12 0
102.79976549318347 102.21304586709644 9 3
71.687925379612111 116.70550645621958 6 1
257.95141261873886 178.34850168454906 3 4
139.42562584220406 53.569219381653056 12 0
456.61006444366149 121.52014857440801 4 2
144.18202598399881 127.24047854635037 12 0
119.61998983993527 123.06694456317352 9 3
360.35129957365655 82.675273839649407 6 1
253.56249476709942 174.25736491201741 3 4
167.20243414726411 134.02728987396719 12 0
393.18798385668504 82.550802199985583 9 3
161.56978108603963 110.69762593528435 12 0
119.26570018536785 94.941663968673055 9 3
301.6049434793382 96.427994153292673 6 1
351.95450576996734 77.244449425407424 4 2
333.54722026565787 138.68438499739099 12 0
140.99697188792999 106.48342118252553 9 3
325.72212289340177 122.11984614889117 6 1
98.304894368263248 114.90468867111274 3 4
197.55807990680771 59.9109846754763 12 0
436.88255641674834 83.555617318616385 4 2
127.42562584220406 74.353829072479584 12 0
216.01204751908142 156.42011389468234 9 3
446.07979052470068 126.12807169076272 6 1
152.08692825585558 88.65050589204354 12 0
198.02092141913889 156.98525251127722 9 3
204.76817805379844 19.628152322682233 4 2
439.87199208605136 77.226061696054956 3 4
175.9217207086792 91.461674462375399 12 0
213.68539617118793 73.361251219625416 9 3
134.59963829476882 92.916029285119023 6 1
206.42077606172467 137.73837115393962 12 0
151.42562584220406 32.784609690826528 12 0
186.20111709742264 143.40982523268528 9 3
403.45874218239999 101.88445617755235 6 1
177.72628401752513 22.211432093193995 4 2
161.29721274936927 160.22164080048412 3 4
287.37412734261886 107.44996639436133 12 0
189.23657242294871 125.66761536562714 9 3
296.74664962838125 122.8173287575936 6 1
206.51945332897671 113.7385740131943 12 0
223.70365696775266 125.80932980150678 9 3
395.15008380133781 96.319728339930322 4 2
129.65170107941546 130.96467754308043 3 4
229.06280473667081 105.50466198371424 12 0
211.87860109789486 93.433906195401761 9 3
174.18972718310698 31.565188865578563 6 1
166.43886787849516 69.414554419134589 12 0
194.79064490428323 169.57752449204273 4 2
256.70504543056609 74.353829072479584 12 0
197.34471409467122 80.909900719648945 9 3
224.15806586558361 140.80244530675026 6 1
412.2698725709526 103.71857211607008 3 4
235.78023387396678 72.578368196873356 9 3
179.49897467368731 109.10262835012857 6 1
235.42432615152941 120.1856376082528 4 2
184.83072219494471 72.639471061307162 6 1
336.38941121192141 123.95611454139456 3 4
175.63437019266527 118.32568815722428 4 2
178.9850382563111 45.778034875833015 9 3
189.79206323313392 102.93397145357568 6 1
218.44862113662504 28.120452065796343 3 4
165.80326892698974 149.96599548911595 4 2
230.28480820985021 161.03403871678825 6 1
225.78280883320278 87.806028508972958 6 1
167.75867933992131 39.222970766276511 4 2
405.31872771989799 80.777989044873678 3 4
274.32399546918833 70.669728159565693 6 1
345.06882970256055 149.78629996659677 4 2
274.39555959527155 85.669557444456174 9 3
190.89283859374379 44.293349345547931 3 4
237.63598458750661 89.677451640598719 6 1
259.13370336189359 95.212918713511385 9 3
164.25047050455314 48.587396577154855 6 1
207.87942178747849 26.998373651084563 4 2
357.75502429817152 116.3259142852306 3 4
132.49239415240214 116.31562121814137 4 2
352.95259285436168 112.72915849319986 3 4
148.50967429084747 71.00955200429037 6 1
438.68295333417024 132.85761844940743 4 2
269.5910585821577 120.46961153809121 6 1
206.36244409053393 33.832024115292747 3 4
126.14535675679781 108.58806556976198 6 1
399.52793659187267 71.201573181431641 4 2
268.98186691642542 108.48508461733199 6 1
383.40715637168466 91.114412052650621 4 2
170.90340851182049 54.648618885522822 3 4
108.45105748739437 116.41450515312512 4 2
400.79976174100352 64.318081277605629 3 4
285.00487477732963 125.29335851250607 6 1
200.15793191411811 99.057598388655734 4 2
315.95618430370251 129.09311248986961 6 1
21.651498315450915 124.80465337475198 3 4
114.82226664506008 107.15869709348974 4 2
25.182065589450573 103.51386452411663 3 4
321.50931893912394 154.58168631089299 6 1
243.19003695005233 97.993249999992727 4 2
224.46572304864048 68.090145793315443 3 4
311.509357640514 154.55386498267586 4 2
314.33605527921321 144.96169210791115 6 1
274.67688940857789 129.07974073602048 4 2
67.872662544757247 124.85681122913633 3 4
331.50358877775631 154.92016879582158 4 2
464.7617244005591 75.672367847638313 3 4
271.73822393392311 98.395065968005468 4 2
279.87253656806763 63.583566174820554 3 4
338.45933834946152 158.87207313369751 4 2
479.27121993163354 164.67851859229677 3 4
248.32791465261229 87.98554502935967 4 2
245.37811200086261 151.44600202421032 3 4
395.71436280521141 49.766920223400355 4 2
238.46437977494801 152.54158712284476 4 2
244.06628456012777 82.432301926916708 3 4
173.69445725547075 148.65102523681176 4 2
131.56921938165306 179 3 4
231.29855145526761 148.98477612240259 4 2
127.08195415204528 175.01697969385631 3 4
181.87624256602803 63.085882723812382 4 2
281.54967661132571 76.035315921606326 3 4
97.369947918726126 55.963384103425057 4 2
283.31645279448674 70.301338077333213 3 4
351.15871146374178 89.475680605439109 4 2
417.72239475666748 156.2896944291746 3 4
30.791778743650166 117.60872758488175 4 2
306.16612153018156 127.05481150853274 4 2
440.26416310054702 144.80286006526561 3 4
99.915043933968278 65.597774041305101 4 2
358.80359534441544 172.07081029260249 3 4
307.80443465193559 134.88526041744521 4 2
352.80441410089725 172.16992844139344 3 4
191.8329825198804 93.144454179216027 4 2
106.83884490724486 66.627812915549299 3 4
293.06966745773707 93.573337740503092 3 4
112.28041355838954 69.155525441704015 3 4
286.38991817535003 91.480265948984652 4 2
206.90551359692918 184.26842626665626 3 4
379.38299054742896 97.901637873736092 3 4
152.82690201004019 63.1126193832891 3 4
156.301460428246 57.035823862747442 4 2
56.636669088593386 96.648989880647321 3 4
142.16931090069971 77.397023497837239 3 4
56.592829664117254 103.64885260107702 4 2
176.20806524746462 57.452298060639933 3 4
455.74369472555793 128.4663276328223 3 4
61.186416490354524 110.19858237182477 4 2
27.344895153900353 109.11048567219714 3 4
54.18645645399144 110.22223589840488 3 4
35.583268938994024 41.284976320491374 3 4
165.219854476264 26.892304845413264 3 4
348.89983637399064 102.6945576031148 3 4
460.24177520091456 71.72647641063287 3 4
342.96146972450714 28.120452065796339 3 4
450.62304138331086 69.163793903940544 3 4
191.52018676271186 113.88690632299189 3 4
71.972673323887477 38.196214690320957 3 4
455.46784502189013 65.624319691065253 3 4
348.95590675512852 27.862140846691986 3 4
