550 250 50 0
450 250 50 0
48 252 48 1
554 46 46 2
44 44 44 3
137.79977728257461 258 42 4
468.20955764189114 40 40 5
125.78019320104349 38 38 6
36 168.86156123669389 36 7
566 125.09487973314076 34 8
100.17258923779062 191.35331062436489 32 9
515.08996760610137 101.76745806566551 22 14
501.01020514433645 288 12 19
229.4512911816914 250 50 0
352.02041028867291 252 48 1
500 180.02857726185641 36 7
397.94977048690095 184.0699339630718 34 8
171.41179508186354 192.07403956361131 32 9
398.92752533913603 30 30 10
578 183.66750419289201 22 14
349.93773048347248 20 20 15
85.952353926806069 10 10 20
242.28244841984974 150.82660939581797 50 0
411.78741164197834 104.90409417567218 46 2
95.595401751140301 115.49126903100905 44 3
302.60909221867553 28 28 11
292.63010082162907 207.75739103132341 26 12
24 108.99230723708769 24 13
293.23265646187662 282 18 16
448.15386213989603 184.02582493883315 16 17
592 292 8 21
212.95817207185695 50 50 0
357.42346960998896 61.32751758489421 22 14
133.36606653465938 159.50691263428982 14 18
594 6 6 22
330.13614082143124 155.89895908883949 38 6
300.50562114094987 90.278594083266682 34 8
401.01020514433645 288 12 19
10 208.1821953995867 10 20
581.12931993250106 4 4 23
154.44502410607171 88.421498085500573 20 15
8 292 8 21
455.63037472160613 152.91149127064205 16 17
265.94848665902879 12 12 19
511.10477882094557 10 10 20
6 6 6 22
587.07179676972453 2 2 24
521.12967681639611 135.22671556871063 12 19
592 84.366652186501753 8 21
17.467001677156802 4 4 23
91.817804600413297 290 10 20
168.13088455127084 134.16691024355049 26 12
480.9856591660818 127.35548315631149 20 15
291.30437070780761 245.73425819628721 12 19
6 76.496153618543843 6 22
429.91139210879538 8 8 21
184.72993163169559 290 10 20
164.76737058027933 10 10 20
505.64676547030621 70.040896624635849 8 21
594 215.35898384862244 6 22
70.532998322843198 4 4 23
414.4194587239657 2 2 24
371.84663278367913 6 6 22
596 18.870680067498927 4 23
546.65184696048766 190.09349057720019 10 20
470.77694668442069 93.938933188415007 14 18
357.76857649563027 196.29579382795953 8 21
573.18332609325091 2 2 24
318.07928479171864 294 6 22
75.712812921102028 296 4 23
272.44804677105009 294 6 22
489.79199441253189 82.874216296525987 8 21
547.76223075254143 168.12153008582973 12 19
256.56434876928347 92.55116583329459 10 20
4 17.467001677156802 4 23
67.59591794226543 298 2 24
6 132.99230723708769 6 22
247.59918822323451 6 6 22
526.87068006749894 4 4 23
2 62.761663039293722 2 24
594 160.6892536067399 6 22
20.287187078897965 296 4 23
348.27771849440512 105.03754778778085 16 17
196.51688760445285 112.0256629736982 10 20
