2023-03-03 10:21:28.617890 === Run started with name=forest05 count=1000 start=0.36 end=0.365.
	b:0.823852 weight:0.36250500 saved at forest05/forest05.w0.36250500.txt
2023-03-03 10:31:34.053925 === Run ended (count=1000 start=0.36 end=0.365)
2023-03-04 14:41:26.375229 === Run started ===
== script=parallel-v1 solver=solver.vs7.non-det threads=20
== name=forest05 count=30000 start=0.2 end=0.8
-> b:0.823753 weight:0.28714000 saved at forest05/forest05.w0.28714000.txt
== Runtime of 4:06:15.340553 [H:M:S] for 30000 runs
==          0.49251135176666666 seconds/run
2023-03-04 18:47:41.715782 === Run ended ===
2023-03-06 06:36:21.797424 === Run started ===
== script=parallel-v2 solver=solver.vs8.randomSeed threads=20
== name=forest05 total_sample_size=20000 seed_start=1 seed_end=20000 weight_start=0.28714 weight_end=0.28714
-> b:0.823327 weight:0.28714000 seed:1009054.0 not saved!
== Runtime of 9:24:42.398051 [H:M:S] for 20000 runs
==          1.6941199025499998 seconds/run
2023-03-06 16:01:04.195475 === Run ended ===
2023-03-06 16:29:45.857074 === Run started ===
== script=parallel-v2 solver=solver.vs8.randomSeed threads=20
== name=forest05 total_sample_size=20000 seed_start=20001 seed_end=20011 weight_start=0.2871 weight_end=0.38
