2023-03-02 19:08:49.721611 === Run started with name=forest04 count=100 start=0.2 end=1.0.
	b:0.821938 weight:0.36000000 saved at forest04/forest04.w0.36000000.txt
2023-03-02 19:10:58.688484 === Run ended (count=100 start=0.2 end=1.0)
2023-03-02 19:13:38.566902 === Run started with name=forest04 count=10000 start=0.3 end=0.5.
	b:0.823686 weight:0.36250000 saved at forest04/forest04.w0.36250000.txt
2023-03-02 22:10:00.170569 === Run ended (count=10000 start=0.3 end=0.5)
2023-03-03 07:55:48.908868 === Run started with name=forest04 count=60000 start=0.39 end=0.41.
	b:0.823358 weight:0.39105233 saved at forest04/forest04.w0.39105233.txt
2023-03-03 23:47:58.377270 === Run ended (count=60000 start=0.39 end=0.41)
2023-03-04 10:47:14.553476 === Run started with name=forest04 count=60000 start=0.2 end=0.5.
2023-03-04 10:48:56.691420 === Run started ===
== script=parallel-v1 solver=solver.vs7.non-det threads=20
== name=forest04 count=60024 start=0.2 end=0.5
-> b:0.824 weight:0.33835366 saved at forest04/forest04.w0.33835366.txt
== Runtime of 6:54:24.537168 [H:M:S] for 60024 runs
==          0.4142432554978009 seconds/run
2023-03-04 17:43:21.228588 === Run ended ===
2023-03-05 22:42:05.814446 === Run started ===
== script=parallel-v2 solver=solver.vs8.randomSeed threads=20
== name=forest04 total_sample_size=120000 seed_start=1 seed_end=100 weight_start=0.325 weight_end=0.395
2023-03-05 22:43:46.427253 === Run started ===
== script=parallel-v2 solver=solver.vs8.randomSeed threads=20
== name=forest04 total_sample_size=120000 seed_start=1 seed_end=100 weight_start=0.325 weight_end=0.395
2023-03-05 23:17:25.183694 === Run started ===
== script=parallel-v2 solver=solver.vs8.randomSeed threads=20
== name=forest04 total_sample_size=12000 seed_start=101 seed_end=200 weight_start=0.325 weight_end=0.395
2023-03-05 23:54:09.523600 === Run started ===
== script=parallel-v2 solver=solver.vs8.randomSeed threads=20
== name=forest04 total_sample_size=12000 seed_start=101 seed_end=200 weight_start=0.325 weight_end=0.395
2023-03-05 23:54:20.403604 === Run started ===
== script=parallel-v2 solver=solver.vs8.randomSeed threads=20
== name=forest04 total_sample_size=12000 seed_start=1 seed_end=200 weight_start=0.325 weight_end=0.395
2023-03-05 23:55:16.723965 === Run started ===
== script=parallel-v2 solver=solver.vs8.randomSeed threads=20
== name=forest04 total_sample_size=12000 seed_start=101 seed_end=200 weight_start=0.325 weight_end=0.395
-> b:0.824359 weight:0.38041667 seed:1000197.0 not saved!
== Runtime of 4:00:25.917765 [H:M:S] for 12000 runs
==          1.20215981375 seconds/run
2023-03-06 03:55:42.641730 === Run ended ===
2023-03-06 06:42:42.083436 === Run started ===
== script=parallel-v2 solver=solver.vs8.randomSeed threads=20
== name=forest04 total_sample_size=12000 seed_start=201 seed_end=12200 weight_start=0.38041667 weight_end=0.38041667
-> b:0.824123 weight:0.38041667 seed:1005302.0 not saved!
== Runtime of 5:59:36.755553 [H:M:S] for 12000 runs
==          1.79806296275 seconds/run
2023-03-06 12:42:18.838989 === Run ended ===
2023-03-06 15:02:26.935316 === Run started ===
== script=parallel-v2 solver=solver.vs8.randomSeed threads=20
== name=forest04 total_sample_size=12000 seed_start=12201 seed_end=18000 weight_start=0.3804 weight_end=0.38042
