2023-03-03 14:16:36.748164 === Run started ===
== script=parallel-v1 solver=solver.vs7.non-det threads=20
== name=forest02 count=10 start=0.0 end=1.0
-> b:0.688625 weight:0.20000000 saved at forest02/forest02.w0.20000000.txt
== Runtime of 0:00:10.365496 [H:M:S] for 10 runs
==          1.0365496 seconds/run
2023-03-03 14:16:47.113660 === Run ended ===
2023-03-03 14:22:26.086143 === Run started ===
== script=parallel-v1 solver=solver.vs7.non-det threads=20
== name=forest02 count=100 start=0.01 end=1.98
-> b:0.689201 weight:0.14790000 saved at forest02/forest02.w0.14790000.txt
== Runtime of 0:00:38.201175 [H:M:S] for 100 runs
==          0.38201175 seconds/run
2023-03-03 14:23:04.287318 === Run ended ===
2023-03-03 14:26:03.210334 === Run started ===
== script=parallel-v1 solver=solver.vs7.non-det threads=20
== name=forest02 count=10000 start=0.09485 end=0.19485
-> b:0.690681 weight:0.17543000 saved at forest02/forest02.w0.17543000.txt
== Runtime of 0:53:19.410338 [H:M:S] for 10000 runs
==          0.3199410338 seconds/run
2023-03-03 15:19:22.620672 === Run ended ===
2023-03-03 17:02:48.447350 === Run started ===
== script=parallel-v1 solver=solver.vs7.non-det threads=20
== name=forest02 count=20000 start=0.1897 end=0.28455
-> b:0.690535 weight:0.20509890 saved at forest02/forest02.w0.20509890.txt
== Runtime of 2:05:51.173915 [H:M:S] for 20000 runs
==          0.37755869575 seconds/run
2023-03-03 19:08:39.621265 === Run ended ===
