2023-03-05 22:49:09.914274 === Run started ===
== script=parallel-v2 solver=solver.vs8.randomSeed threads=20
== name=forest10 total_sample_size=1000 seed_start=1 seed_end=10 weight_start=0.22 weight_end=0.23
-> b:0.90496 weight:0.22509091 seed:1000004.0 not saved!
== Runtime of 4:21:27.176171 [H:M:S] for 1000 runs
==          15.687176170999999 seconds/run
2023-03-06 03:10:37.090445 === Run ended ===
2023-03-06 11:25:00.748629 === Run started ===
== script=parallel-v2 solver=solver.vs8.randomSeed threads=20
== name=forest10 total_sample_size=1000 seed_start=10 seed_end=1010 weight_start=0.2209553333333287 weight_end=0.2209553333333287
-> b:0.904633 weight:0.22095533 seed:1000813.0 not saved!
== Runtime of 3:14:48.985559 [H:M:S] for 1000 runs
==          11.688985559 seconds/run
2023-03-06 14:39:49.734188 === Run ended ===
2023-03-06 15:36:25.953039 === Run started ===
== script=parallel-v2 solver=solver.vs8.randomSeed threads=20
== name=forest10 total_sample_size=10000 seed_start=1011 seed_end=1100 weight_start=0.22 weight_end=0.23
2023-03-06 20:54:18.135828 === Run started ===
== script=parallel-v2 solver=solver.vs8.randomSeed threads=20
== name=forest10 total_sample_size=1000 seed_start=1101 seed_end=1120 weight_start=0.22 weight_end=0.23
